2023-12-08 13:22:24.803 [info] Log level: Info
2023-12-08 13:22:24.803 [info] Validating found git in: "git"
2023-12-08 13:22:24.803 [info] Using git "2.42.0" from "git"
2023-12-08 13:22:24.803 [info] > git rev-parse --show-toplevel [5ms]
2023-12-08 13:22:24.803 [info] > git rev-parse --git-dir --git-common-dir [15ms]
2023-12-08 13:22:24.803 [info] Open repository: /home/martin/.dots
2023-12-08 13:22:24.817 [info] > git rev-parse --show-toplevel [2ms]
2023-12-08 13:22:24.821 [info] > git config --get commit.template [8ms]
2023-12-08 13:22:24.839 [info] > git rev-parse --show-toplevel [9ms]
2023-12-08 13:22:24.856 [info] > git for-each-ref --format=%(refname)%00%(upstream:short)%00%(objectname)%00%(upstream:track)%00%(upstream:remotename)%00%(upstream:remoteref) refs/heads/main refs/remotes/main [18ms]
2023-12-08 13:22:24.864 [info] > git rev-parse --show-toplevel [15ms]
2023-12-08 13:22:24.871 [info] > git status -z -uall [7ms]
2023-12-08 13:22:24.881 [info] > git rev-parse --show-toplevel [11ms]
2023-12-08 13:22:24.890 [info] > git config --get commit.template [8ms]
2023-12-08 13:22:24.891 [info] > git rev-parse --show-toplevel [2ms]
2023-12-08 13:22:24.905 [info] > git rev-parse --show-toplevel [2ms]
2023-12-08 13:22:24.906 [info] > git for-each-ref --format=%(refname)%00%(upstream:short)%00%(objectname)%00%(upstream:track)%00%(upstream:remotename)%00%(upstream:remoteref) refs/heads/main refs/remotes/main [8ms]
2023-12-08 13:22:24.920 [info] > git status -z -uall [10ms]
2023-12-08 13:22:24.924 [info] > git rev-parse --show-toplevel [4ms]
2023-12-08 13:22:24.948 [info] > git rev-parse --show-toplevel [14ms]
2023-12-08 13:22:24.962 [info] > git rev-parse --show-toplevel [2ms]
2023-12-08 13:22:24.968 [info] > git rev-parse --show-toplevel [2ms]
