2023-12-09 22:47:29.157 [info] Log level: Info
2023-12-09 22:47:29.157 [info] Validating found git in: "git"
2023-12-09 22:47:29.157 [info] Using git "2.42.0" from "git"
2023-12-09 22:47:29.157 [info] > git rev-parse --show-toplevel [4ms]
2023-12-09 22:47:29.157 [info] > git rev-parse --git-dir --git-common-dir [1ms]
2023-12-09 22:47:29.157 [info] Open repository: /home/martin/.dots
2023-12-09 22:47:29.157 [info] > git rev-parse --show-toplevel [3ms]
2023-12-09 22:47:29.157 [info] > git config --get commit.template [9ms]
2023-12-09 22:47:29.157 [info] > git rev-parse --show-toplevel [8ms]
2023-12-09 22:47:29.157 [info] > git for-each-ref --format=%(refname)%00%(upstream:short)%00%(objectname)%00%(upstream:track)%00%(upstream:remotename)%00%(upstream:remoteref) refs/heads/main refs/remotes/main [18ms]
2023-12-09 22:47:29.157 [info] > git rev-parse --show-toplevel [11ms]
2023-12-09 22:47:29.157 [info] > git status -z -uall [16ms]
2023-12-09 22:47:29.157 [info] > git rev-parse --show-toplevel [10ms]
2023-12-09 22:47:29.160 [info] > git rev-parse --show-toplevel [5ms]
2023-12-09 22:47:29.161 [info] > git config --get commit.template [13ms]
2023-12-09 22:47:29.209 [info] > git for-each-ref --format=%(refname)%00%(upstream:short)%00%(objectname)%00%(upstream:track)%00%(upstream:remotename)%00%(upstream:remoteref) refs/heads/main refs/remotes/main [33ms]
2023-12-09 22:47:29.215 [info] > git rev-parse --show-toplevel [45ms]
2023-12-09 22:47:29.242 [info] > git status -z -uall [28ms]
2023-12-09 22:47:29.248 [info] > git rev-parse --show-toplevel [7ms]
2023-12-09 22:47:29.259 [info] > git rev-parse --show-toplevel [3ms]
2023-12-09 22:47:29.269 [info] > git rev-parse --show-toplevel [3ms]
2023-12-09 22:47:29.719 [info] > git check-ignore -v -z --stdin [2ms]
2023-12-09 22:47:29.836 [info] > git show --textconv :hypr/KeyBinds.conf [7ms]
2023-12-09 22:47:29.838 [info] > git ls-files --stage -- /home/martin/.dots/hypr/KeyBinds.conf [3ms]
2023-12-09 22:47:29.847 [info] > git cat-file -s 870064a0bfe947a7ccf3eee2b7cfc3d12b80ecca [2ms]
