2023-12-10 18:17:33.463 [info] Added extensions to default profile from external source ["pkief.material-product-icons","jnoortheen.nix-ide","piousdeer.adwaita-theme","bbenoist.nix"]
2023-12-10 18:17:33.524 [error] [uncaught exception in sharedProcess]: Error: ENOENT: no such file or directory, stat '/home/martin/.vscode/extensions/extensions.json.vsctmp': EntryNotFound (FileSystemError): Error: ENOENT: no such file or directory, stat '/home/martin/.vscode/extensions/extensions.json.vsctmp'
    at r.create (/nix/store/h44yybwk50qmdfnf09rwkmapr7x0pjda-vscode-1.84.2/lib/vscode/resources/app/out/vs/code/node/sharedProcess/sharedProcessMain.js:51:30053)
    at a (/nix/store/h44yybwk50qmdfnf09rwkmapr7x0pjda-vscode-1.84.2/lib/vscode/resources/app/out/vs/code/node/sharedProcess/sharedProcessMain.js:51:30167)
    at s.fb (/nix/store/h44yybwk50qmdfnf09rwkmapr7x0pjda-vscode-1.84.2/lib/vscode/resources/app/out/vs/code/node/sharedProcess/sharedProcessMain.js:56:36175)
    at s.stat (/nix/store/h44yybwk50qmdfnf09rwkmapr7x0pjda-vscode-1.84.2/lib/vscode/resources/app/out/vs/code/node/sharedProcess/sharedProcessMain.js:56:28621)
    at async E.stat (/nix/store/h44yybwk50qmdfnf09rwkmapr7x0pjda-vscode-1.84.2/lib/vscode/resources/app/out/vs/code/node/sharedProcess/sharedProcessMain.js:56:15732)
    at async K.tb (/nix/store/h44yybwk50qmdfnf09rwkmapr7x0pjda-vscode-1.84.2/lib/vscode/resources/app/out/vs/code/node/sharedProcess/sharedProcessMain.js:109:9535)
2023-12-10 18:17:33.639 [info] Extensions removed from another source bbenoist.nix vscode-userdata:/home/martin/.vscode/extensions/extensions.json
2023-12-10 18:17:33.640 [info] Extensions removed from another source jnoortheen.nix-ide vscode-userdata:/home/martin/.vscode/extensions/extensions.json
2023-12-10 18:17:33.640 [info] Extensions removed from another source piousdeer.adwaita-theme vscode-userdata:/home/martin/.vscode/extensions/extensions.json
2023-12-10 18:17:33.640 [info] Extensions removed from another source pkief.material-icon-theme vscode-userdata:/home/martin/.vscode/extensions/extensions.json
2023-12-10 18:17:33.640 [info] Extensions removed from another source pkief.material-product-icons vscode-userdata:/home/martin/.vscode/extensions/extensions.json
2023-12-10 18:17:33.665 [info] Started initializing default profile extensions in extensions installation folder. file:///home/martin/.vscode/extensions
2023-12-10 18:17:34.051 [info] Completed initializing default profile extensions in extensions installation folder. file:///home/martin/.vscode/extensions
2023-12-10 18:17:34.067 [error] [uncaught exception in sharedProcess]: Error: ENOENT: no such file or directory, stat '/home/martin/.vscode/extensions/extensions.json.vsctmp': EntryNotFound (FileSystemError): Error: ENOENT: no such file or directory, stat '/home/martin/.vscode/extensions/extensions.json.vsctmp'
    at r.create (/nix/store/h44yybwk50qmdfnf09rwkmapr7x0pjda-vscode-1.84.2/lib/vscode/resources/app/out/vs/code/node/sharedProcess/sharedProcessMain.js:51:30053)
    at a (/nix/store/h44yybwk50qmdfnf09rwkmapr7x0pjda-vscode-1.84.2/lib/vscode/resources/app/out/vs/code/node/sharedProcess/sharedProcessMain.js:51:30167)
    at s.fb (/nix/store/h44yybwk50qmdfnf09rwkmapr7x0pjda-vscode-1.84.2/lib/vscode/resources/app/out/vs/code/node/sharedProcess/sharedProcessMain.js:56:36175)
    at s.stat (/nix/store/h44yybwk50qmdfnf09rwkmapr7x0pjda-vscode-1.84.2/lib/vscode/resources/app/out/vs/code/node/sharedProcess/sharedProcessMain.js:56:28621)
    at async E.stat (/nix/store/h44yybwk50qmdfnf09rwkmapr7x0pjda-vscode-1.84.2/lib/vscode/resources/app/out/vs/code/node/sharedProcess/sharedProcessMain.js:56:15732)
    at async K.tb (/nix/store/h44yybwk50qmdfnf09rwkmapr7x0pjda-vscode-1.84.2/lib/vscode/resources/app/out/vs/code/node/sharedProcess/sharedProcessMain.js:109:9535)
2023-12-10 18:17:34.232 [info] Extensions added from another source pkief.material-product-icons vscode-userdata:/home/martin/.vscode/extensions/extensions.json
2023-12-10 18:17:34.232 [info] Extensions added from another source bbenoist.nix vscode-userdata:/home/martin/.vscode/extensions/extensions.json
2023-12-10 18:17:34.233 [info] Extensions added from another source jnoortheen.nix-ide vscode-userdata:/home/martin/.vscode/extensions/extensions.json
2023-12-10 18:17:34.233 [info] Extensions added from another source piousdeer.adwaita-theme vscode-userdata:/home/martin/.vscode/extensions/extensions.json
2023-12-10 18:17:34.233 [info] Extensions added from another source pkief.material-icon-theme vscode-userdata:/home/martin/.vscode/extensions/extensions.json
2023-12-10 18:17:42.665 [error] [uncaught exception in sharedProcess]: Error: ENOENT: no such file or directory, stat '/home/martin/.vscode/extensions/extensions.json.vsctmp': EntryNotFound (FileSystemError): Error: ENOENT: no such file or directory, stat '/home/martin/.vscode/extensions/extensions.json.vsctmp'
    at r.create (/nix/store/h44yybwk50qmdfnf09rwkmapr7x0pjda-vscode-1.84.2/lib/vscode/resources/app/out/vs/code/node/sharedProcess/sharedProcessMain.js:51:30053)
    at a (/nix/store/h44yybwk50qmdfnf09rwkmapr7x0pjda-vscode-1.84.2/lib/vscode/resources/app/out/vs/code/node/sharedProcess/sharedProcessMain.js:51:30167)
    at s.fb (/nix/store/h44yybwk50qmdfnf09rwkmapr7x0pjda-vscode-1.84.2/lib/vscode/resources/app/out/vs/code/node/sharedProcess/sharedProcessMain.js:56:36175)
    at s.stat (/nix/store/h44yybwk50qmdfnf09rwkmapr7x0pjda-vscode-1.84.2/lib/vscode/resources/app/out/vs/code/node/sharedProcess/sharedProcessMain.js:56:28621)
    at async E.stat (/nix/store/h44yybwk50qmdfnf09rwkmapr7x0pjda-vscode-1.84.2/lib/vscode/resources/app/out/vs/code/node/sharedProcess/sharedProcessMain.js:56:15732)
    at async K.tb (/nix/store/h44yybwk50qmdfnf09rwkmapr7x0pjda-vscode-1.84.2/lib/vscode/resources/app/out/vs/code/node/sharedProcess/sharedProcessMain.js:109:9535)
2023-12-10 18:17:43.609 [info] Getting Manifest... pkief.material-product-icons
2023-12-10 18:17:43.702 [info] Installing extension: pkief.material-product-icons
2023-12-10 18:17:44.134 [warning] Extension signature verification failed with error 'EACCES': pkief.material-product-icons
2023-12-10 18:17:44.159 [info] Extracted extension to file:///home/martin/.vscode/extensions/pkief.material-product-icons-1.7.0: pkief.material-product-icons
2023-12-10 18:17:44.164 [info] Renamed to /home/martin/.vscode/extensions/pkief.material-product-icons-1.7.0
2023-12-10 18:17:44.166 [info] Extracting extension completed. pkief.material-product-icons
2023-12-10 18:17:44.177 [info] Extension installed successfully: pkief.material-product-icons
2023-12-10 18:17:44.182 [info] Marked extension as uninstalled pkief.material-product-icons-1.5.0
2023-12-10 18:17:44.247 [error] [uncaught exception in sharedProcess]: Error: ENOENT: no such file or directory, stat '/home/martin/.vscode/extensions/extensions.json.vsctmp': EntryNotFound (FileSystemError): Error: ENOENT: no such file or directory, stat '/home/martin/.vscode/extensions/extensions.json.vsctmp'
    at r.create (/nix/store/h44yybwk50qmdfnf09rwkmapr7x0pjda-vscode-1.84.2/lib/vscode/resources/app/out/vs/code/node/sharedProcess/sharedProcessMain.js:51:30053)
    at a (/nix/store/h44yybwk50qmdfnf09rwkmapr7x0pjda-vscode-1.84.2/lib/vscode/resources/app/out/vs/code/node/sharedProcess/sharedProcessMain.js:51:30167)
    at s.fb (/nix/store/h44yybwk50qmdfnf09rwkmapr7x0pjda-vscode-1.84.2/lib/vscode/resources/app/out/vs/code/node/sharedProcess/sharedProcessMain.js:56:36175)
    at s.stat (/nix/store/h44yybwk50qmdfnf09rwkmapr7x0pjda-vscode-1.84.2/lib/vscode/resources/app/out/vs/code/node/sharedProcess/sharedProcessMain.js:56:28621)
    at async E.stat (/nix/store/h44yybwk50qmdfnf09rwkmapr7x0pjda-vscode-1.84.2/lib/vscode/resources/app/out/vs/code/node/sharedProcess/sharedProcessMain.js:56:15732)
    at async K.tb (/nix/store/h44yybwk50qmdfnf09rwkmapr7x0pjda-vscode-1.84.2/lib/vscode/resources/app/out/vs/code/node/sharedProcess/sharedProcessMain.js:109:9535)
