2023-12-10 11:01:29.093 [info] Log level: Info
2023-12-10 11:01:29.093 [info] Validating found git in: "git"
2023-12-10 11:01:29.093 [info] Using git "2.42.0" from "git"
2023-12-10 11:01:38.925 [info] Log level: Info
2023-12-10 11:01:38.925 [info] Validating found git in: "git"
2023-12-10 11:01:38.925 [info] Using git "2.42.0" from "git"
2023-12-10 11:01:38.925 [info] > git rev-parse --show-toplevel [8ms]
2023-12-10 11:01:38.952 [info] > git rev-parse --git-dir --git-common-dir [11ms]
2023-12-10 11:01:38.991 [info] Open repository: /home/martin/.dots
2023-12-10 11:01:39.087 [info] > git rev-parse --show-toplevel [18ms]
2023-12-10 11:01:39.088 [info] > git config --get commit.template [32ms]
2023-12-10 11:01:39.151 [info] > git rev-parse --show-toplevel [45ms]
2023-12-10 11:01:39.165 [info] > git for-each-ref --format=%(refname)%00%(upstream:short)%00%(objectname)%00%(upstream:track)%00%(upstream:remotename)%00%(upstream:remoteref) refs/heads/main refs/remotes/main [18ms]
2023-12-10 11:01:39.178 [info] > git rev-parse --show-toplevel [13ms]
2023-12-10 11:01:39.187 [info] > git status -z -uall [11ms]
2023-12-10 11:01:39.214 [info] > git rev-parse --show-toplevel [28ms]
2023-12-10 11:01:39.221 [info] > git config --get commit.template [8ms]
2023-12-10 11:01:39.230 [info] > git rev-parse --show-toplevel [10ms]
2023-12-10 11:01:39.238 [info] > git for-each-ref --format=%(refname)%00%(upstream:short)%00%(objectname)%00%(upstream:track)%00%(upstream:remotename)%00%(upstream:remoteref) refs/heads/main refs/remotes/main [9ms]
2023-12-10 11:01:39.254 [info] > git rev-parse --show-toplevel [16ms]
2023-12-10 11:01:39.266 [info] > git status -z -uall [13ms]
2023-12-10 11:01:39.266 [info] > git rev-parse --show-toplevel [1ms]
2023-12-10 11:01:39.282 [info] > git rev-parse --show-toplevel [2ms]
2023-12-10 11:01:39.295 [info] > git rev-parse --show-toplevel [5ms]
2023-12-10 11:01:39.563 [info] > git check-ignore -v -z --stdin [2ms]
2023-12-10 11:01:40.202 [info] > git show --textconv :nixos/workstations/desktop/ags/js/quicksettings/widgets/Network.js [11ms]
2023-12-10 11:01:40.203 [info] > git ls-files --stage -- /home/martin/.dots/nixos/workstations/desktop/ags/js/quicksettings/widgets/Network.js [3ms]
2023-12-10 11:01:40.216 [info] > git cat-file -s cf32d0e144213b144661c293abe5f7dbe88c6cf6 [4ms]
2023-12-10 11:01:43.442 [info] > git check-ignore -v -z --stdin [1ms]
2023-12-10 11:01:45.782 [info] > git check-ignore -v -z --stdin [1ms]
2023-12-10 11:01:46.416 [info] > git check-ignore -v -z --stdin [1ms]
2023-12-10 11:01:47.415 [info] > git check-ignore -v -z --stdin [1ms]
2023-12-10 11:01:52.537 [info] > git check-ignore -v -z --stdin [2ms]
2023-12-10 11:01:53.440 [info] > git check-ignore -v -z --stdin [2ms]
2023-12-10 11:01:54.566 [info] > git show --textconv :nixos/workstations/desktop/ags/js/bar/TopBar.js [8ms]
2023-12-10 11:01:54.567 [info] > git ls-files --stage -- /home/martin/.dots/nixos/workstations/desktop/ags/js/bar/TopBar.js [2ms]
2023-12-10 11:01:54.575 [info] > git cat-file -s 962d2c817cf5a28111e5a008bad603e86c6a21db [2ms]
