2023-12-07 15:55:39.612 [info] Log level: Info
2023-12-07 15:55:39.612 [info] Validating found git in: "git"
2023-12-07 15:55:39.612 [info] Using git "2.42.0" from "git"
2023-12-07 15:55:39.612 [info] > git rev-parse --show-toplevel [9ms]
2023-12-07 15:55:39.612 [info] > git rev-parse --git-dir --git-common-dir [4ms]
2023-12-07 15:55:39.612 [info] Open repository: /home/martin/.dots
2023-12-07 15:55:39.680 [info] > git rev-parse --show-toplevel [47ms]
2023-12-07 15:55:39.681 [info] > git config --get commit.template [58ms]
2023-12-07 15:55:39.737 [info] > git rev-parse --show-toplevel [23ms]
2023-12-07 15:55:39.761 [info] > git for-each-ref --format=%(refname)%00%(upstream:short)%00%(objectname)%00%(upstream:track)%00%(upstream:remotename)%00%(upstream:remoteref) refs/heads/main refs/remotes/main [26ms]
2023-12-07 15:55:39.775 [info] > git status -z -uall [4ms]
2023-12-07 15:55:39.787 [info] > git rev-parse --show-toplevel [28ms]
2023-12-07 15:55:39.805 [info] > git config --get commit.template [9ms]
2023-12-07 15:55:39.808 [info] > git rev-parse --show-toplevel [5ms]
2023-12-07 15:55:39.827 [info] > git for-each-ref --format=%(refname)%00%(upstream:short)%00%(objectname)%00%(upstream:track)%00%(upstream:remotename)%00%(upstream:remoteref) refs/heads/main refs/remotes/main [9ms]
2023-12-07 15:55:39.837 [info] > git rev-parse --show-toplevel [12ms]
2023-12-07 15:55:39.849 [info] > git status -z -uall [13ms]
2023-12-07 15:55:39.855 [info] > git rev-parse --show-toplevel [8ms]
2023-12-07 15:55:39.864 [info] > git rev-parse --show-toplevel [2ms]
2023-12-07 15:55:39.876 [info] > git rev-parse --show-toplevel [2ms]
2023-12-07 15:55:39.888 [info] > git rev-parse --show-toplevel [3ms]
2023-12-07 15:55:39.897 [info] > git rev-parse --show-toplevel [2ms]
2023-12-07 15:55:39.930 [info] > git rev-parse --show-toplevel [25ms]
2023-12-07 15:55:40.195 [info] > git check-ignore -v -z --stdin [2ms]
2023-12-07 15:55:40.531 [info] > git show --textconv :nixos/nixos.nix [12ms]
2023-12-07 15:55:40.533 [info] > git ls-files --stage -- /home/martin/.dots/nixos/nixos.nix [3ms]
2023-12-07 15:55:40.544 [info] > git cat-file -s a1e5cf2b6b826946c973805b6d81be7371019068 [3ms]
2023-12-07 15:55:52.825 [info] > git config --get commit.template [27ms]
2023-12-07 15:55:52.827 [info] > git for-each-ref --format=%(refname)%00%(upstream:short)%00%(objectname)%00%(upstream:track)%00%(upstream:remotename)%00%(upstream:remoteref) refs/heads/main refs/remotes/main [6ms]
2023-12-07 15:55:52.858 [info] > git status -z -uall [7ms]
