2023-12-09 15:21:24.859 [info] Log level: Info
2023-12-09 15:21:24.859 [info] Validating found git in: "git"
2023-12-09 15:21:24.859 [info] Using git "2.42.0" from "git"
2023-12-09 15:21:24.859 [info] > git rev-parse --show-toplevel [6ms]
2023-12-09 15:21:24.859 [info] > git rev-parse --git-dir --git-common-dir [7ms]
2023-12-09 15:21:24.859 [info] Open repository: /home/martin/.dots
2023-12-09 15:21:24.860 [info] > git rev-parse --show-toplevel [2ms]
2023-12-09 15:21:24.861 [info] > git config --get commit.template [8ms]
2023-12-09 15:21:24.872 [info] > git rev-parse --show-toplevel [6ms]
2023-12-09 15:21:24.880 [info] > git for-each-ref --format=%(refname)%00%(upstream:short)%00%(objectname)%00%(upstream:track)%00%(upstream:remotename)%00%(upstream:remoteref) refs/heads/main refs/remotes/main [8ms]
2023-12-09 15:21:24.888 [info] > git rev-parse --show-toplevel [9ms]
2023-12-09 15:21:24.897 [info] > git status -z -uall [11ms]
2023-12-09 15:21:24.908 [info] > git rev-parse --show-toplevel [12ms]
2023-12-09 15:21:24.915 [info] > git config --get commit.template [7ms]
2023-12-09 15:21:24.915 [info] > git rev-parse --show-toplevel [1ms]
2023-12-09 15:21:24.926 [info] > git for-each-ref --format=%(refname)%00%(upstream:short)%00%(objectname)%00%(upstream:track)%00%(upstream:remotename)%00%(upstream:remoteref) refs/heads/main refs/remotes/main [5ms]
2023-12-09 15:21:24.943 [info] > git status -z -uall [13ms]
2023-12-09 15:21:24.946 [info] > git rev-parse --show-toplevel [21ms]
2023-12-09 15:21:24.960 [info] > git rev-parse --show-toplevel [3ms]
2023-12-09 15:21:24.970 [info] > git rev-parse --show-toplevel [1ms]
2023-12-09 15:21:25.018 [info] > git rev-parse --show-toplevel [44ms]
2023-12-09 15:21:25.037 [info] > git rev-parse --show-toplevel [1ms]
2023-12-09 15:21:25.405 [info] > git check-ignore -v -z --stdin [4ms]
2023-12-09 15:21:28.086 [info] > git config --get commit.template [12ms]
2023-12-09 15:21:28.087 [info] > git for-each-ref --format=%(refname)%00%(upstream:short)%00%(objectname)%00%(upstream:track)%00%(upstream:remotename)%00%(upstream:remoteref) refs/heads/main refs/remotes/main [2ms]
2023-12-09 15:21:28.099 [info] > git status -z -uall [4ms]
2023-12-09 15:21:33.152 [info] > git config --get commit.template [26ms]
2023-12-09 15:21:33.156 [info] > git for-each-ref --format=%(refname)%00%(upstream:short)%00%(objectname)%00%(upstream:track)%00%(upstream:remotename)%00%(upstream:remoteref) refs/heads/main refs/remotes/main [6ms]
2023-12-09 15:21:33.187 [info] > git status -z -uall [9ms]
2023-12-09 18:33:51.276 [info] > git config --get commit.template [10ms]
2023-12-09 18:33:51.277 [info] > git for-each-ref --format=%(refname)%00%(upstream:short)%00%(objectname)%00%(upstream:track)%00%(upstream:remotename)%00%(upstream:remoteref) refs/heads/main refs/remotes/main [3ms]
2023-12-09 18:33:51.290 [info] > git status -z -uall [4ms]
2023-12-09 18:33:56.344 [info] > git config --get commit.template [25ms]
2023-12-09 18:33:56.347 [info] > git for-each-ref --format=%(refname)%00%(upstream:short)%00%(objectname)%00%(upstream:track)%00%(upstream:remotename)%00%(upstream:remoteref) refs/heads/main refs/remotes/main [10ms]
2023-12-09 18:33:56.384 [info] > git status -z -uall [15ms]
2023-12-09 18:34:00.983 [info] > git log --oneline --cherry main...main@{upstream} -- [8ms]
2023-12-09 18:34:01.610 [info] > git pull --tags -r origin main [620ms]
2023-12-09 18:34:01.610 [info] From https://github.com/RoccoRakete/hyprland-dots
 * branch            main       -> FETCH_HEAD
   1203953..b92f4cd  main       -> origin/main
2023-12-09 18:34:01.620 [info] > git config --get commit.template [4ms]
2023-12-09 18:34:01.620 [info] > git for-each-ref --format=%(refname)%00%(upstream:short)%00%(objectname)%00%(upstream:track)%00%(upstream:remotename)%00%(upstream:remoteref) refs/heads/main refs/remotes/main [1ms]
2023-12-09 18:34:01.627 [info] > git status -z -uall [2ms]
2023-12-09 18:34:02.814 [info] > git config --get commit.template [24ms]
2023-12-09 18:34:02.817 [info] > git for-each-ref --format=%(refname)%00%(upstream:short)%00%(objectname)%00%(upstream:track)%00%(upstream:remotename)%00%(upstream:remoteref) refs/heads/main refs/remotes/main [5ms]
2023-12-09 18:34:02.846 [info] > git status -z -uall [10ms]
2023-12-09 18:34:07.270 [info] > git check-ignore -v -z --stdin [5ms]
2023-12-09 18:34:07.901 [info] > git config --get commit.template [22ms]
2023-12-09 18:34:07.904 [info] > git for-each-ref --format=%(refname)%00%(upstream:short)%00%(objectname)%00%(upstream:track)%00%(upstream:remotename)%00%(upstream:remoteref) refs/heads/main refs/remotes/main [6ms]
2023-12-09 18:34:07.930 [info] > git status -z -uall [8ms]
2023-12-09 18:34:09.593 [info] > git check-ignore -v -z --stdin [5ms]
2023-12-09 18:34:12.990 [info] > git config --get commit.template [24ms]
2023-12-09 18:34:12.993 [info] > git for-each-ref --format=%(refname)%00%(upstream:short)%00%(objectname)%00%(upstream:track)%00%(upstream:remotename)%00%(upstream:remoteref) refs/heads/main refs/remotes/main [6ms]
2023-12-09 18:34:13.023 [info] > git status -z -uall [10ms]
2023-12-09 18:34:13.992 [info] > git show --textconv :nixos/configs/variables.nix [7ms]
2023-12-09 18:34:13.993 [info] > git ls-files --stage -- /home/martin/.dots/nixos/configs/variables.nix [1ms]
2023-12-09 18:34:14.001 [info] > git cat-file -s e426e8b78ee1a696c7d8c15ceb497f723a864f50 [3ms]
2023-12-09 18:34:18.078 [info] > git config --get commit.template [23ms]
2023-12-09 18:34:18.080 [info] > git for-each-ref --format=%(refname)%00%(upstream:short)%00%(objectname)%00%(upstream:track)%00%(upstream:remotename)%00%(upstream:remoteref) refs/heads/main refs/remotes/main [5ms]
2023-12-09 18:34:18.106 [info] > git status -z -uall [8ms]
2023-12-09 18:34:23.157 [info] > git config --get commit.template [23ms]
2023-12-09 18:34:23.160 [info] > git for-each-ref --format=%(refname)%00%(upstream:short)%00%(objectname)%00%(upstream:track)%00%(upstream:remotename)%00%(upstream:remoteref) refs/heads/main refs/remotes/main [5ms]
2023-12-09 18:34:23.186 [info] > git status -z -uall [8ms]
2023-12-09 18:34:28.241 [info] > git config --get commit.template [25ms]
2023-12-09 18:34:28.244 [info] > git for-each-ref --format=%(refname)%00%(upstream:short)%00%(objectname)%00%(upstream:track)%00%(upstream:remotename)%00%(upstream:remoteref) refs/heads/main refs/remotes/main [5ms]
2023-12-09 18:34:28.269 [info] > git status -z -uall [8ms]
2023-12-09 18:34:32.100 [info] > git check-ignore -v -z --stdin [5ms]
2023-12-09 18:34:33.328 [info] > git config --get commit.template [25ms]
2023-12-09 18:34:33.333 [info] > git for-each-ref --format=%(refname)%00%(upstream:short)%00%(objectname)%00%(upstream:track)%00%(upstream:remotename)%00%(upstream:remoteref) refs/heads/main refs/remotes/main [6ms]
2023-12-09 18:34:33.365 [info] > git status -z -uall [11ms]
2023-12-09 18:34:33.633 [info] > git check-ignore -v -z --stdin [5ms]
2023-12-09 18:34:38.946 [info] > git check-ignore -v -z --stdin [5ms]
2023-12-09 18:34:39.644 [info] > git config --get commit.template [21ms]
2023-12-09 18:34:39.646 [info] > git for-each-ref --format=%(refname)%00%(upstream:short)%00%(objectname)%00%(upstream:track)%00%(upstream:remotename)%00%(upstream:remoteref) refs/heads/main refs/remotes/main [6ms]
2023-12-09 18:34:39.673 [info] > git status -z -uall [9ms]
2023-12-09 18:34:41.262 [info] > git show --textconv :ags/js/bar/TopBar.js [15ms]
2023-12-09 18:34:41.271 [info] > git ls-files --stage -- /home/martin/.dots/ags/js/bar/TopBar.js [11ms]
2023-12-09 18:34:41.289 [info] > git cat-file -s 962d2c817cf5a28111e5a008bad603e86c6a21db [2ms]
2023-12-09 18:34:44.719 [info] > git config --get commit.template [19ms]
2023-12-09 18:34:44.721 [info] > git for-each-ref --format=%(refname)%00%(upstream:short)%00%(objectname)%00%(upstream:track)%00%(upstream:remotename)%00%(upstream:remoteref) refs/heads/main refs/remotes/main [4ms]
2023-12-09 18:34:44.743 [info] > git status -z -uall [7ms]
2023-12-09 18:36:02.335 [info] > git config --get commit.template [10ms]
2023-12-09 18:36:02.336 [info] > git for-each-ref --format=%(refname)%00%(upstream:short)%00%(objectname)%00%(upstream:track)%00%(upstream:remotename)%00%(upstream:remoteref) refs/heads/main refs/remotes/main [2ms]
2023-12-09 18:36:02.349 [info] > git status -z -uall [5ms]
2023-12-09 18:36:07.399 [info] > git config --get commit.template [22ms]
2023-12-09 18:36:07.401 [info] > git for-each-ref --format=%(refname)%00%(upstream:short)%00%(objectname)%00%(upstream:track)%00%(upstream:remotename)%00%(upstream:remoteref) refs/heads/main refs/remotes/main [5ms]
2023-12-09 18:36:07.437 [info] > git status -z -uall [12ms]
2023-12-09 18:36:16.973 [info] > git config --get commit.template [28ms]
2023-12-09 18:36:16.976 [info] > git for-each-ref --format=%(refname)%00%(upstream:short)%00%(objectname)%00%(upstream:track)%00%(upstream:remotename)%00%(upstream:remoteref) refs/heads/main refs/remotes/main [6ms]
2023-12-09 18:36:17.007 [info] > git status -z -uall [10ms]
2023-12-09 18:36:19.227 [info] > git check-ignore -v -z --stdin [4ms]
2023-12-09 18:36:20.861 [info] > git show --textconv :ags/js/bar/buttons/SystemIndicators.js [11ms]
2023-12-09 18:36:20.864 [info] > git ls-files --stage -- /home/martin/.dots/ags/js/bar/buttons/SystemIndicators.js [5ms]
2023-12-09 18:36:20.875 [info] > git cat-file -s a62dcc8a48268ec2577e9e39bb65581076d6b691 [3ms]
2023-12-09 18:36:24.648 [info] > git config --get commit.template [11ms]
2023-12-09 18:36:24.648 [info] > git for-each-ref --format=%(refname)%00%(upstream:short)%00%(objectname)%00%(upstream:track)%00%(upstream:remotename)%00%(upstream:remoteref) refs/heads/main refs/remotes/main [2ms]
2023-12-09 18:36:24.661 [info] > git status -z -uall [4ms]
2023-12-09 18:36:29.686 [info] > git config --get commit.template [5ms]
2023-12-09 18:36:29.713 [info] > git for-each-ref --format=%(refname)%00%(upstream:short)%00%(objectname)%00%(upstream:track)%00%(upstream:remotename)%00%(upstream:remoteref) refs/heads/main refs/remotes/main [7ms]
2023-12-09 18:36:29.739 [info] > git status -z -uall [7ms]
2023-12-09 18:36:44.220 [info] > git config --get commit.template [26ms]
2023-12-09 18:36:44.223 [info] > git for-each-ref --format=%(refname)%00%(upstream:short)%00%(objectname)%00%(upstream:track)%00%(upstream:remotename)%00%(upstream:remoteref) refs/heads/main refs/remotes/main [6ms]
2023-12-09 18:36:44.254 [info] > git status -z -uall [9ms]
2023-12-09 18:36:50.443 [info] > git show --textconv :ags/js/options.js [18ms]
2023-12-09 18:36:50.445 [info] > git ls-files --stage -- /home/martin/.dots/ags/js/options.js [6ms]
2023-12-09 18:36:50.455 [info] > git cat-file -s a969741a796af82dca47cceab797a7e678a782c8 [2ms]
2023-12-09 18:36:58.436 [info] > git config --get commit.template [23ms]
2023-12-09 18:36:58.438 [info] > git for-each-ref --format=%(refname)%00%(upstream:short)%00%(objectname)%00%(upstream:track)%00%(upstream:remotename)%00%(upstream:remoteref) refs/heads/main refs/remotes/main [6ms]
2023-12-09 18:36:58.481 [info] > git status -z -uall [15ms]
2023-12-09 18:37:09.303 [info] > git config --get commit.template [15ms]
2023-12-09 18:37:09.304 [info] > git for-each-ref --format=%(refname)%00%(upstream:short)%00%(objectname)%00%(upstream:track)%00%(upstream:remotename)%00%(upstream:remoteref) refs/heads/main refs/remotes/main [2ms]
2023-12-09 18:37:09.318 [info] > git status -z -uall [4ms]
2023-12-09 18:37:12.822 [info] > git show --textconv :nixos/configs/hardware-configuration.nix [18ms]
2023-12-09 18:37:12.825 [info] > git ls-files --stage -- /home/martin/.dots/nixos/configs/hardware-configuration.nix [5ms]
2023-12-09 18:37:12.843 [info] > git cat-file -s 79288971b271e3a3d5918bc42d7b58a33c78062e [4ms]
2023-12-09 18:37:14.368 [info] > git config --get commit.template [23ms]
2023-12-09 18:37:14.370 [info] > git for-each-ref --format=%(refname)%00%(upstream:short)%00%(objectname)%00%(upstream:track)%00%(upstream:remotename)%00%(upstream:remoteref) refs/heads/main refs/remotes/main [7ms]
2023-12-09 18:37:14.396 [info] > git status -z -uall [8ms]
2023-12-09 18:37:47.333 [info] > git config --get commit.template [22ms]
2023-12-09 18:37:47.336 [info] > git for-each-ref --format=%(refname)%00%(upstream:short)%00%(objectname)%00%(upstream:track)%00%(upstream:remotename)%00%(upstream:remoteref) refs/heads/main refs/remotes/main [5ms]
2023-12-09 18:37:47.368 [info] > git status -z -uall [9ms]
2023-12-09 18:38:20.301 [info] > git config --get commit.template [22ms]
2023-12-09 18:38:20.304 [info] > git for-each-ref --format=%(refname)%00%(upstream:short)%00%(objectname)%00%(upstream:track)%00%(upstream:remotename)%00%(upstream:remoteref) refs/heads/main refs/remotes/main [5ms]
2023-12-09 18:38:20.334 [info] > git status -z -uall [12ms]
2023-12-09 18:38:25.394 [info] > git config --get commit.template [22ms]
2023-12-09 18:38:25.397 [info] > git for-each-ref --format=%(refname)%00%(upstream:short)%00%(objectname)%00%(upstream:track)%00%(upstream:remotename)%00%(upstream:remoteref) refs/heads/main refs/remotes/main [5ms]
2023-12-09 18:38:25.424 [info] > git status -z -uall [9ms]
2023-12-09 18:38:27.600 [info] > git show --textconv :ags/js/options.js [14ms]
2023-12-09 18:38:27.602 [info] > git ls-files --stage -- /home/martin/.dots/ags/js/options.js [3ms]
2023-12-09 18:38:27.614 [info] > git cat-file -s a969741a796af82dca47cceab797a7e678a782c8 [3ms]
2023-12-09 18:38:30.454 [info] > git config --get commit.template [10ms]
2023-12-09 18:38:30.455 [info] > git for-each-ref --format=%(refname)%00%(upstream:short)%00%(objectname)%00%(upstream:track)%00%(upstream:remotename)%00%(upstream:remoteref) refs/heads/main refs/remotes/main [3ms]
2023-12-09 18:38:30.470 [info] > git status -z -uall [5ms]
2023-12-09 18:38:30.521 [info] > git show --textconv :nixos/configs/hardware-configuration.nix [8ms]
2023-12-09 18:38:30.522 [info] > git ls-files --stage -- /home/martin/.dots/nixos/configs/hardware-configuration.nix [2ms]
2023-12-09 18:38:30.527 [info] > git cat-file -s 79288971b271e3a3d5918bc42d7b58a33c78062e [1ms]
