2023-12-06 09:43:18.467 [info] Log level: Info
2023-12-06 09:43:18.467 [info] Validating found git in: "git"
2023-12-06 09:43:18.467 [info] Using git "2.42.0" from "git"
2023-12-06 09:43:18.467 [info] > git rev-parse --show-toplevel [8ms]
2023-12-06 09:43:18.467 [info] > git rev-parse --git-dir --git-common-dir [7ms]
2023-12-06 09:43:18.467 [info] Open repository: /home/martin/.dots
2023-12-06 09:43:18.468 [info] > git rev-parse --show-toplevel [3ms]
2023-12-06 09:43:18.469 [info] > git config --get commit.template [10ms]
2023-12-06 09:43:18.502 [info] > git rev-parse --show-toplevel [25ms]
2023-12-06 09:43:18.511 [info] > git for-each-ref --format=%(refname)%00%(upstream:short)%00%(objectname)%00%(upstream:track)%00%(upstream:remotename)%00%(upstream:remoteref) refs/heads/main refs/remotes/main [9ms]
2023-12-06 09:43:18.522 [info] > git rev-parse --show-toplevel [12ms]
2023-12-06 09:43:18.528 [info] > git status -z -uall [8ms]
2023-12-06 09:43:18.546 [info] > git rev-parse --show-toplevel [18ms]
2023-12-06 09:43:18.551 [info] > git config --get commit.template [6ms]
2023-12-06 09:43:18.552 [info] > git rev-parse --show-toplevel [2ms]
2023-12-06 09:43:18.566 [info] > git rev-parse --show-toplevel [1ms]
2023-12-06 09:43:18.566 [info] > git for-each-ref --format=%(refname)%00%(upstream:short)%00%(objectname)%00%(upstream:track)%00%(upstream:remotename)%00%(upstream:remoteref) refs/heads/main refs/remotes/main [8ms]
2023-12-06 09:43:18.616 [info] > git status -z -uall [44ms]
2023-12-06 09:43:18.634 [info] > git rev-parse --show-toplevel [19ms]
2023-12-06 09:43:18.641 [info] > git rev-parse --show-toplevel [2ms]
2023-12-06 09:43:18.685 [info] > git rev-parse --show-toplevel [39ms]
2023-12-06 09:43:18.704 [info] > git rev-parse --show-toplevel [4ms]
2023-12-06 09:43:18.961 [info] > git show --textconv :.gitignore [12ms]
2023-12-06 09:43:18.964 [info] > git ls-files --stage -- /home/martin/.dots/.gitignore [5ms]
2023-12-06 09:43:19.007 [info] > git check-ignore -v -z --stdin [22ms]
2023-12-06 09:43:19.009 [info] > git cat-file -s b76e534614878e169161036e19f64f04ccfebe77 [37ms]
2023-12-06 09:43:23.992 [info] > git config --get commit.template [8ms]
2023-12-06 09:43:23.992 [info] > git for-each-ref --format=%(refname)%00%(upstream:short)%00%(objectname)%00%(upstream:track)%00%(upstream:remotename)%00%(upstream:remoteref) refs/heads/main refs/remotes/main [2ms]
2023-12-06 09:43:24.004 [info] > git status -z -uall [4ms]
2023-12-06 09:43:32.862 [info] > git config --get commit.template [21ms]
2023-12-06 09:43:32.864 [info] > git for-each-ref --format=%(refname)%00%(upstream:short)%00%(objectname)%00%(upstream:track)%00%(upstream:remotename)%00%(upstream:remoteref) refs/heads/main refs/remotes/main [5ms]
2023-12-06 09:43:32.889 [info] > git status -z -uall [6ms]
2023-12-06 09:43:39.131 [info] > git config --get commit.template [9ms]
2023-12-06 09:43:39.132 [info] > git for-each-ref --format=%(refname)%00%(upstream:short)%00%(objectname)%00%(upstream:track)%00%(upstream:remotename)%00%(upstream:remoteref) refs/heads/main refs/remotes/main [2ms]
2023-12-06 09:43:39.141 [info] > git status -z -uall [2ms]
2023-12-06 20:43:52.101 [info] > git config --get commit.template [9ms]
2023-12-06 20:43:52.102 [info] > git for-each-ref --format=%(refname)%00%(upstream:short)%00%(objectname)%00%(upstream:track)%00%(upstream:remotename)%00%(upstream:remoteref) refs/heads/main refs/remotes/main [2ms]
2023-12-06 20:43:52.111 [info] > git status -z -uall [2ms]
