2023-12-07 15:54:25.097 [info] Log level: Info
2023-12-07 15:54:25.097 [info] Validating found git in: "git"
2023-12-07 15:54:25.097 [info] Using git "2.42.0" from "git"
2023-12-07 15:54:25.097 [info] > git rev-parse --show-toplevel [5ms]
2023-12-07 15:54:25.097 [info] > git rev-parse --git-dir --git-common-dir [3ms]
2023-12-07 15:54:25.097 [info] Open repository: /home/martin/.dots
2023-12-07 15:54:25.098 [info] > git rev-parse --show-toplevel [27ms]
2023-12-07 15:54:25.099 [info] > git config --get commit.template [34ms]
2023-12-07 15:54:25.124 [info] > git rev-parse --show-toplevel [12ms]
2023-12-07 15:54:25.133 [info] > git for-each-ref --format=%(refname)%00%(upstream:short)%00%(objectname)%00%(upstream:track)%00%(upstream:remotename)%00%(upstream:remoteref) refs/heads/main refs/remotes/main [11ms]
2023-12-07 15:54:25.169 [info] > git status -z -uall [29ms]
2023-12-07 15:54:25.181 [info] > git rev-parse --show-toplevel [49ms]
2023-12-07 15:54:25.202 [info] > git rev-parse --show-toplevel [4ms]
2023-12-07 15:54:25.203 [info] > git config --get commit.template [10ms]
2023-12-07 15:54:25.233 [info] > git for-each-ref --format=%(refname)%00%(upstream:short)%00%(objectname)%00%(upstream:track)%00%(upstream:remotename)%00%(upstream:remoteref) refs/heads/main refs/remotes/main [16ms]
2023-12-07 15:54:25.240 [info] > git rev-parse --show-toplevel [30ms]
2023-12-07 15:54:25.247 [info] > git status -z -uall [8ms]
2023-12-07 15:54:25.252 [info] > git rev-parse --show-toplevel [5ms]
2023-12-07 15:54:25.260 [info] > git rev-parse --show-toplevel [2ms]
2023-12-07 15:54:25.268 [info] > git rev-parse --show-toplevel [2ms]
2023-12-07 15:54:25.279 [info] > git rev-parse --show-toplevel [3ms]
2023-12-07 15:54:25.290 [info] > git rev-parse --show-toplevel [3ms]
2023-12-07 15:54:25.318 [info] > git rev-parse --show-toplevel [20ms]
2023-12-07 15:54:25.623 [info] > git check-ignore -v -z --stdin [2ms]
2023-12-07 15:54:25.746 [info] > git show --textconv :nixos/nixos.nix [39ms]
2023-12-07 15:54:25.751 [info] > git ls-files --stage -- /home/martin/.dots/nixos/nixos.nix [34ms]
2023-12-07 15:54:25.763 [info] > git cat-file -s a1e5cf2b6b826946c973805b6d81be7371019068 [5ms]
2023-12-07 15:54:27.637 [info] > git config --get commit.template [14ms]
2023-12-07 15:54:27.639 [info] > git for-each-ref --format=%(refname)%00%(upstream:short)%00%(objectname)%00%(upstream:track)%00%(upstream:remotename)%00%(upstream:remoteref) refs/heads/main refs/remotes/main [4ms]
2023-12-07 15:54:27.656 [info] > git status -z -uall [5ms]
2023-12-07 15:54:47.195 [info] > git config --get commit.template [17ms]
2023-12-07 15:54:47.197 [info] > git for-each-ref --format=%(refname)%00%(upstream:short)%00%(objectname)%00%(upstream:track)%00%(upstream:remotename)%00%(upstream:remoteref) refs/heads/main refs/remotes/main [4ms]
2023-12-07 15:54:47.222 [info] > git status -z -uall [8ms]
2023-12-07 15:55:33.877 [info] > git config --get commit.template [28ms]
2023-12-07 15:55:33.879 [info] > git for-each-ref --format=%(refname)%00%(upstream:short)%00%(objectname)%00%(upstream:track)%00%(upstream:remotename)%00%(upstream:remoteref) refs/heads/main refs/remotes/main [7ms]
2023-12-07 15:55:33.905 [info] > git status -z -uall [8ms]
