2023-12-10 11:03:45.996 [info] Extension host with pid 2691 started
2023-12-10 11:03:45.996 [info] Skipping acquiring lock for /home/martin/.config/Code/User/workspaceStorage/edfdc0709daef1b264597821f6202298.
2023-12-10 11:03:46.104 [info] ExtensionService#_doActivateExtension vscode.emmet, startup: false, activationEvent: 'onLanguage'
2023-12-10 11:03:46.119 [info] ExtensionService#_doActivateExtension vscode.typescript-language-features, startup: false, activationEvent: 'onLanguage:javascript'
2023-12-10 11:03:46.471 [info] ExtensionService#_doActivateExtension vscode.git-base, startup: true, activationEvent: '*', root cause: vscode.git
2023-12-10 11:03:47.086 [info] ExtensionService#_doActivateExtension vscode.git, startup: true, activationEvent: '*'
2023-12-10 11:03:47.148 [info] ExtensionService#_doActivateExtension vscode.github, startup: true, activationEvent: '*'
2023-12-10 11:03:47.253 [info] Eager extensions activated
2023-12-10 11:03:47.302 [info] ExtensionService#_doActivateExtension vscode.debug-auto-launch, startup: false, activationEvent: 'onStartupFinished'
2023-12-10 11:03:47.304 [info] ExtensionService#_doActivateExtension vscode.merge-conflict, startup: false, activationEvent: 'onStartupFinished'
2023-12-10 11:03:47.320 [info] ExtensionService#_doActivateExtension PKief.material-icon-theme, startup: false, activationEvent: 'onStartupFinished'
2023-12-10 11:03:47.610 [info] ExtensionService#_doActivateExtension vscode.github-authentication, startup: false, activationEvent: 'onAuthenticationRequest:github'
2023-12-10 11:23:24.468 [info] ExtensionService#_doActivateExtension jnoortheen.nix-ide, startup: false, activationEvent: 'onLanguage:nix'
2023-12-10 11:34:54.080 [warning] [Decorations] CAPPING events from decorations provider vscode.git 445
2023-12-10 11:40:02.645 [warning] [Decorations] CAPPING events from decorations provider vscode.git 445
2023-12-10 16:49:44.086 [warning] [Decorations] CAPPING events from decorations provider vscode.git 702
2023-12-10 16:49:49.131 [warning] [Decorations] CAPPING events from decorations provider vscode.git 702
2023-12-10 16:50:00.597 [warning] [Decorations] CAPPING events from decorations provider vscode.git 702
2023-12-10 16:54:30.666 [info] ExtensionService#_doActivateExtension vscode.json-language-features, startup: false, activationEvent: 'onLanguage:jsonc'
2023-12-10 18:17:59.299 [info] Extension host terminating: renderer closed the MessagePort
2023-12-10 18:17:59.330 [error] Canceled: Canceled
	at new f (/nix/store/h44yybwk50qmdfnf09rwkmapr7x0pjda-vscode-1.84.2/lib/vscode/resources/app/out/vs/workbench/api/node/extensionHostProcess.js:125:108614)
	at n.U (/nix/store/h44yybwk50qmdfnf09rwkmapr7x0pjda-vscode-1.84.2/lib/vscode/resources/app/out/vs/workbench/api/node/extensionHostProcess.js:134:10873)
	at F.<computed>.z.charCodeAt.F.<computed> (/nix/store/h44yybwk50qmdfnf09rwkmapr7x0pjda-vscode-1.84.2/lib/vscode/resources/app/out/vs/workbench/api/node/extensionHostProcess.js:134:8315)
	at i.g (/nix/store/h44yybwk50qmdfnf09rwkmapr7x0pjda-vscode-1.84.2/lib/vscode/resources/app/out/vs/workbench/api/node/extensionHostProcess.js:125:139130)
	at i.executeCommand (/nix/store/h44yybwk50qmdfnf09rwkmapr7x0pjda-vscode-1.84.2/lib/vscode/resources/app/out/vs/workbench/api/node/extensionHostProcess.js:125:138568)
	at $.registerCommand.description (/nix/store/h44yybwk50qmdfnf09rwkmapr7x0pjda-vscode-1.84.2/lib/vscode/resources/app/out/vs/workbench/api/node/extensionHostProcess.js:125:137892)
	at i.h (/nix/store/h44yybwk50qmdfnf09rwkmapr7x0pjda-vscode-1.84.2/lib/vscode/resources/app/out/vs/workbench/api/node/extensionHostProcess.js:125:139669)
	at i.g (/nix/store/h44yybwk50qmdfnf09rwkmapr7x0pjda-vscode-1.84.2/lib/vscode/resources/app/out/vs/workbench/api/node/extensionHostProcess.js:125:138661)
	at i.executeCommand (/nix/store/h44yybwk50qmdfnf09rwkmapr7x0pjda-vscode-1.84.2/lib/vscode/resources/app/out/vs/workbench/api/node/extensionHostProcess.js:125:138568)
	at Object.executeCommand (/nix/store/h44yybwk50qmdfnf09rwkmapr7x0pjda-vscode-1.84.2/lib/vscode/resources/app/out/vs/workbench/api/node/extensionHostProcess.js:140:21329)
	at h.D [as value] (/nix/store/h44yybwk50qmdfnf09rwkmapr7x0pjda-vscode-1.84.2/lib/vscode/resources/app/extensions/git/dist/main.js:2:1316925)
	at c.y (/nix/store/h44yybwk50qmdfnf09rwkmapr7x0pjda-vscode-1.84.2/lib/vscode/resources/app/out/vs/workbench/api/node/extensionHostProcess.js:80:1902)
	at c.z (/nix/store/h44yybwk50qmdfnf09rwkmapr7x0pjda-vscode-1.84.2/lib/vscode/resources/app/out/vs/workbench/api/node/extensionHostProcess.js:80:1972)
	at c.fire (/nix/store/h44yybwk50qmdfnf09rwkmapr7x0pjda-vscode-1.84.2/lib/vscode/resources/app/out/vs/workbench/api/node/extensionHostProcess.js:80:2188)
	at Object.m [as dispose] (/nix/store/h44yybwk50qmdfnf09rwkmapr7x0pjda-vscode-1.84.2/lib/vscode/resources/app/extensions/git/dist/main.js:2:1332842)
	at /nix/store/h44yybwk50qmdfnf09rwkmapr7x0pjda-vscode-1.84.2/lib/vscode/resources/app/extensions/git/dist/main.js:2:1337795
	at Array.forEach (<anonymous>)
	at g.dispose (/nix/store/h44yybwk50qmdfnf09rwkmapr7x0pjda-vscode-1.84.2/lib/vscode/resources/app/extensions/git/dist/main.js:2:1337781)
	at v.<anonymous> (/nix/store/h44yybwk50qmdfnf09rwkmapr7x0pjda-vscode-1.84.2/lib/vscode/resources/app/out/vs/workbench/api/node/extensionHostProcess.js:121:3572)
	at v.dispose (/nix/store/h44yybwk50qmdfnf09rwkmapr7x0pjda-vscode-1.84.2/lib/vscode/resources/app/out/vs/workbench/api/node/extensionHostProcess.js:121:3669)
	at v.<anonymous> (/nix/store/h44yybwk50qmdfnf09rwkmapr7x0pjda-vscode-1.84.2/lib/vscode/resources/app/extensions/git/dist/main.js:2:1318937)
	at v.dispose (/nix/store/h44yybwk50qmdfnf09rwkmapr7x0pjda-vscode-1.84.2/lib/vscode/resources/app/out/vs/workbench/api/node/extensionHostProcess.js:121:3669)
	at o (/nix/store/h44yybwk50qmdfnf09rwkmapr7x0pjda-vscode-1.84.2/lib/vscode/resources/app/out/vs/workbench/api/node/extensionHostProcess.js:30:754)
	at h.cb (/nix/store/h44yybwk50qmdfnf09rwkmapr7x0pjda-vscode-1.84.2/lib/vscode/resources/app/out/vs/workbench/api/node/extensionHostProcess.js:136:9843)
	at /nix/store/h44yybwk50qmdfnf09rwkmapr7x0pjda-vscode-1.84.2/lib/vscode/resources/app/out/vs/workbench/api/node/extensionHostProcess.js:136:7793
	at Array.map (<anonymous>)
	at h.Y (/nix/store/h44yybwk50qmdfnf09rwkmapr7x0pjda-vscode-1.84.2/lib/vscode/resources/app/out/vs/workbench/api/node/extensionHostProcess.js:136:7781)
	at h.terminate (/nix/store/h44yybwk50qmdfnf09rwkmapr7x0pjda-vscode-1.84.2/lib/vscode/resources/app/out/vs/workbench/api/node/extensionHostProcess.js:136:8051)
	at o.terminate (/nix/store/h44yybwk50qmdfnf09rwkmapr7x0pjda-vscode-1.84.2/lib/vscode/resources/app/out/vs/workbench/api/node/extensionHostProcess.js:140:1513)
	at a (/nix/store/h44yybwk50qmdfnf09rwkmapr7x0pjda-vscode-1.84.2/lib/vscode/resources/app/out/vs/workbench/api/node/extensionHostProcess.js:153:9817)
	at MessagePortMain.<anonymous> (/nix/store/h44yybwk50qmdfnf09rwkmapr7x0pjda-vscode-1.84.2/lib/vscode/resources/app/out/vs/workbench/api/node/extensionHostProcess.js:153:6242)
	at MessagePortMain.emit (node:events:513:28)
	at MessagePortMain._internalPort.emit (node:electron/js2c/utility_init:2:367) setContext undefined
2023-12-10 18:17:59.330 [error] Canceled: Canceled
	at new f (/nix/store/h44yybwk50qmdfnf09rwkmapr7x0pjda-vscode-1.84.2/lib/vscode/resources/app/out/vs/workbench/api/node/extensionHostProcess.js:125:108614)
	at n.U (/nix/store/h44yybwk50qmdfnf09rwkmapr7x0pjda-vscode-1.84.2/lib/vscode/resources/app/out/vs/workbench/api/node/extensionHostProcess.js:134:10873)
	at F.<computed>.z.charCodeAt.F.<computed> (/nix/store/h44yybwk50qmdfnf09rwkmapr7x0pjda-vscode-1.84.2/lib/vscode/resources/app/out/vs/workbench/api/node/extensionHostProcess.js:134:8315)
	at i.g (/nix/store/h44yybwk50qmdfnf09rwkmapr7x0pjda-vscode-1.84.2/lib/vscode/resources/app/out/vs/workbench/api/node/extensionHostProcess.js:125:139130)
	at i.executeCommand (/nix/store/h44yybwk50qmdfnf09rwkmapr7x0pjda-vscode-1.84.2/lib/vscode/resources/app/out/vs/workbench/api/node/extensionHostProcess.js:125:138568)
	at $.registerCommand.description (/nix/store/h44yybwk50qmdfnf09rwkmapr7x0pjda-vscode-1.84.2/lib/vscode/resources/app/out/vs/workbench/api/node/extensionHostProcess.js:125:137892)
	at i.h (/nix/store/h44yybwk50qmdfnf09rwkmapr7x0pjda-vscode-1.84.2/lib/vscode/resources/app/out/vs/workbench/api/node/extensionHostProcess.js:125:139669)
	at i.g (/nix/store/h44yybwk50qmdfnf09rwkmapr7x0pjda-vscode-1.84.2/lib/vscode/resources/app/out/vs/workbench/api/node/extensionHostProcess.js:125:138661)
	at i.executeCommand (/nix/store/h44yybwk50qmdfnf09rwkmapr7x0pjda-vscode-1.84.2/lib/vscode/resources/app/out/vs/workbench/api/node/extensionHostProcess.js:125:138568)
	at Object.executeCommand (/nix/store/h44yybwk50qmdfnf09rwkmapr7x0pjda-vscode-1.84.2/lib/vscode/resources/app/out/vs/workbench/api/node/extensionHostProcess.js:140:21329)
	at set b [as b] (/nix/store/h44yybwk50qmdfnf09rwkmapr7x0pjda-vscode-1.84.2/lib/vscode/resources/app/extensions/github/dist/extension.js:2:714708)
	at /nix/store/h44yybwk50qmdfnf09rwkmapr7x0pjda-vscode-1.84.2/lib/vscode/resources/app/extensions/github/dist/extension.js:2:715349
	at h.value (/nix/store/h44yybwk50qmdfnf09rwkmapr7x0pjda-vscode-1.84.2/lib/vscode/resources/app/extensions/git/dist/main.js:2:1408111)
	at c.y (/nix/store/h44yybwk50qmdfnf09rwkmapr7x0pjda-vscode-1.84.2/lib/vscode/resources/app/out/vs/workbench/api/node/extensionHostProcess.js:80:1902)
	at c.z (/nix/store/h44yybwk50qmdfnf09rwkmapr7x0pjda-vscode-1.84.2/lib/vscode/resources/app/out/vs/workbench/api/node/extensionHostProcess.js:80:1972)
	at c.fire (/nix/store/h44yybwk50qmdfnf09rwkmapr7x0pjda-vscode-1.84.2/lib/vscode/resources/app/out/vs/workbench/api/node/extensionHostProcess.js:80:2188)
	at Object.m [as dispose] (/nix/store/h44yybwk50qmdfnf09rwkmapr7x0pjda-vscode-1.84.2/lib/vscode/resources/app/extensions/git/dist/main.js:2:1332842)
	at /nix/store/h44yybwk50qmdfnf09rwkmapr7x0pjda-vscode-1.84.2/lib/vscode/resources/app/extensions/git/dist/main.js:2:1337795
	at Array.forEach (<anonymous>)
	at g.dispose (/nix/store/h44yybwk50qmdfnf09rwkmapr7x0pjda-vscode-1.84.2/lib/vscode/resources/app/extensions/git/dist/main.js:2:1337781)
	at v.<anonymous> (/nix/store/h44yybwk50qmdfnf09rwkmapr7x0pjda-vscode-1.84.2/lib/vscode/resources/app/out/vs/workbench/api/node/extensionHostProcess.js:121:3572)
	at v.dispose (/nix/store/h44yybwk50qmdfnf09rwkmapr7x0pjda-vscode-1.84.2/lib/vscode/resources/app/out/vs/workbench/api/node/extensionHostProcess.js:121:3669)
	at v.<anonymous> (/nix/store/h44yybwk50qmdfnf09rwkmapr7x0pjda-vscode-1.84.2/lib/vscode/resources/app/extensions/git/dist/main.js:2:1318937)
	at v.dispose (/nix/store/h44yybwk50qmdfnf09rwkmapr7x0pjda-vscode-1.84.2/lib/vscode/resources/app/out/vs/workbench/api/node/extensionHostProcess.js:121:3669)
	at o (/nix/store/h44yybwk50qmdfnf09rwkmapr7x0pjda-vscode-1.84.2/lib/vscode/resources/app/out/vs/workbench/api/node/extensionHostProcess.js:30:754)
	at h.cb (/nix/store/h44yybwk50qmdfnf09rwkmapr7x0pjda-vscode-1.84.2/lib/vscode/resources/app/out/vs/workbench/api/node/extensionHostProcess.js:136:9843)
	at /nix/store/h44yybwk50qmdfnf09rwkmapr7x0pjda-vscode-1.84.2/lib/vscode/resources/app/out/vs/workbench/api/node/extensionHostProcess.js:136:7793
	at Array.map (<anonymous>)
	at h.Y (/nix/store/h44yybwk50qmdfnf09rwkmapr7x0pjda-vscode-1.84.2/lib/vscode/resources/app/out/vs/workbench/api/node/extensionHostProcess.js:136:7781)
	at h.terminate (/nix/store/h44yybwk50qmdfnf09rwkmapr7x0pjda-vscode-1.84.2/lib/vscode/resources/app/out/vs/workbench/api/node/extensionHostProcess.js:136:8051)
	at o.terminate (/nix/store/h44yybwk50qmdfnf09rwkmapr7x0pjda-vscode-1.84.2/lib/vscode/resources/app/out/vs/workbench/api/node/extensionHostProcess.js:140:1513)
	at a (/nix/store/h44yybwk50qmdfnf09rwkmapr7x0pjda-vscode-1.84.2/lib/vscode/resources/app/out/vs/workbench/api/node/extensionHostProcess.js:153:9817)
	at MessagePortMain.<anonymous> (/nix/store/h44yybwk50qmdfnf09rwkmapr7x0pjda-vscode-1.84.2/lib/vscode/resources/app/out/vs/workbench/api/node/extensionHostProcess.js:153:6242)
	at MessagePortMain.emit (node:events:513:28)
	at MessagePortMain._internalPort.emit (node:electron/js2c/utility_init:2:367) setContext undefined
2023-12-10 18:17:59.336 [info] Extension host with pid 2691 exiting with code 0
