2023-12-10 11:01:28.812 [info] Extension host with pid 25858 started
2023-12-10 11:01:28.844 [info] ExtensionService#_doActivateExtension vscode.git-base, startup: true, activationEvent: '*', root cause: vscode.git
2023-12-10 11:01:28.885 [info] ExtensionService#_doActivateExtension vscode.git, startup: true, activationEvent: '*'
2023-12-10 11:01:28.918 [info] ExtensionService#_doActivateExtension vscode.github, startup: true, activationEvent: '*'
2023-12-10 11:01:29.087 [info] Eager extensions activated
2023-12-10 11:01:29.146 [info] ExtensionService#_doActivateExtension vscode.debug-auto-launch, startup: false, activationEvent: 'onStartupFinished'
2023-12-10 11:01:29.149 [info] ExtensionService#_doActivateExtension vscode.merge-conflict, startup: false, activationEvent: 'onStartupFinished'
2023-12-10 11:01:29.157 [info] ExtensionService#_doActivateExtension PKief.material-icon-theme, startup: false, activationEvent: 'onStartupFinished'
2023-12-10 11:01:36.706 [info] Extension host terminating: renderer closed the MessagePort
2023-12-10 11:01:36.716 [info] Extension host with pid 25858 exiting with code 0
2023-12-10 11:01:37.811 [info] Extension host with pid 26015 started
2023-12-10 11:01:37.811 [info] Skipping acquiring lock for /home/martin/.config/Code/User/workspaceStorage/edfdc0709daef1b264597821f6202298.
2023-12-10 11:01:37.929 [info] ExtensionService#_doActivateExtension vscode.emmet, startup: false, activationEvent: 'onLanguage'
2023-12-10 11:01:37.940 [info] ExtensionService#_doActivateExtension vscode.typescript-language-features, startup: false, activationEvent: 'onLanguage:javascript'
2023-12-10 11:01:38.150 [info] ExtensionService#_doActivateExtension vscode.git-base, startup: true, activationEvent: '*', root cause: vscode.git
2023-12-10 11:01:38.782 [info] ExtensionService#_doActivateExtension vscode.git, startup: true, activationEvent: '*'
2023-12-10 11:01:38.822 [info] ExtensionService#_doActivateExtension vscode.github, startup: true, activationEvent: '*'
2023-12-10 11:01:38.902 [info] Eager extensions activated
2023-12-10 11:01:38.998 [info] ExtensionService#_doActivateExtension vscode.debug-auto-launch, startup: false, activationEvent: 'onStartupFinished'
2023-12-10 11:01:39.007 [info] ExtensionService#_doActivateExtension vscode.merge-conflict, startup: false, activationEvent: 'onStartupFinished'
2023-12-10 11:01:39.041 [info] ExtensionService#_doActivateExtension PKief.material-icon-theme, startup: false, activationEvent: 'onStartupFinished'
2023-12-10 11:01:39.327 [info] ExtensionService#_doActivateExtension vscode.github-authentication, startup: false, activationEvent: 'onAuthenticationRequest:github'
