2023-12-10 18:18:04.346 [info] Extension host with pid 507856 started
2023-12-10 18:18:04.514 [info] ExtensionService#_doActivateExtension vscode.git-base, startup: true, activationEvent: '*', root cause: vscode.git
2023-12-10 18:18:04.536 [info] ExtensionService#_doActivateExtension vscode.git, startup: true, activationEvent: '*'
2023-12-10 18:18:04.637 [info] ExtensionService#_doActivateExtension vscode.github, startup: true, activationEvent: '*'
2023-12-10 18:18:04.762 [info] Eager extensions activated
2023-12-10 18:18:04.779 [info] ExtensionService#_doActivateExtension vscode.debug-auto-launch, startup: false, activationEvent: 'onStartupFinished'
2023-12-10 18:18:04.781 [info] ExtensionService#_doActivateExtension vscode.merge-conflict, startup: false, activationEvent: 'onStartupFinished'
2023-12-10 18:18:04.812 [info] ExtensionService#_doActivateExtension PKief.material-icon-theme, startup: false, activationEvent: 'onStartupFinished'
2023-12-10 18:18:13.362 [info] Extension host terminating: renderer closed the MessagePort
2023-12-10 18:18:13.376 [info] Extension host with pid 507856 exiting with code 0
2023-12-10 18:18:14.439 [info] Extension host with pid 508004 started
2023-12-10 18:18:14.439 [info] Skipping acquiring lock for /home/martin/.config/Code/User/workspaceStorage/edfdc0709daef1b264597821f6202298.
2023-12-10 18:18:14.598 [info] ExtensionService#_doActivateExtension vscode.emmet, startup: false, activationEvent: 'onLanguage'
2023-12-10 18:18:14.637 [info] ExtensionService#_doActivateExtension jnoortheen.nix-ide, startup: false, activationEvent: 'onLanguage:nix'
2023-12-10 18:18:14.967 [info] ExtensionService#_doActivateExtension vscode.git-base, startup: true, activationEvent: '*', root cause: vscode.git
2023-12-10 18:18:15.047 [info] ExtensionService#_doActivateExtension vscode.git, startup: true, activationEvent: '*'
2023-12-10 18:18:15.176 [info] ExtensionService#_doActivateExtension vscode.github, startup: true, activationEvent: '*'
2023-12-10 18:18:15.329 [info] Eager extensions activated
2023-12-10 18:18:15.365 [info] ExtensionService#_doActivateExtension vscode.debug-auto-launch, startup: false, activationEvent: 'onStartupFinished'
2023-12-10 18:18:15.368 [info] ExtensionService#_doActivateExtension vscode.merge-conflict, startup: false, activationEvent: 'onStartupFinished'
2023-12-10 18:18:15.378 [info] ExtensionService#_doActivateExtension PKief.material-icon-theme, startup: false, activationEvent: 'onStartupFinished'
2023-12-10 18:18:15.616 [info] ExtensionService#_doActivateExtension vscode.github-authentication, startup: false, activationEvent: 'onAuthenticationRequest:github'
