2023-12-10 11:01:28.388 [info] Added views:workbench.panel.markers.view in workbench.panel.markers
2023-12-10 11:01:28.388 [info] Added views:workbench.panel.output in workbench.panel.output
2023-12-10 11:01:28.388 [info] Added views:terminal in terminal
2023-12-10 11:01:28.388 [info] Added views:outline in workbench.view.explorer
2023-12-10 11:01:28.388 [info] Added views:workbench.scm in workbench.view.scm
2023-12-10 11:01:28.388 [info] Added views:workbench.view.search in workbench.view.search
2023-12-10 11:01:28.388 [info] Added views:timeline in workbench.view.explorer
2023-12-10 11:01:28.388 [info] Added views:workbench.explorer.emptyView in workbench.view.explorer
2023-12-10 11:01:28.814 [info] Added views:workbench.debug.variablesView,workbench.debug.watchExpressionsView,workbench.debug.callStackView,workbench.debug.breakPointsView in workbench.view.debug
2023-12-10 11:01:28.856 [info] Added views:workbench.panel.repl.view in workbench.panel.repl
2023-12-10 11:01:28.856 [info] Removed views:workbench.debug.breakPointsView,workbench.debug.callStackView,workbench.debug.watchExpressionsView,workbench.debug.variablesView from workbench.view.debug
2023-12-10 11:01:28.856 [info] Added views:workbench.debug.welcome in workbench.view.debug
2023-12-10 11:01:28.965 [info] Added views:~remote.forwardedPorts in ~remote.forwardedPortsContainer
2023-12-10 11:01:37.424 [info] Added views:workbench.panel.output in workbench.panel.output
2023-12-10 11:01:37.425 [info] Added views:workbench.panel.markers.view in workbench.panel.markers
2023-12-10 11:01:37.425 [info] Added views:terminal in terminal
2023-12-10 11:01:37.425 [info] Added views:outline in workbench.view.explorer
2023-12-10 11:01:37.425 [info] Added views:workbench.scm in workbench.view.scm
2023-12-10 11:01:37.425 [info] Added views:workbench.view.search in workbench.view.search
2023-12-10 11:01:37.425 [info] Added views:timeline in workbench.view.explorer
2023-12-10 11:01:37.425 [info] Added views:workbench.explorer.fileView in workbench.view.explorer
2023-12-10 11:01:37.591 [info] Added views:workbench.debug.welcome in workbench.view.debug
2023-12-10 11:01:37.928 [info] Added views:workbench.panel.repl.view in workbench.panel.repl
2023-12-10 11:01:39.721 [info] Added views:~remote.forwardedPorts in ~remote.forwardedPortsContainer
