2023-12-09 23:28:21.020 [info] Log level: Info
2023-12-09 23:28:21.020 [info] Validating found git in: "git"
2023-12-09 23:28:21.020 [info] Using git "2.42.0" from "git"
2023-12-09 23:28:21.020 [info] > git rev-parse --show-toplevel [3ms]
2023-12-09 23:28:21.020 [info] > git rev-parse --git-dir --git-common-dir [26ms]
2023-12-09 23:28:21.020 [info] Open repository: /home/martin/.dots
2023-12-09 23:28:21.042 [info] > git rev-parse --show-toplevel [11ms]
2023-12-09 23:28:21.043 [info] > git config --get commit.template [16ms]
2023-12-09 23:28:21.071 [info] > git rev-parse --show-toplevel [7ms]
2023-12-09 23:28:21.076 [info] > git for-each-ref --format=%(refname)%00%(upstream:short)%00%(objectname)%00%(upstream:track)%00%(upstream:remotename)%00%(upstream:remoteref) refs/heads/main refs/remotes/main [6ms]
2023-12-09 23:28:21.083 [info] > git rev-parse --show-toplevel [7ms]
2023-12-09 23:28:21.091 [info] > git status -z -uall [10ms]
2023-12-09 23:28:21.091 [info] > git rev-parse --show-toplevel [2ms]
2023-12-09 23:28:21.107 [info] > git rev-parse --show-toplevel [12ms]
2023-12-09 23:28:21.112 [info] > git config --get commit.template [5ms]
2023-12-09 23:28:21.124 [info] > git rev-parse --show-toplevel [13ms]
2023-12-09 23:28:21.135 [info] > git rev-parse --show-toplevel [3ms]
2023-12-09 23:28:21.136 [info] > git for-each-ref --format=%(refname)%00%(upstream:short)%00%(objectname)%00%(upstream:track)%00%(upstream:remotename)%00%(upstream:remoteref) refs/heads/main refs/remotes/main [7ms]
2023-12-09 23:28:21.160 [info] > git status -z -uall [19ms]
2023-12-09 23:28:21.160 [info] > git rev-parse --show-toplevel [13ms]
2023-12-09 23:28:21.180 [info] > git rev-parse --show-toplevel [1ms]
2023-12-09 23:28:21.187 [info] > git rev-parse --show-toplevel [1ms]
2023-12-09 23:28:21.507 [info] > git show --textconv :nixos/nixos.nix [7ms]
2023-12-09 23:28:21.508 [info] > git ls-files --stage -- /home/martin/.dots/nixos/nixos.nix [1ms]
2023-12-09 23:28:21.514 [info] > git cat-file -s 6addfef1e1c9dce9d6345af420cbd7e9983b11bd [2ms]
2023-12-09 23:28:21.527 [info] > git check-ignore -v -z --stdin [2ms]
2023-12-09 23:28:23.864 [info] > git config --get commit.template [6ms]
2023-12-09 23:28:23.864 [info] > git for-each-ref --format=%(refname)%00%(upstream:short)%00%(objectname)%00%(upstream:track)%00%(upstream:remotename)%00%(upstream:remoteref) refs/heads/main refs/remotes/main [1ms]
2023-12-09 23:28:23.871 [info] > git status -z -uall [3ms]
2023-12-09 23:28:28.882 [info] > git config --get commit.template [5ms]
2023-12-09 23:28:28.883 [info] > git for-each-ref --format=%(refname)%00%(upstream:short)%00%(objectname)%00%(upstream:track)%00%(upstream:remotename)%00%(upstream:remoteref) refs/heads/main refs/remotes/main [1ms]
2023-12-09 23:28:28.890 [info] > git status -z -uall [2ms]
2023-12-09 23:28:33.905 [info] > git config --get commit.template [6ms]
2023-12-09 23:28:33.905 [info] > git for-each-ref --format=%(refname)%00%(upstream:short)%00%(objectname)%00%(upstream:track)%00%(upstream:remotename)%00%(upstream:remoteref) refs/heads/main refs/remotes/main [1ms]
2023-12-09 23:28:33.912 [info] > git status -z -uall [2ms]
2023-12-09 23:28:37.013 [info] > git check-ignore -v -z --stdin [1ms]
2023-12-09 23:28:37.750 [info] > git show --textconv :kitty/kitty.conf [5ms]
2023-12-09 23:28:37.752 [info] > git ls-files --stage -- /home/martin/.dots/kitty/kitty.conf [1ms]
2023-12-09 23:28:37.757 [info] > git cat-file -s 271e6f06d61a22af82bf9bac77563b9384133f7c [1ms]
2023-12-09 23:28:38.924 [info] > git config --get commit.template [5ms]
2023-12-09 23:28:38.925 [info] > git for-each-ref --format=%(refname)%00%(upstream:short)%00%(objectname)%00%(upstream:track)%00%(upstream:remotename)%00%(upstream:remoteref) refs/heads/main refs/remotes/main [1ms]
2023-12-09 23:28:38.932 [info] > git status -z -uall [2ms]
2023-12-09 23:28:47.903 [info] > git config --get commit.template [7ms]
2023-12-09 23:28:47.903 [info] > git for-each-ref --format=%(refname)%00%(upstream:short)%00%(objectname)%00%(upstream:track)%00%(upstream:remotename)%00%(upstream:remoteref) refs/heads/main refs/remotes/main [1ms]
2023-12-09 23:28:47.913 [info] > git status -z -uall [3ms]
2023-12-09 23:29:01.072 [info] > git config --get commit.template [5ms]
2023-12-09 23:29:01.073 [info] > git for-each-ref --format=%(refname)%00%(upstream:short)%00%(objectname)%00%(upstream:track)%00%(upstream:remotename)%00%(upstream:remoteref) refs/heads/main refs/remotes/main [1ms]
2023-12-09 23:29:01.081 [info] > git status -z -uall [3ms]
2023-12-09 23:29:06.094 [info] > git config --get commit.template [5ms]
2023-12-09 23:29:06.095 [info] > git for-each-ref --format=%(refname)%00%(upstream:short)%00%(objectname)%00%(upstream:track)%00%(upstream:remotename)%00%(upstream:remoteref) refs/heads/main refs/remotes/main [2ms]
2023-12-09 23:29:06.102 [info] > git status -z -uall [3ms]
2023-12-09 23:29:11.116 [info] > git config --get commit.template [6ms]
2023-12-09 23:29:11.116 [info] > git for-each-ref --format=%(refname)%00%(upstream:short)%00%(objectname)%00%(upstream:track)%00%(upstream:remotename)%00%(upstream:remoteref) refs/heads/main refs/remotes/main [1ms]
2023-12-09 23:29:11.123 [info] > git status -z -uall [2ms]
2023-12-09 23:29:15.377 [info] > git show --textconv :nixos/packages.nix [6ms]
2023-12-09 23:29:15.378 [info] > git ls-files --stage -- /home/martin/.dots/nixos/packages.nix [2ms]
2023-12-09 23:29:15.383 [info] > git cat-file -s daed33f43efcc00ce785ecb3349cc85f68fbb17f [1ms]
2023-12-09 23:29:16.678 [info] > git config --get commit.template [4ms]
2023-12-09 23:29:16.679 [info] > git for-each-ref --format=%(refname)%00%(upstream:short)%00%(objectname)%00%(upstream:track)%00%(upstream:remotename)%00%(upstream:remoteref) refs/heads/main refs/remotes/main [1ms]
2023-12-09 23:29:16.686 [info] > git status -z -uall [3ms]
2023-12-09 23:29:20.006 [info] > git show --textconv :nixos/nixos.nix [6ms]
2023-12-09 23:29:20.007 [info] > git ls-files --stage -- /home/martin/.dots/nixos/nixos.nix [2ms]
2023-12-09 23:29:20.013 [info] > git cat-file -s 6addfef1e1c9dce9d6345af420cbd7e9983b11bd [1ms]
2023-12-09 23:29:21.699 [info] > git config --get commit.template [4ms]
2023-12-09 23:29:21.700 [info] > git for-each-ref --format=%(refname)%00%(upstream:short)%00%(objectname)%00%(upstream:track)%00%(upstream:remotename)%00%(upstream:remoteref) refs/heads/main refs/remotes/main [1ms]
2023-12-09 23:29:21.706 [info] > git status -z -uall [3ms]
2023-12-09 23:29:28.430 [info] > git config --get commit.template [5ms]
2023-12-09 23:29:28.431 [info] > git for-each-ref --format=%(refname)%00%(upstream:short)%00%(objectname)%00%(upstream:track)%00%(upstream:remotename)%00%(upstream:remoteref) refs/heads/main refs/remotes/main [2ms]
2023-12-09 23:29:28.438 [info] > git status -z -uall [3ms]
2023-12-09 23:29:32.177 [info] > git check-ignore -v -z --stdin [1ms]
2023-12-09 23:29:33.451 [info] > git config --get commit.template [5ms]
2023-12-09 23:29:33.452 [info] > git for-each-ref --format=%(refname)%00%(upstream:short)%00%(objectname)%00%(upstream:track)%00%(upstream:remotename)%00%(upstream:remoteref) refs/heads/main refs/remotes/main [1ms]
2023-12-09 23:29:33.459 [info] > git status -z -uall [3ms]
2023-12-09 23:29:38.470 [info] > git config --get commit.template [4ms]
2023-12-09 23:29:38.471 [info] > git for-each-ref --format=%(refname)%00%(upstream:short)%00%(objectname)%00%(upstream:track)%00%(upstream:remotename)%00%(upstream:remoteref) refs/heads/main refs/remotes/main [1ms]
2023-12-09 23:29:38.477 [info] > git status -z -uall [2ms]
2023-12-09 23:29:43.491 [info] > git config --get commit.template [4ms]
2023-12-09 23:29:43.491 [info] > git for-each-ref --format=%(refname)%00%(upstream:short)%00%(objectname)%00%(upstream:track)%00%(upstream:remotename)%00%(upstream:remoteref) refs/heads/main refs/remotes/main [1ms]
2023-12-09 23:29:43.498 [info] > git status -z -uall [3ms]
2023-12-09 23:29:48.513 [info] > git config --get commit.template [5ms]
2023-12-09 23:29:48.514 [info] > git for-each-ref --format=%(refname)%00%(upstream:short)%00%(objectname)%00%(upstream:track)%00%(upstream:remotename)%00%(upstream:remoteref) refs/heads/main refs/remotes/main [1ms]
2023-12-09 23:29:48.521 [info] > git status -z -uall [2ms]
2023-12-09 23:29:50.407 [info] > git ls-files --stage -- /home/martin/.dots/nixos/workstations/desktop/home-desktop.nix [1ms]
2023-12-09 23:29:50.412 [info] > git show --textconv :nixos/workstations/desktop/home-desktop.nix [11ms]
2023-12-09 23:29:50.413 [info] > git cat-file -s 394a13c5decc0537203787b22d8a86cb3869fd4f [2ms]
2023-12-09 23:30:03.505 [info] > git config --get commit.template [5ms]
2023-12-09 23:30:03.506 [info] > git for-each-ref --format=%(refname)%00%(upstream:short)%00%(objectname)%00%(upstream:track)%00%(upstream:remotename)%00%(upstream:remoteref) refs/heads/main refs/remotes/main [1ms]
2023-12-09 23:30:03.512 [info] > git status -z -uall [3ms]
2023-12-09 23:35:14.554 [info] > git config --get commit.template [1ms]
2023-12-09 23:35:14.560 [info] > git for-each-ref --format=%(refname)%00%(upstream:short)%00%(objectname)%00%(upstream:track)%00%(upstream:remotename)%00%(upstream:remoteref) refs/heads/main refs/remotes/main [1ms]
2023-12-09 23:35:14.567 [info] > git status -z -uall [2ms]
2023-12-09 23:35:26.478 [info] > git config --get commit.template [6ms]
2023-12-09 23:35:26.479 [info] > git for-each-ref --format=%(refname)%00%(upstream:short)%00%(objectname)%00%(upstream:track)%00%(upstream:remotename)%00%(upstream:remoteref) refs/heads/main refs/remotes/main [2ms]
2023-12-09 23:35:26.486 [info] > git status -z -uall [2ms]
2023-12-09 23:49:28.931 [info] > git config --get commit.template [7ms]
2023-12-09 23:49:28.931 [info] > git for-each-ref --format=%(refname)%00%(upstream:short)%00%(objectname)%00%(upstream:track)%00%(upstream:remotename)%00%(upstream:remoteref) refs/heads/main refs/remotes/main [1ms]
2023-12-09 23:49:28.938 [info] > git status -z -uall [2ms]
2023-12-09 23:49:33.953 [info] > git config --get commit.template [5ms]
2023-12-09 23:49:33.954 [info] > git for-each-ref --format=%(refname)%00%(upstream:short)%00%(objectname)%00%(upstream:track)%00%(upstream:remotename)%00%(upstream:remoteref) refs/heads/main refs/remotes/main [1ms]
2023-12-09 23:49:33.961 [info] > git status -z -uall [3ms]
2023-12-09 23:49:41.861 [info] > git show --textconv :nixos/nixos.nix [6ms]
2023-12-09 23:49:41.862 [info] > git ls-files --stage -- /home/martin/.dots/nixos/nixos.nix [1ms]
2023-12-09 23:49:41.867 [info] > git cat-file -s 6addfef1e1c9dce9d6345af420cbd7e9983b11bd [1ms]
2023-12-09 23:49:55.586 [info] > git config --get commit.template [5ms]
2023-12-09 23:49:55.586 [info] > git for-each-ref --format=%(refname)%00%(upstream:short)%00%(objectname)%00%(upstream:track)%00%(upstream:remotename)%00%(upstream:remoteref) refs/heads/main refs/remotes/main [1ms]
2023-12-09 23:49:55.593 [info] > git status -z -uall [2ms]
2023-12-09 23:50:00.606 [info] > git config --get commit.template [5ms]
2023-12-09 23:50:00.607 [info] > git for-each-ref --format=%(refname)%00%(upstream:short)%00%(objectname)%00%(upstream:track)%00%(upstream:remotename)%00%(upstream:remoteref) refs/heads/main refs/remotes/main [1ms]
2023-12-09 23:50:00.614 [info] > git status -z -uall [2ms]
2023-12-09 23:50:01.371 [info] > git show --textconv :nixos/workstations/laptop/home-laptop.nix [6ms]
2023-12-09 23:50:01.373 [info] > git ls-files --stage -- /home/martin/.dots/nixos/workstations/laptop/home-laptop.nix [2ms]
2023-12-09 23:50:01.377 [info] > git cat-file -s 394a13c5decc0537203787b22d8a86cb3869fd4f [1ms]
2023-12-09 23:50:02.986 [info] > git ls-files --stage -- /home/martin/.dots/nixos/workstations/laptop/configuration-laptop.nix [1ms]
2023-12-09 23:50:02.990 [info] > git show --textconv :nixos/workstations/laptop/configuration-laptop.nix [10ms]
2023-12-09 23:50:02.991 [info] > git cat-file -s a04e958814b62556f33dba442efb91eda612a039 [1ms]
2023-12-09 23:50:06.767 [info] > git ls-files --stage -- /home/martin/.dots/nixos/configs/tlp.nix [1ms]
2023-12-09 23:50:06.773 [info] > git show --textconv :nixos/configs/tlp.nix [12ms]
2023-12-09 23:50:06.774 [info] > git cat-file -s 2d1fbeffdfd15c43699c88f208310664decaafba [2ms]
2023-12-09 23:50:17.995 [info] > git config --get commit.template [9ms]
2023-12-09 23:50:17.996 [info] > git for-each-ref --format=%(refname)%00%(upstream:short)%00%(objectname)%00%(upstream:track)%00%(upstream:remotename)%00%(upstream:remoteref) refs/heads/main refs/remotes/main [2ms]
2023-12-09 23:50:18.003 [info] > git status -z -uall [3ms]
2023-12-09 23:50:23.016 [info] > git config --get commit.template [5ms]
2023-12-09 23:50:23.017 [info] > git for-each-ref --format=%(refname)%00%(upstream:short)%00%(objectname)%00%(upstream:track)%00%(upstream:remotename)%00%(upstream:remoteref) refs/heads/main refs/remotes/main [1ms]
2023-12-09 23:50:23.023 [info] > git status -z -uall [2ms]
2023-12-09 23:51:53.640 [info] > git config --get commit.template [11ms]
2023-12-09 23:51:53.641 [info] > git for-each-ref --format=%(refname)%00%(upstream:short)%00%(objectname)%00%(upstream:track)%00%(upstream:remotename)%00%(upstream:remoteref) refs/heads/main refs/remotes/main [2ms]
2023-12-09 23:51:53.655 [info] > git status -z -uall [5ms]
2023-12-09 23:51:53.691 [info] > git ls-files --stage -- /home/martin/.dots/nixos/configs/tlp.nix [2ms]
2023-12-09 23:51:53.703 [info] > git cat-file -s 2d1fbeffdfd15c43699c88f208310664decaafba [3ms]
2023-12-09 23:51:53.724 [info] > git show --textconv :nixos/configs/tlp.nix [4ms]
2023-12-09 23:51:58.684 [info] > git config --get commit.template [10ms]
2023-12-09 23:51:58.686 [info] > git for-each-ref --format=%(refname)%00%(upstream:short)%00%(objectname)%00%(upstream:track)%00%(upstream:remotename)%00%(upstream:remoteref) refs/heads/main refs/remotes/main [2ms]
2023-12-09 23:51:58.699 [info] > git status -z -uall [5ms]
2023-12-09 23:52:07.220 [info] > git config --get commit.template [10ms]
2023-12-09 23:52:07.222 [info] > git for-each-ref --format=%(refname)%00%(upstream:short)%00%(objectname)%00%(upstream:track)%00%(upstream:remotename)%00%(upstream:remoteref) refs/heads/main refs/remotes/main [3ms]
2023-12-09 23:52:07.236 [info] > git status -z -uall [5ms]
2023-12-09 23:53:07.139 [info] > git config --get commit.template [12ms]
2023-12-09 23:53:07.140 [info] > git for-each-ref --format=%(refname)%00%(upstream:short)%00%(objectname)%00%(upstream:track)%00%(upstream:remotename)%00%(upstream:remoteref) refs/heads/main refs/remotes/main [2ms]
2023-12-09 23:53:07.157 [info] > git status -z -uall [5ms]
2023-12-09 23:53:12.183 [info] > git config --get commit.template [10ms]
2023-12-09 23:53:12.185 [info] > git for-each-ref --format=%(refname)%00%(upstream:short)%00%(objectname)%00%(upstream:track)%00%(upstream:remotename)%00%(upstream:remoteref) refs/heads/main refs/remotes/main [2ms]
2023-12-09 23:53:12.198 [info] > git status -z -uall [5ms]
2023-12-09 23:53:21.790 [info] > git config --get commit.template [10ms]
2023-12-09 23:53:21.791 [info] > git for-each-ref --format=%(refname)%00%(upstream:short)%00%(objectname)%00%(upstream:track)%00%(upstream:remotename)%00%(upstream:remoteref) refs/heads/main refs/remotes/main [2ms]
2023-12-09 23:53:21.804 [info] > git status -z -uall [5ms]
2023-12-09 23:53:49.469 [info] > git config --get commit.template [14ms]
2023-12-09 23:53:49.470 [info] > git for-each-ref --format=%(refname)%00%(upstream:short)%00%(objectname)%00%(upstream:track)%00%(upstream:remotename)%00%(upstream:remoteref) refs/heads/main refs/remotes/main [3ms]
2023-12-09 23:53:49.484 [info] > git status -z -uall [5ms]
2023-12-09 23:54:03.219 [info] > git config --get commit.template [22ms]
2023-12-09 23:54:03.221 [info] > git for-each-ref --format=%(refname)%00%(upstream:short)%00%(objectname)%00%(upstream:track)%00%(upstream:remotename)%00%(upstream:remoteref) refs/heads/main refs/remotes/main [6ms]
2023-12-09 23:54:03.252 [info] > git status -z -uall [10ms]
2023-12-09 23:54:16.051 [info] > git config --get commit.template [19ms]
2023-12-09 23:54:16.053 [info] > git for-each-ref --format=%(refname)%00%(upstream:short)%00%(objectname)%00%(upstream:track)%00%(upstream:remotename)%00%(upstream:remoteref) refs/heads/main refs/remotes/main [5ms]
2023-12-09 23:54:16.076 [info] > git status -z -uall [8ms]
2023-12-09 23:54:29.398 [info] > git config --get commit.template [2ms]
2023-12-09 23:54:29.413 [info] > git for-each-ref --format=%(refname)%00%(upstream:short)%00%(objectname)%00%(upstream:track)%00%(upstream:remotename)%00%(upstream:remoteref) refs/heads/main refs/remotes/main [2ms]
2023-12-09 23:54:29.429 [info] > git status -z -uall [5ms]
2023-12-09 23:54:45.193 [info] > git config --get commit.template [13ms]
2023-12-09 23:54:45.194 [info] > git for-each-ref --format=%(refname)%00%(upstream:short)%00%(objectname)%00%(upstream:track)%00%(upstream:remotename)%00%(upstream:remoteref) refs/heads/main refs/remotes/main [2ms]
2023-12-09 23:54:45.209 [info] > git status -z -uall [6ms]
2023-12-09 23:55:21.746 [info] > git config --get commit.template [13ms]
2023-12-09 23:55:21.747 [info] > git for-each-ref --format=%(refname)%00%(upstream:short)%00%(objectname)%00%(upstream:track)%00%(upstream:remotename)%00%(upstream:remoteref) refs/heads/main refs/remotes/main [2ms]
2023-12-09 23:55:21.761 [info] > git status -z -uall [5ms]
2023-12-09 23:55:45.611 [info] > git config --get commit.template [19ms]
2023-12-09 23:55:45.612 [info] > git for-each-ref --format=%(refname)%00%(upstream:short)%00%(objectname)%00%(upstream:track)%00%(upstream:remotename)%00%(upstream:remoteref) refs/heads/main refs/remotes/main [4ms]
2023-12-09 23:55:45.634 [info] > git status -z -uall [8ms]
2023-12-09 23:55:50.673 [info] > git config --get commit.template [6ms]
2023-12-09 23:55:50.694 [info] > git for-each-ref --format=%(refname)%00%(upstream:short)%00%(objectname)%00%(upstream:track)%00%(upstream:remotename)%00%(upstream:remoteref) refs/heads/main refs/remotes/main [4ms]
2023-12-09 23:55:50.718 [info] > git status -z -uall [8ms]
2023-12-09 23:56:26.349 [info] > git config --get commit.template [3ms]
2023-12-09 23:56:26.365 [info] > git for-each-ref --format=%(refname)%00%(upstream:short)%00%(objectname)%00%(upstream:track)%00%(upstream:remotename)%00%(upstream:remoteref) refs/heads/main refs/remotes/main [4ms]
2023-12-09 23:56:26.382 [info] > git status -z -uall [5ms]
2023-12-09 23:56:35.874 [info] > git config --get commit.template [15ms]
2023-12-09 23:56:35.875 [info] > git for-each-ref --format=%(refname)%00%(upstream:short)%00%(objectname)%00%(upstream:track)%00%(upstream:remotename)%00%(upstream:remoteref) refs/heads/main refs/remotes/main [3ms]
2023-12-09 23:56:35.891 [info] > git status -z -uall [5ms]
2023-12-09 23:58:29.743 [info] > git config --get commit.template [12ms]
2023-12-09 23:58:29.745 [info] > git for-each-ref --format=%(refname)%00%(upstream:short)%00%(objectname)%00%(upstream:track)%00%(upstream:remotename)%00%(upstream:remoteref) refs/heads/main refs/remotes/main [3ms]
2023-12-09 23:58:29.761 [info] > git status -z -uall [5ms]
2023-12-09 23:58:34.785 [info] > git config --get commit.template [10ms]
2023-12-09 23:58:34.786 [info] > git for-each-ref --format=%(refname)%00%(upstream:short)%00%(objectname)%00%(upstream:track)%00%(upstream:remotename)%00%(upstream:remoteref) refs/heads/main refs/remotes/main [2ms]
2023-12-09 23:58:34.799 [info] > git status -z -uall [4ms]
2023-12-09 23:59:20.897 [info] > git config --get commit.template [21ms]
2023-12-09 23:59:20.899 [info] > git for-each-ref --format=%(refname)%00%(upstream:short)%00%(objectname)%00%(upstream:track)%00%(upstream:remotename)%00%(upstream:remoteref) refs/heads/main refs/remotes/main [5ms]
2023-12-09 23:59:20.923 [info] > git status -z -uall [7ms]
2023-12-10 00:00:33.552 [info] > git config --get commit.template [2ms]
2023-12-10 00:00:33.566 [info] > git for-each-ref --format=%(refname)%00%(upstream:short)%00%(objectname)%00%(upstream:track)%00%(upstream:remotename)%00%(upstream:remoteref) refs/heads/main refs/remotes/main [2ms]
2023-12-10 00:00:33.581 [info] > git status -z -uall [5ms]
2023-12-10 00:02:16.211 [info] > git config --get commit.template [2ms]
2023-12-10 00:02:16.220 [info] > git for-each-ref --format=%(refname)%00%(upstream:short)%00%(objectname)%00%(upstream:track)%00%(upstream:remotename)%00%(upstream:remoteref) refs/heads/main refs/remotes/main [2ms]
2023-12-10 00:02:16.229 [info] > git status -z -uall [2ms]
2023-12-10 00:02:16.245 [info] > git ls-files --stage -- /home/martin/.dots/nixos/configs/tlp.nix [1ms]
2023-12-10 00:02:16.253 [info] > git cat-file -s 2d1fbeffdfd15c43699c88f208310664decaafba [2ms]
2023-12-10 00:02:16.272 [info] > git show --textconv :nixos/configs/tlp.nix [1ms]
2023-12-10 00:05:19.819 [info] > git config --get commit.template [12ms]
2023-12-10 00:05:19.820 [info] > git for-each-ref --format=%(refname)%00%(upstream:short)%00%(objectname)%00%(upstream:track)%00%(upstream:remotename)%00%(upstream:remoteref) refs/heads/main refs/remotes/main [1ms]
2023-12-10 00:05:19.831 [info] > git status -z -uall [3ms]
2023-12-10 00:05:30.918 [info] > git config --get commit.template [8ms]
2023-12-10 00:05:30.919 [info] > git for-each-ref --format=%(refname)%00%(upstream:short)%00%(objectname)%00%(upstream:track)%00%(upstream:remotename)%00%(upstream:remoteref) refs/heads/main refs/remotes/main [1ms]
2023-12-10 00:05:30.929 [info] > git status -z -uall [3ms]
2023-12-10 00:05:35.952 [info] > git config --get commit.template [7ms]
2023-12-10 00:05:35.953 [info] > git for-each-ref --format=%(refname)%00%(upstream:short)%00%(objectname)%00%(upstream:track)%00%(upstream:remotename)%00%(upstream:remoteref) refs/heads/main refs/remotes/main [1ms]
2023-12-10 00:05:35.961 [info] > git status -z -uall [3ms]
2023-12-10 00:06:31.158 [info] > git config --get commit.template [14ms]
2023-12-10 00:06:31.159 [info] > git for-each-ref --format=%(refname)%00%(upstream:short)%00%(objectname)%00%(upstream:track)%00%(upstream:remotename)%00%(upstream:remoteref) refs/heads/main refs/remotes/main [3ms]
2023-12-10 00:06:31.176 [info] > git status -z -uall [6ms]
2023-12-10 00:06:36.213 [info] > git config --get commit.template [14ms]
2023-12-10 00:06:36.214 [info] > git for-each-ref --format=%(refname)%00%(upstream:short)%00%(objectname)%00%(upstream:track)%00%(upstream:remotename)%00%(upstream:remoteref) refs/heads/main refs/remotes/main [3ms]
2023-12-10 00:06:36.229 [info] > git status -z -uall [6ms]
2023-12-10 00:07:08.063 [info] > git config --get commit.template [4ms]
2023-12-10 00:07:08.082 [info] > git for-each-ref --format=%(refname)%00%(upstream:short)%00%(objectname)%00%(upstream:track)%00%(upstream:remotename)%00%(upstream:remoteref) refs/heads/main refs/remotes/main [3ms]
2023-12-10 00:07:08.099 [info] > git status -z -uall [7ms]
2023-12-10 00:08:16.473 [info] > git config --get commit.template [9ms]
2023-12-10 00:08:16.474 [info] > git for-each-ref --format=%(refname)%00%(upstream:short)%00%(objectname)%00%(upstream:track)%00%(upstream:remotename)%00%(upstream:remoteref) refs/heads/main refs/remotes/main [2ms]
2023-12-10 00:08:16.484 [info] > git status -z -uall [3ms]
2023-12-10 00:08:28.479 [info] > git config --get commit.template [16ms]
2023-12-10 00:08:28.705 [info] > git for-each-ref --format=%(refname)%00%(upstream:short)%00%(objectname)%00%(upstream:track)%00%(upstream:remotename)%00%(upstream:remoteref) refs/heads/main refs/remotes/main [72ms]
2023-12-10 00:08:28.843 [info] > git status -z -uall [22ms]
2023-12-10 00:08:50.374 [info] > git config --get commit.template [14ms]
2023-12-10 00:08:50.389 [info] > git for-each-ref --format=%(refname)%00%(upstream:short)%00%(objectname)%00%(upstream:track)%00%(upstream:remotename)%00%(upstream:remoteref) refs/heads/main refs/remotes/main [1ms]
2023-12-10 00:08:50.397 [info] > git status -z -uall [3ms]
2023-12-10 00:11:08.777 [info] > git config --get commit.template [8ms]
2023-12-10 00:11:08.777 [info] > git for-each-ref --format=%(refname)%00%(upstream:short)%00%(objectname)%00%(upstream:track)%00%(upstream:remotename)%00%(upstream:remoteref) refs/heads/main refs/remotes/main [1ms]
2023-12-10 00:11:08.788 [info] > git status -z -uall [3ms]
2023-12-10 00:11:14.901 [info] > git config --get commit.template [20ms]
2023-12-10 00:11:14.903 [info] > git for-each-ref --format=%(refname)%00%(upstream:short)%00%(objectname)%00%(upstream:track)%00%(upstream:remotename)%00%(upstream:remoteref) refs/heads/main refs/remotes/main [6ms]
2023-12-10 00:11:14.924 [info] > git status -z -uall [7ms]
2023-12-10 00:11:19.967 [info] > git config --get commit.template [17ms]
2023-12-10 00:11:19.969 [info] > git for-each-ref --format=%(refname)%00%(upstream:short)%00%(objectname)%00%(upstream:track)%00%(upstream:remotename)%00%(upstream:remoteref) refs/heads/main refs/remotes/main [4ms]
2023-12-10 00:11:19.990 [info] > git status -z -uall [8ms]
2023-12-10 00:11:25.021 [info] > git config --get commit.template [5ms]
2023-12-10 00:11:25.042 [info] > git for-each-ref --format=%(refname)%00%(upstream:short)%00%(objectname)%00%(upstream:track)%00%(upstream:remotename)%00%(upstream:remoteref) refs/heads/main refs/remotes/main [4ms]
2023-12-10 00:11:25.056 [info] > git status -z -uall [4ms]
2023-12-10 00:11:37.010 [info] > git config --get commit.template [10ms]
2023-12-10 00:11:37.011 [info] > git for-each-ref --format=%(refname)%00%(upstream:short)%00%(objectname)%00%(upstream:track)%00%(upstream:remotename)%00%(upstream:remoteref) refs/heads/main refs/remotes/main [2ms]
2023-12-10 00:11:37.023 [info] > git status -z -uall [3ms]
2023-12-10 00:12:03.816 [info] > git config --get commit.template [11ms]
2023-12-10 00:12:03.817 [info] > git for-each-ref --format=%(refname)%00%(upstream:short)%00%(objectname)%00%(upstream:track)%00%(upstream:remotename)%00%(upstream:remoteref) refs/heads/main refs/remotes/main [2ms]
2023-12-10 00:12:03.827 [info] > git status -z -uall [4ms]
2023-12-10 00:12:18.300 [info] > git config --get commit.template [8ms]
2023-12-10 00:12:18.300 [info] > git for-each-ref --format=%(refname)%00%(upstream:short)%00%(objectname)%00%(upstream:track)%00%(upstream:remotename)%00%(upstream:remoteref) refs/heads/main refs/remotes/main [2ms]
2023-12-10 00:12:18.311 [info] > git status -z -uall [4ms]
2023-12-10 00:12:58.948 [info] > git config --get commit.template [11ms]
2023-12-10 00:12:58.949 [info] > git for-each-ref --format=%(refname)%00%(upstream:short)%00%(objectname)%00%(upstream:track)%00%(upstream:remotename)%00%(upstream:remoteref) refs/heads/main refs/remotes/main [2ms]
2023-12-10 00:12:58.960 [info] > git status -z -uall [3ms]
2023-12-10 00:14:07.636 [info] > git config --get commit.template [12ms]
2023-12-10 00:14:07.637 [info] > git for-each-ref --format=%(refname)%00%(upstream:short)%00%(objectname)%00%(upstream:track)%00%(upstream:remotename)%00%(upstream:remoteref) refs/heads/main refs/remotes/main [2ms]
2023-12-10 00:14:07.649 [info] > git status -z -uall [4ms]
2023-12-10 00:14:21.866 [info] > git config --get commit.template [2ms]
2023-12-10 00:14:21.875 [info] > git for-each-ref --format=%(refname)%00%(upstream:short)%00%(objectname)%00%(upstream:track)%00%(upstream:remotename)%00%(upstream:remoteref) refs/heads/main refs/remotes/main [1ms]
2023-12-10 00:14:21.884 [info] > git status -z -uall [3ms]
2023-12-10 00:15:20.243 [info] > git config --get commit.template [28ms]
2023-12-10 00:15:20.246 [info] > git for-each-ref --format=%(refname)%00%(upstream:short)%00%(objectname)%00%(upstream:track)%00%(upstream:remotename)%00%(upstream:remoteref) refs/heads/main refs/remotes/main [6ms]
2023-12-10 00:15:20.277 [info] > git status -z -uall [12ms]
2023-12-10 00:15:33.353 [info] > git config --get commit.template [25ms]
2023-12-10 00:15:33.356 [info] > git for-each-ref --format=%(refname)%00%(upstream:short)%00%(objectname)%00%(upstream:track)%00%(upstream:remotename)%00%(upstream:remoteref) refs/heads/main refs/remotes/main [6ms]
2023-12-10 00:15:33.389 [info] > git status -z -uall [11ms]
2023-12-10 00:16:53.665 [info] > git config --get commit.template [24ms]
2023-12-10 00:16:53.668 [info] > git for-each-ref --format=%(refname)%00%(upstream:short)%00%(objectname)%00%(upstream:track)%00%(upstream:remotename)%00%(upstream:remoteref) refs/heads/main refs/remotes/main [4ms]
2023-12-10 00:16:53.697 [info] > git status -z -uall [10ms]
2023-12-10 00:17:08.917 [info] > git config --get commit.template [26ms]
2023-12-10 00:17:08.922 [info] > git for-each-ref --format=%(refname)%00%(upstream:short)%00%(objectname)%00%(upstream:track)%00%(upstream:remotename)%00%(upstream:remoteref) refs/heads/main refs/remotes/main [6ms]
2023-12-10 00:17:08.958 [info] > git status -z -uall [13ms]
2023-12-10 00:17:56.338 [info] > git config --get commit.template [22ms]
2023-12-10 00:17:56.340 [info] > git for-each-ref --format=%(refname)%00%(upstream:short)%00%(objectname)%00%(upstream:track)%00%(upstream:remotename)%00%(upstream:remoteref) refs/heads/main refs/remotes/main [5ms]
2023-12-10 00:17:56.371 [info] > git status -z -uall [12ms]
2023-12-10 00:18:12.692 [info] > git config --get commit.template [21ms]
2023-12-10 00:18:12.694 [info] > git for-each-ref --format=%(refname)%00%(upstream:short)%00%(objectname)%00%(upstream:track)%00%(upstream:remotename)%00%(upstream:remoteref) refs/heads/main refs/remotes/main [5ms]
2023-12-10 00:18:12.726 [info] > git status -z -uall [11ms]
2023-12-10 00:18:22.179 [info] > git config --get commit.template [5ms]
2023-12-10 00:18:22.205 [info] > git for-each-ref --format=%(refname)%00%(upstream:short)%00%(objectname)%00%(upstream:track)%00%(upstream:remotename)%00%(upstream:remoteref) refs/heads/main refs/remotes/main [5ms]
2023-12-10 00:18:22.234 [info] > git status -z -uall [10ms]
2023-12-10 00:18:22.305 [info] > git ls-files --stage -- /home/martin/.dots/nixos/configs/tlp.nix [6ms]
2023-12-10 00:18:22.330 [info] > git cat-file -s 2d1fbeffdfd15c43699c88f208310664decaafba [6ms]
2023-12-10 00:18:22.459 [info] > git show --textconv :nixos/configs/tlp.nix [16ms]
2023-12-10 00:18:27.292 [info] > git config --get commit.template [25ms]
2023-12-10 00:18:27.295 [info] > git for-each-ref --format=%(refname)%00%(upstream:short)%00%(objectname)%00%(upstream:track)%00%(upstream:remotename)%00%(upstream:remoteref) refs/heads/main refs/remotes/main [5ms]
2023-12-10 00:18:27.328 [info] > git status -z -uall [11ms]
2023-12-10 00:18:32.379 [info] > git config --get commit.template [21ms]
2023-12-10 00:18:32.381 [info] > git for-each-ref --format=%(refname)%00%(upstream:short)%00%(objectname)%00%(upstream:track)%00%(upstream:remotename)%00%(upstream:remoteref) refs/heads/main refs/remotes/main [5ms]
2023-12-10 00:18:32.408 [info] > git status -z -uall [10ms]
2023-12-10 00:18:37.425 [info] > git config --get commit.template [5ms]
2023-12-10 00:18:37.426 [info] > git for-each-ref --format=%(refname)%00%(upstream:short)%00%(objectname)%00%(upstream:track)%00%(upstream:remotename)%00%(upstream:remoteref) refs/heads/main refs/remotes/main [1ms]
2023-12-10 00:18:37.432 [info] > git status -z -uall [2ms]
2023-12-10 00:18:42.455 [info] > git config --get commit.template [8ms]
2023-12-10 00:18:42.456 [info] > git for-each-ref --format=%(refname)%00%(upstream:short)%00%(objectname)%00%(upstream:track)%00%(upstream:remotename)%00%(upstream:remoteref) refs/heads/main refs/remotes/main [1ms]
2023-12-10 00:18:42.468 [info] > git status -z -uall [4ms]
2023-12-10 00:18:48.056 [info] > git config --get commit.template [9ms]
2023-12-10 00:18:48.057 [info] > git for-each-ref --format=%(refname)%00%(upstream:short)%00%(objectname)%00%(upstream:track)%00%(upstream:remotename)%00%(upstream:remoteref) refs/heads/main refs/remotes/main [2ms]
2023-12-10 00:18:48.067 [info] > git status -z -uall [4ms]
2023-12-10 00:18:55.949 [info] > git config --get commit.template [13ms]
2023-12-10 00:18:55.951 [info] > git for-each-ref --format=%(refname)%00%(upstream:short)%00%(objectname)%00%(upstream:track)%00%(upstream:remotename)%00%(upstream:remoteref) refs/heads/main refs/remotes/main [3ms]
2023-12-10 00:18:55.966 [info] > git status -z -uall [5ms]
2023-12-10 00:21:18.105 [info] > git config --get commit.template [10ms]
2023-12-10 00:21:18.113 [info] > git ls-files --stage -- /home/martin/.dots/nixos/configs/tlp.nix [9ms]
2023-12-10 00:21:18.121 [info] > git for-each-ref --format=%(refname)%00%(upstream:short)%00%(objectname)%00%(upstream:track)%00%(upstream:remotename)%00%(upstream:remoteref) refs/heads/main refs/remotes/main [9ms]
2023-12-10 00:21:18.128 [info] > git cat-file -s 2d1fbeffdfd15c43699c88f208310664decaafba [7ms]
2023-12-10 00:21:18.130 [info] > git status -z -uall [3ms]
2023-12-10 00:21:18.139 [info] > git show --textconv :nixos/configs/tlp.nix [1ms]
2023-12-10 00:22:31.332 [info] > git config --get commit.template [11ms]
2023-12-10 00:22:31.333 [info] > git for-each-ref --format=%(refname)%00%(upstream:short)%00%(objectname)%00%(upstream:track)%00%(upstream:remotename)%00%(upstream:remoteref) refs/heads/main refs/remotes/main [2ms]
2023-12-10 00:22:31.342 [info] > git status -z -uall [3ms]
2023-12-10 00:22:36.362 [info] > git config --get commit.template [7ms]
2023-12-10 00:22:36.363 [info] > git for-each-ref --format=%(refname)%00%(upstream:short)%00%(objectname)%00%(upstream:track)%00%(upstream:remotename)%00%(upstream:remoteref) refs/heads/main refs/remotes/main [1ms]
2023-12-10 00:22:36.374 [info] > git status -z -uall [4ms]
2023-12-10 10:40:06.075 [info] > git config --get commit.template [30ms]
2023-12-10 10:40:06.078 [info] > git for-each-ref --format=%(refname)%00%(upstream:short)%00%(objectname)%00%(upstream:track)%00%(upstream:remotename)%00%(upstream:remoteref) refs/heads/main refs/remotes/main [8ms]
2023-12-10 10:40:06.112 [info] > git status -z -uall [11ms]
2023-12-10 10:40:11.168 [info] > git config --get commit.template [21ms]
2023-12-10 10:40:11.170 [info] > git for-each-ref --format=%(refname)%00%(upstream:short)%00%(objectname)%00%(upstream:track)%00%(upstream:remotename)%00%(upstream:remoteref) refs/heads/main refs/remotes/main [5ms]
2023-12-10 10:40:11.201 [info] > git status -z -uall [12ms]
2023-12-10 10:40:14.903 [info] > git add -A -- . [31ms]
2023-12-10 10:40:15.439 [info] > git show --textconv :.git/COMMIT_EDITMSG [6ms]
2023-12-10 10:40:15.440 [info] > git ls-files --stage -- /home/martin/.dots/.git/COMMIT_EDITMSG [2ms]
2023-12-10 10:40:15.767 [info] > git check-ignore -v -z --stdin [4ms]
2023-12-10 10:40:16.196 [info] > git ls-files --stage -- /home/martin/.dots/.git/COMMIT_EDITMSG [5ms]
2023-12-10 10:40:16.229 [info] > git show --textconv :.git/COMMIT_EDITMSG [6ms]
2023-12-10 10:40:20.104 [info] > git -c user.useConfigOnly=true commit --quiet [5178ms]
2023-12-10 10:40:20.156 [info] > git config --get commit.template [26ms]
2023-12-10 10:40:20.158 [info] > git for-each-ref --format=%(refname)%00%(upstream:short)%00%(objectname)%00%(upstream:track)%00%(upstream:remotename)%00%(upstream:remoteref) refs/heads/main refs/remotes/main [8ms]
2023-12-10 10:40:20.182 [info] > git status -z -uall [11ms]
2023-12-10 10:40:20.691 [info] > git show --textconv :nixos/configs/tlp.nix [22ms]
2023-12-10 10:40:20.696 [info] > git ls-files --stage -- /home/martin/.dots/nixos/configs/tlp.nix [7ms]
2023-12-10 10:40:20.720 [info] > git cat-file -s 75284de35ae2762198362092b349319992eced64 [5ms]
2023-12-10 10:40:21.517 [info] > git push origin main:main [1263ms]
2023-12-10 10:40:21.517 [info] To https://github.com/RoccoRakete/hyprland-dots.git
   601b793..ddd61cb  main -> main
2023-12-10 10:40:21.556 [info] > git config --get commit.template [16ms]
2023-12-10 10:40:21.603 [info] > git ls-files --stage -- /home/martin/.dots/nixos/configs/tlp.nix [24ms]
2023-12-10 10:40:21.628 [info] > git for-each-ref --format=%(refname)%00%(upstream:short)%00%(objectname)%00%(upstream:track)%00%(upstream:remotename)%00%(upstream:remoteref) refs/heads/main refs/remotes/main [28ms]
2023-12-10 10:40:21.651 [info] > git cat-file -s 75284de35ae2762198362092b349319992eced64 [27ms]
2023-12-10 10:40:21.661 [info] > git status -z -uall [12ms]
2023-12-10 10:40:21.713 [info] > git show --textconv :nixos/configs/tlp.nix [5ms]
2023-12-10 10:40:21.807 [info] > git config --get commit.template [28ms]
2023-12-10 10:40:21.812 [info] > git for-each-ref --format=%(refname)%00%(upstream:short)%00%(objectname)%00%(upstream:track)%00%(upstream:remotename)%00%(upstream:remoteref) refs/heads/main refs/remotes/main [7ms]
2023-12-10 10:40:21.846 [info] > git status -z -uall [13ms]
2023-12-10 10:40:22.953 [info] > git ls-files --stage -- /home/martin/.dots/nixos/configs/tlp.nix [2ms]
2023-12-10 10:40:22.963 [info] > git cat-file -s 75284de35ae2762198362092b349319992eced64 [2ms]
2023-12-10 10:40:22.987 [info] > git show --textconv :nixos/configs/tlp.nix [3ms]
2023-12-10 10:40:24.413 [info] > git config --get commit.template [27ms]
2023-12-10 10:40:24.416 [info] > git for-each-ref --format=%(refname)%00%(upstream:short)%00%(objectname)%00%(upstream:track)%00%(upstream:remotename)%00%(upstream:remoteref) refs/heads/main refs/remotes/main [6ms]
2023-12-10 10:40:24.450 [info] > git status -z -uall [11ms]
2023-12-10 10:40:29.965 [info] > git check-ignore -v -z --stdin [6ms]
2023-12-10 10:40:30.670 [info] > git config --get commit.template [25ms]
2023-12-10 10:40:30.674 [info] > git for-each-ref --format=%(refname)%00%(upstream:short)%00%(objectname)%00%(upstream:track)%00%(upstream:remotename)%00%(upstream:remoteref) refs/heads/main refs/remotes/main [5ms]
2023-12-10 10:40:30.711 [info] > git status -z -uall [13ms]
2023-12-10 10:40:31.563 [info] > git show --textconv :hypr/monitors.conf [6ms]
2023-12-10 10:40:31.564 [info] > git ls-files --stage -- /home/martin/.dots/hypr/monitors.conf [2ms]
2023-12-10 10:40:35.743 [info] > git config --get commit.template [12ms]
2023-12-10 10:40:35.745 [info] > git for-each-ref --format=%(refname)%00%(upstream:short)%00%(objectname)%00%(upstream:track)%00%(upstream:remotename)%00%(upstream:remoteref) refs/heads/main refs/remotes/main [3ms]
2023-12-10 10:40:35.760 [info] > git status -z -uall [5ms]
2023-12-10 10:41:33.619 [info] > git config --get commit.template [11ms]
2023-12-10 10:41:33.620 [info] > git for-each-ref --format=%(refname)%00%(upstream:short)%00%(objectname)%00%(upstream:track)%00%(upstream:remotename)%00%(upstream:remoteref) refs/heads/main refs/remotes/main [2ms]
2023-12-10 10:41:33.633 [info] > git status -z -uall [4ms]
2023-12-10 10:41:38.691 [info] > git config --get commit.template [27ms]
2023-12-10 10:41:38.694 [info] > git for-each-ref --format=%(refname)%00%(upstream:short)%00%(objectname)%00%(upstream:track)%00%(upstream:remotename)%00%(upstream:remoteref) refs/heads/main refs/remotes/main [5ms]
2023-12-10 10:41:38.730 [info] > git status -z -uall [12ms]
2023-12-10 10:41:44.145 [info] > git check-ignore -v -z --stdin [5ms]
2023-12-10 10:41:44.845 [info] > git config --get commit.template [24ms]
2023-12-10 10:41:44.848 [info] > git for-each-ref --format=%(refname)%00%(upstream:short)%00%(objectname)%00%(upstream:track)%00%(upstream:remotename)%00%(upstream:remoteref) refs/heads/main refs/remotes/main [6ms]
2023-12-10 10:41:44.875 [info] > git status -z -uall [9ms]
2023-12-10 10:41:45.337 [info] > git show --textconv :gtklock/config.ini [5ms]
2023-12-10 10:41:45.338 [info] > git ls-files --stage -- /home/martin/.dots/gtklock/config.ini [1ms]
2023-12-10 10:41:45.344 [info] > git cat-file -s f94145c5ae9409acf1008066d2662c92c02d58ad [1ms]
2023-12-10 10:41:49.924 [info] > git config --get commit.template [20ms]
2023-12-10 10:41:49.926 [info] > git for-each-ref --format=%(refname)%00%(upstream:short)%00%(objectname)%00%(upstream:track)%00%(upstream:remotename)%00%(upstream:remoteref) refs/heads/main refs/remotes/main [5ms]
2023-12-10 10:41:49.953 [info] > git status -z -uall [9ms]
2023-12-10 10:41:55.136 [info] > git config --get commit.template [23ms]
2023-12-10 10:41:55.138 [info] > git for-each-ref --format=%(refname)%00%(upstream:short)%00%(objectname)%00%(upstream:track)%00%(upstream:remotename)%00%(upstream:remoteref) refs/heads/main refs/remotes/main [5ms]
2023-12-10 10:41:55.165 [info] > git status -z -uall [9ms]
2023-12-10 10:43:31.120 [info] > git ls-files --stage -- /home/martin/.dots/gtklock/config.ini [23ms]
2023-12-10 10:43:31.135 [info] > git config --get commit.template [15ms]
2023-12-10 10:43:31.151 [info] > git cat-file -s f94145c5ae9409acf1008066d2662c92c02d58ad [18ms]
2023-12-10 10:43:31.155 [info] > git for-each-ref --format=%(refname)%00%(upstream:short)%00%(objectname)%00%(upstream:track)%00%(upstream:remotename)%00%(upstream:remoteref) refs/heads/main refs/remotes/main [4ms]
2023-12-10 10:43:31.181 [info] > git status -z -uall [8ms]
2023-12-10 10:43:31.225 [info] > git show --textconv :gtklock/config.ini [3ms]
2023-12-10 10:43:36.215 [info] > git config --get commit.template [9ms]
2023-12-10 10:43:36.216 [info] > git for-each-ref --format=%(refname)%00%(upstream:short)%00%(objectname)%00%(upstream:track)%00%(upstream:remotename)%00%(upstream:remoteref) refs/heads/main refs/remotes/main [2ms]
2023-12-10 10:43:36.229 [info] > git status -z -uall [4ms]
2023-12-10 10:43:37.389 [info] > git check-ignore -v -z --stdin [2ms]
2023-12-10 10:43:39.391 [info] > git show --textconv :nixos/workstations/laptop/ags/package.json [11ms]
2023-12-10 10:43:39.391 [info] > git ls-files --stage -- /home/martin/.dots/nixos/workstations/laptop/ags/package.json [1ms]
2023-12-10 10:43:39.420 [info] > git cat-file -s 984f9d27a857b0b56ae58a11cb16a1e561fa801f [17ms]
2023-12-10 10:43:41.258 [info] > git config --get commit.template [4ms]
2023-12-10 10:43:41.274 [info] > git for-each-ref --format=%(refname)%00%(upstream:short)%00%(objectname)%00%(upstream:track)%00%(upstream:remotename)%00%(upstream:remoteref) refs/heads/main refs/remotes/main [3ms]
2023-12-10 10:43:41.289 [info] > git status -z -uall [5ms]
2023-12-10 10:46:29.375 [info] > git config --get commit.template [14ms]
2023-12-10 10:46:29.377 [info] > git for-each-ref --format=%(refname)%00%(upstream:short)%00%(objectname)%00%(upstream:track)%00%(upstream:remotename)%00%(upstream:remoteref) refs/heads/main refs/remotes/main [2ms]
2023-12-10 10:46:29.393 [info] > git status -z -uall [5ms]
2023-12-10 10:46:42.615 [info] > git config --get commit.template [19ms]
2023-12-10 10:46:42.616 [info] > git for-each-ref --format=%(refname)%00%(upstream:short)%00%(objectname)%00%(upstream:track)%00%(upstream:remotename)%00%(upstream:remoteref) refs/heads/main refs/remotes/main [3ms]
2023-12-10 10:46:42.634 [info] > git status -z -uall [6ms]
2023-12-10 17:31:20.624 [info] > git config --get commit.template [30ms]
2023-12-10 17:31:20.626 [info] > git for-each-ref --format=%(refname)%00%(upstream:short)%00%(objectname)%00%(upstream:track)%00%(upstream:remotename)%00%(upstream:remoteref) refs/heads/main refs/remotes/main [6ms]
2023-12-10 17:31:20.665 [info] > git status -z -uall [12ms]
2023-12-10 17:31:25.721 [info] > git config --get commit.template [22ms]
2023-12-10 17:31:25.723 [info] > git for-each-ref --format=%(refname)%00%(upstream:short)%00%(objectname)%00%(upstream:track)%00%(upstream:remotename)%00%(upstream:remoteref) refs/heads/main refs/remotes/main [5ms]
2023-12-10 17:31:25.751 [info] > git status -z -uall [9ms]
2023-12-10 17:31:30.645 [info] > git checkout -q -- /home/martin/.dots/gtklock/config.ini [22ms]
2023-12-10 17:31:30.705 [info] > git config --get commit.template [27ms]
2023-12-10 17:31:30.709 [info] > git for-each-ref --format=%(refname)%00%(upstream:short)%00%(objectname)%00%(upstream:track)%00%(upstream:remotename)%00%(upstream:remoteref) refs/heads/main refs/remotes/main [6ms]
2023-12-10 17:31:30.744 [info] > git status -z -uall [13ms]
2023-12-10 17:31:31.824 [info] > git config --get commit.template [25ms]
2023-12-10 17:31:31.826 [info] > git for-each-ref --format=%(refname)%00%(upstream:short)%00%(objectname)%00%(upstream:track)%00%(upstream:remotename)%00%(upstream:remoteref) refs/heads/main refs/remotes/main [5ms]
2023-12-10 17:31:31.857 [info] > git status -z -uall [10ms]
2023-12-10 17:31:31.908 [info] > git ls-files --stage -- /home/martin/.dots/nixos/workstations/laptop/ags/package.json [6ms]
2023-12-10 17:31:31.932 [info] > git cat-file -s 984f9d27a857b0b56ae58a11cb16a1e561fa801f [5ms]
2023-12-10 17:31:31.990 [info] > git show --textconv :nixos/workstations/laptop/ags/package.json [26ms]
2023-12-10 17:31:33.194 [info] > git checkout -q -- /home/martin/.dots/nixos/flake.lock [23ms]
2023-12-10 17:31:33.245 [info] > git config --get commit.template [24ms]
2023-12-10 17:31:33.247 [info] > git for-each-ref --format=%(refname)%00%(upstream:short)%00%(objectname)%00%(upstream:track)%00%(upstream:remotename)%00%(upstream:remoteref) refs/heads/main refs/remotes/main [5ms]
2023-12-10 17:31:33.272 [info] > git status -z -uall [8ms]
2023-12-10 17:31:34.397 [info] > git ls-files --stage -- /home/martin/.dots/nixos/workstations/laptop/ags/package.json [5ms]
2023-12-10 17:31:34.422 [info] > git cat-file -s 984f9d27a857b0b56ae58a11cb16a1e561fa801f [4ms]
2023-12-10 17:31:34.451 [info] > git show --textconv :nixos/workstations/laptop/ags/package.json [5ms]
2023-12-10 17:31:36.900 [info] > git log --oneline --cherry main...main@{upstream} -- [5ms]
2023-12-10 17:31:38.028 [info] > git pull --tags -r origin main [1103ms]
2023-12-10 17:31:38.028 [info] From https://github.com/RoccoRakete/hyprland-dots
 * branch            main       -> FETCH_HEAD
   ddd61cb..e99673f  main       -> origin/main
2023-12-10 17:31:38.056 [info] > git config --get commit.template [16ms]
2023-12-10 17:31:38.059 [info] > git for-each-ref --format=%(refname)%00%(upstream:short)%00%(objectname)%00%(upstream:track)%00%(upstream:remotename)%00%(upstream:remoteref) refs/heads/main refs/remotes/main [5ms]
2023-12-10 17:31:38.100 [info] > git status -z -uall [20ms]
2023-12-10 17:31:38.164 [info] > git config --get commit.template [26ms]
2023-12-10 17:31:38.167 [info] > git for-each-ref --format=%(refname)%00%(upstream:short)%00%(objectname)%00%(upstream:track)%00%(upstream:remotename)%00%(upstream:remoteref) refs/heads/main refs/remotes/main [6ms]
2023-12-10 17:31:38.208 [info] > git status -z -uall [21ms]
2023-12-10 17:31:38.809 [info] > git check-ignore -v -z --stdin [5ms]
2023-12-10 17:31:39.438 [info] > git ls-files --stage -- /home/martin/.dots/nixos/workstations/laptop/ags/package.json [4ms]
2023-12-10 17:31:39.466 [info] > git show --textconv :nixos/workstations/laptop/ags/package.json [6ms]
2023-12-10 17:31:43.252 [info] > git config --get commit.template [10ms]
2023-12-10 17:31:43.253 [info] > git for-each-ref --format=%(refname)%00%(upstream:short)%00%(objectname)%00%(upstream:track)%00%(upstream:remotename)%00%(upstream:remoteref) refs/heads/main refs/remotes/main [2ms]
2023-12-10 17:31:43.269 [info] > git status -z -uall [8ms]
2023-12-10 17:31:43.883 [info] > git check-ignore -v -z --stdin [4ms]
2023-12-10 17:31:47.782 [info] > git config --get commit.template [10ms]
2023-12-10 17:31:47.783 [info] > git for-each-ref --format=%(refname)%00%(upstream:short)%00%(objectname)%00%(upstream:track)%00%(upstream:remotename)%00%(upstream:remoteref) refs/heads/main refs/remotes/main [2ms]
2023-12-10 17:31:47.801 [info] > git status -z -uall [8ms]
2023-12-10 17:31:59.523 [info] > git config --get commit.template [22ms]
2023-12-10 17:31:59.526 [info] > git for-each-ref --format=%(refname)%00%(upstream:short)%00%(objectname)%00%(upstream:track)%00%(upstream:remotename)%00%(upstream:remoteref) refs/heads/main refs/remotes/main [5ms]
2023-12-10 17:31:59.562 [info] > git status -z -uall [18ms]
2023-12-10 17:32:04.120 [info] > git show --textconv HEAD:neofetch/ascii.txt [11ms]
2023-12-10 17:32:04.123 [info] > git ls-tree -l HEAD -- /home/martin/.dots/neofetch/ascii.txt [4ms]
2023-12-10 17:32:04.620 [info] > git config --get commit.template [25ms]
2023-12-10 17:32:04.622 [info] > git for-each-ref --format=%(refname)%00%(upstream:short)%00%(objectname)%00%(upstream:track)%00%(upstream:remotename)%00%(upstream:remoteref) refs/heads/main refs/remotes/main [5ms]
2023-12-10 17:32:04.666 [info] > git status -z -uall [22ms]
2023-12-10 17:32:07.148 [info] > git show --textconv :gtklock/config.ini [13ms]
2023-12-10 17:32:07.150 [info] > git ls-files --stage -- /home/martin/.dots/gtklock/config.ini [3ms]
2023-12-10 17:32:08.256 [info] > git show --textconv HEAD:neofetch/config.conf [24ms]
2023-12-10 17:32:08.259 [info] > git ls-tree -l HEAD -- /home/martin/.dots/neofetch/config.conf [5ms]
2023-12-10 17:32:09.697 [info] > git config --get commit.template [12ms]
2023-12-10 17:32:09.698 [info] > git for-each-ref --format=%(refname)%00%(upstream:short)%00%(objectname)%00%(upstream:track)%00%(upstream:remotename)%00%(upstream:remoteref) refs/heads/main refs/remotes/main [2ms]
2023-12-10 17:32:09.716 [info] > git status -z -uall [9ms]
2023-12-10 17:32:13.608 [info] > git ls-tree -l HEAD -- /home/martin/.dots/neofetch/config.conf [4ms]
2023-12-10 17:32:14.440 [info] > git ls-tree -l HEAD -- /home/martin/.dots/neofetch/config.conf [5ms]
2023-12-10 17:32:14.766 [info] > git config --get commit.template [23ms]
2023-12-10 17:32:14.768 [info] > git for-each-ref --format=%(refname)%00%(upstream:short)%00%(objectname)%00%(upstream:track)%00%(upstream:remotename)%00%(upstream:remoteref) refs/heads/main refs/remotes/main [4ms]
2023-12-10 17:32:14.806 [info] > git status -z -uall [20ms]
2023-12-10 17:32:15.686 [info] > git ls-tree -l HEAD -- /home/martin/.dots/neofetch/config.conf [32ms]
2023-12-10 17:32:15.689 [info] > git ls-tree -l HEAD -- /home/martin/.dots/neofetch/config.conf [68ms]
2023-12-10 17:32:15.691 [info] > git add -A -- . [109ms]
2023-12-10 17:32:15.720 [info] > git ls-tree -l HEAD -- /home/martin/.dots/neofetch/config.conf [39ms]
2023-12-10 17:32:16.443 [info] > git show --textconv :.git/COMMIT_EDITMSG [6ms]
2023-12-10 17:32:16.444 [info] > git ls-files --stage -- /home/martin/.dots/.git/COMMIT_EDITMSG [1ms]
2023-12-10 17:32:17.008 [info] > git ls-tree -l HEAD -- /home/martin/.dots/neofetch/config.conf [21ms]
2023-12-10 17:32:17.011 [info] > git ls-files --stage -- /home/martin/.dots/.git/COMMIT_EDITMSG [5ms]
2023-12-10 17:32:17.054 [info] > git show --textconv HEAD:neofetch/config.conf [24ms]
2023-12-10 17:32:17.057 [info] > git show --textconv :.git/COMMIT_EDITMSG [5ms]
2023-12-10 17:32:22.035 [info] > git -c user.useConfigOnly=true commit --quiet [6320ms]
2023-12-10 17:32:22.097 [info] > git config --get commit.template [31ms]
2023-12-10 17:32:22.124 [info] > git for-each-ref --format=%(refname)%00%(upstream:short)%00%(objectname)%00%(upstream:track)%00%(upstream:remotename)%00%(upstream:remoteref) refs/heads/main refs/remotes/main [31ms]
2023-12-10 17:32:22.153 [info] > git ls-tree -l HEAD -- /home/martin/.dots/neofetch/config.conf [32ms]
2023-12-10 17:32:22.158 [info] > git status -z -uall [13ms]
2023-12-10 17:32:22.217 [info] > git config --get commit.template [14ms]
2023-12-10 17:32:22.220 [info] > git for-each-ref --format=%(refname)%00%(upstream:short)%00%(objectname)%00%(upstream:track)%00%(upstream:remotename)%00%(upstream:remoteref) refs/heads/main refs/remotes/main [6ms]
2023-12-10 17:32:22.238 [info] > git status -z -uall [7ms]
2023-12-10 17:32:22.254 [info] > git show --textconv HEAD:neofetch/config.conf [3ms]
2023-12-10 17:32:23.274 [info] > git push origin main:main [1085ms]
2023-12-10 17:32:23.274 [info] To https://github.com/RoccoRakete/hyprland-dots.git
   e99673f..c297976  main -> main
2023-12-10 17:32:23.313 [info] > git config --get commit.template [20ms]
2023-12-10 17:32:23.315 [info] > git for-each-ref --format=%(refname)%00%(upstream:short)%00%(objectname)%00%(upstream:track)%00%(upstream:remotename)%00%(upstream:remoteref) refs/heads/main refs/remotes/main [4ms]
2023-12-10 17:32:23.345 [info] > git status -z -uall [10ms]
2023-12-10 17:32:23.386 [info] > git ls-tree -l HEAD -- /home/martin/.dots/neofetch/config.conf [5ms]
2023-12-10 17:32:23.482 [info] > git config --get commit.template [28ms]
2023-12-10 17:32:23.485 [info] > git show --textconv HEAD:neofetch/config.conf [12ms]
2023-12-10 17:32:23.509 [info] > git for-each-ref --format=%(refname)%00%(upstream:short)%00%(objectname)%00%(upstream:track)%00%(upstream:remotename)%00%(upstream:remoteref) refs/heads/main refs/remotes/main [5ms]
2023-12-10 17:32:23.535 [info] > git status -z -uall [9ms]
2023-12-10 17:32:24.609 [info] > git ls-tree -l HEAD -- /home/martin/.dots/neofetch/config.conf [4ms]
2023-12-10 17:32:24.632 [info] > git show --textconv HEAD:neofetch/config.conf [5ms]
2023-12-10 17:32:27.288 [info] > git config --get commit.template [24ms]
2023-12-10 17:32:27.291 [info] > git for-each-ref --format=%(refname)%00%(upstream:short)%00%(objectname)%00%(upstream:track)%00%(upstream:remotename)%00%(upstream:remoteref) refs/heads/main refs/remotes/main [6ms]
2023-12-10 17:32:27.321 [info] > git status -z -uall [11ms]
2023-12-10 17:32:28.581 [info] > git show --textconv :gtklock/config.ini [18ms]
2023-12-10 17:32:28.582 [info] > git ls-files --stage -- /home/martin/.dots/gtklock/config.ini [2ms]
2023-12-10 17:32:32.070 [info] > git check-ignore -v -z --stdin [5ms]
2023-12-10 17:32:32.372 [info] > git config --get commit.template [22ms]
2023-12-10 17:32:32.374 [info] > git for-each-ref --format=%(refname)%00%(upstream:short)%00%(objectname)%00%(upstream:track)%00%(upstream:remotename)%00%(upstream:remoteref) refs/heads/main refs/remotes/main [4ms]
2023-12-10 17:32:32.403 [info] > git status -z -uall [10ms]
2023-12-10 17:32:37.437 [info] > git config --get commit.template [10ms]
2023-12-10 17:32:37.437 [info] > git for-each-ref --format=%(refname)%00%(upstream:short)%00%(objectname)%00%(upstream:track)%00%(upstream:remotename)%00%(upstream:remoteref) refs/heads/main refs/remotes/main [2ms]
2023-12-10 17:32:37.451 [info] > git status -z -uall [5ms]
2023-12-10 17:32:41.817 [info] > git add -A -- . [17ms]
2023-12-10 17:32:42.447 [info] > git show --textconv :.git/COMMIT_EDITMSG [12ms]
2023-12-10 17:32:42.450 [info] > git ls-files --stage -- /home/martin/.dots/.git/COMMIT_EDITMSG [3ms]
2023-12-10 17:32:43.123 [info] > git ls-files --stage -- /home/martin/.dots/.git/COMMIT_EDITMSG [5ms]
2023-12-10 17:32:43.156 [info] > git show --textconv :.git/COMMIT_EDITMSG [4ms]
2023-12-10 17:32:46.426 [info] > git -c user.useConfigOnly=true commit --quiet [4588ms]
2023-12-10 17:32:46.470 [info] > git config --get commit.template [25ms]
2023-12-10 17:32:46.472 [info] > git for-each-ref --format=%(refname)%00%(upstream:short)%00%(objectname)%00%(upstream:track)%00%(upstream:remotename)%00%(upstream:remoteref) refs/heads/main refs/remotes/main [7ms]
2023-12-10 17:32:46.499 [info] > git status -z -uall [9ms]
2023-12-10 17:32:46.612 [info] > git config --get commit.template [33ms]
2023-12-10 17:32:46.615 [info] > git for-each-ref --format=%(refname)%00%(upstream:short)%00%(objectname)%00%(upstream:track)%00%(upstream:remotename)%00%(upstream:remoteref) refs/heads/main refs/remotes/main [8ms]
2023-12-10 17:32:46.633 [info] > git status -z -uall [6ms]
2023-12-10 17:32:46.974 [info] > git show --textconv :gtklock/config.ini [41ms]
2023-12-10 17:32:46.982 [info] > git ls-files --stage -- /home/martin/.dots/gtklock/config.ini [9ms]
2023-12-10 17:32:47.754 [info] > git push origin main:main [1208ms]
2023-12-10 17:32:47.754 [info] To https://github.com/RoccoRakete/hyprland-dots.git
   c297976..ac41c7c  main -> main
2023-12-10 17:32:47.793 [info] > git config --get commit.template [20ms]
2023-12-10 17:32:47.794 [info] > git for-each-ref --format=%(refname)%00%(upstream:short)%00%(objectname)%00%(upstream:track)%00%(upstream:remotename)%00%(upstream:remoteref) refs/heads/main refs/remotes/main [3ms]
2023-12-10 17:32:47.825 [info] > git status -z -uall [14ms]
2023-12-10 17:32:47.897 [info] > git config --get commit.template [1ms]
2023-12-10 17:32:47.904 [info] > git for-each-ref --format=%(refname)%00%(upstream:short)%00%(objectname)%00%(upstream:track)%00%(upstream:remotename)%00%(upstream:remoteref) refs/heads/main refs/remotes/main [1ms]
2023-12-10 17:32:47.912 [info] > git status -z -uall [3ms]
2023-12-10 17:32:49.082 [info] > git ls-files --stage -- /home/martin/.dots/gtklock/config.ini [4ms]
2023-12-10 17:32:49.111 [info] > git show --textconv :gtklock/config.ini [5ms]
2023-12-10 17:32:51.670 [info] > git config --get commit.template [5ms]
2023-12-10 17:32:51.704 [info] > git for-each-ref --format=%(refname)%00%(upstream:short)%00%(objectname)%00%(upstream:track)%00%(upstream:remotename)%00%(upstream:remoteref) refs/heads/main refs/remotes/main [5ms]
2023-12-10 17:32:51.741 [info] > git status -z -uall [11ms]
2023-12-10 17:33:13.747 [info] > git config --get commit.template [22ms]
2023-12-10 17:33:13.750 [info] > git for-each-ref --format=%(refname)%00%(upstream:short)%00%(objectname)%00%(upstream:track)%00%(upstream:remotename)%00%(upstream:remoteref) refs/heads/main refs/remotes/main [5ms]
2023-12-10 17:33:13.779 [info] > git status -z -uall [10ms]
2023-12-10 17:33:30.539 [info] > git config --get commit.template [23ms]
2023-12-10 17:33:30.541 [info] > git for-each-ref --format=%(refname)%00%(upstream:short)%00%(objectname)%00%(upstream:track)%00%(upstream:remotename)%00%(upstream:remoteref) refs/heads/main refs/remotes/main [4ms]
2023-12-10 17:33:30.571 [info] > git status -z -uall [10ms]
2023-12-10 17:33:33.221 [info] > git show --textconv :nixos/configs/tlp.nix [6ms]
2023-12-10 17:33:33.222 [info] > git ls-files --stage -- /home/martin/.dots/nixos/configs/tlp.nix [1ms]
2023-12-10 17:33:33.232 [info] > git cat-file -s 75284de35ae2762198362092b349319992eced64 [2ms]
2023-12-10 17:33:35.624 [info] > git config --get commit.template [22ms]
2023-12-10 17:33:35.627 [info] > git for-each-ref --format=%(refname)%00%(upstream:short)%00%(objectname)%00%(upstream:track)%00%(upstream:remotename)%00%(upstream:remoteref) refs/heads/main refs/remotes/main [5ms]
2023-12-10 17:33:35.658 [info] > git status -z -uall [10ms]
2023-12-10 17:35:22.742 [info] > git show --textconv :nixos/workstations/laptop/dotfiles.nix [34ms]
2023-12-10 17:35:22.748 [info] > git ls-files --stage -- /home/martin/.dots/nixos/workstations/laptop/dotfiles.nix [13ms]
2023-12-10 17:35:22.775 [info] > git cat-file -s b35a8f0ddb823694a3a0e8cb167c6b36074eec95 [5ms]
2023-12-10 17:35:42.058 [info] > git config --get commit.template [41ms]
2023-12-10 17:35:42.067 [info] > git for-each-ref --format=%(refname)%00%(upstream:short)%00%(objectname)%00%(upstream:track)%00%(upstream:remotename)%00%(upstream:remoteref) refs/heads/main refs/remotes/main [13ms]
2023-12-10 17:35:42.133 [info] > git status -z -uall [25ms]
2023-12-10 17:35:47.221 [info] > git config --get commit.template [34ms]
2023-12-10 17:35:47.229 [info] > git for-each-ref --format=%(refname)%00%(upstream:short)%00%(objectname)%00%(upstream:track)%00%(upstream:remotename)%00%(upstream:remoteref) refs/heads/main refs/remotes/main [7ms]
2023-12-10 17:35:47.261 [info] > git status -z -uall [9ms]
2023-12-10 17:35:55.622 [info] > git check-ignore -v -z --stdin [2ms]
2023-12-10 17:35:56.597 [info] > git check-ignore -v -z --stdin [2ms]
2023-12-10 17:35:57.351 [info] > git config --get commit.template [12ms]
2023-12-10 17:35:57.353 [info] > git for-each-ref --format=%(refname)%00%(upstream:short)%00%(objectname)%00%(upstream:track)%00%(upstream:remotename)%00%(upstream:remoteref) refs/heads/main refs/remotes/main [2ms]
2023-12-10 17:35:57.368 [info] > git status -z -uall [4ms]
2023-12-10 17:35:58.226 [info] > git show --textconv :nixos/workstations/laptop/dotfiles/hypr/monitors.conf [10ms]
2023-12-10 17:35:58.228 [info] > git ls-files --stage -- /home/martin/.dots/nixos/workstations/laptop/dotfiles/hypr/monitors.conf [1ms]
2023-12-10 17:35:58.239 [info] > git cat-file -s b4d343a08685fac06d53c015b336f76d1bbecd89 [1ms]
2023-12-10 17:36:02.390 [info] > git config --get commit.template [10ms]
2023-12-10 17:36:02.391 [info] > git for-each-ref --format=%(refname)%00%(upstream:short)%00%(objectname)%00%(upstream:track)%00%(upstream:remotename)%00%(upstream:remoteref) refs/heads/main refs/remotes/main [2ms]
2023-12-10 17:36:02.404 [info] > git status -z -uall [4ms]
2023-12-10 17:36:07.427 [info] > git config --get commit.template [9ms]
2023-12-10 17:36:07.429 [info] > git for-each-ref --format=%(refname)%00%(upstream:short)%00%(objectname)%00%(upstream:track)%00%(upstream:remotename)%00%(upstream:remoteref) refs/heads/main refs/remotes/main [2ms]
2023-12-10 17:36:07.442 [info] > git status -z -uall [5ms]
2023-12-10 17:36:12.470 [info] > git config --get commit.template [13ms]
2023-12-10 17:36:12.471 [info] > git for-each-ref --format=%(refname)%00%(upstream:short)%00%(objectname)%00%(upstream:track)%00%(upstream:remotename)%00%(upstream:remoteref) refs/heads/main refs/remotes/main [2ms]
2023-12-10 17:36:12.486 [info] > git status -z -uall [5ms]
2023-12-10 17:36:17.518 [info] > git config --get commit.template [15ms]
2023-12-10 17:36:17.520 [info] > git for-each-ref --format=%(refname)%00%(upstream:short)%00%(objectname)%00%(upstream:track)%00%(upstream:remotename)%00%(upstream:remoteref) refs/heads/main refs/remotes/main [2ms]
2023-12-10 17:36:17.536 [info] > git status -z -uall [5ms]
2023-12-10 17:36:22.566 [info] > git config --get commit.template [13ms]
2023-12-10 17:36:22.567 [info] > git for-each-ref --format=%(refname)%00%(upstream:short)%00%(objectname)%00%(upstream:track)%00%(upstream:remotename)%00%(upstream:remoteref) refs/heads/main refs/remotes/main [2ms]
2023-12-10 17:36:22.582 [info] > git status -z -uall [4ms]
2023-12-10 17:36:32.006 [info] > git config --get commit.template [23ms]
2023-12-10 17:36:32.008 [info] > git for-each-ref --format=%(refname)%00%(upstream:short)%00%(objectname)%00%(upstream:track)%00%(upstream:remotename)%00%(upstream:remoteref) refs/heads/main refs/remotes/main [3ms]
2023-12-10 17:36:32.030 [info] > git status -z -uall [6ms]
2023-12-10 17:36:37.065 [info] > git config --get commit.template [16ms]
2023-12-10 17:36:37.067 [info] > git for-each-ref --format=%(refname)%00%(upstream:short)%00%(objectname)%00%(upstream:track)%00%(upstream:remotename)%00%(upstream:remoteref) refs/heads/main refs/remotes/main [3ms]
2023-12-10 17:36:37.084 [info] > git status -z -uall [7ms]
2023-12-10 17:36:44.197 [info] > git config --get commit.template [13ms]
2023-12-10 17:36:44.198 [info] > git for-each-ref --format=%(refname)%00%(upstream:short)%00%(objectname)%00%(upstream:track)%00%(upstream:remotename)%00%(upstream:remoteref) refs/heads/main refs/remotes/main [2ms]
2023-12-10 17:36:44.215 [info] > git status -z -uall [6ms]
2023-12-10 17:36:46.681 [info] > git show --textconv :nixos/workstations/laptop/dotfiles/hypr/monitors.conf [14ms]
2023-12-10 17:36:46.683 [info] > git ls-files --stage -- /home/martin/.dots/nixos/workstations/laptop/dotfiles/hypr/monitors.conf [3ms]
2023-12-10 17:36:46.698 [info] > git cat-file -s b4d343a08685fac06d53c015b336f76d1bbecd89 [2ms]
2023-12-10 17:36:49.245 [info] > git config --get commit.template [14ms]
2023-12-10 17:36:49.246 [info] > git for-each-ref --format=%(refname)%00%(upstream:short)%00%(objectname)%00%(upstream:track)%00%(upstream:remotename)%00%(upstream:remoteref) refs/heads/main refs/remotes/main [3ms]
2023-12-10 17:36:49.264 [info] > git status -z -uall [6ms]
2023-12-10 17:36:49.824 [info] > git show --textconv :nixos/workstations/laptop/dotfiles/hypr/monitors.conf [11ms]
2023-12-10 17:36:49.826 [info] > git ls-files --stage -- /home/martin/.dots/nixos/workstations/laptop/dotfiles/hypr/monitors.conf [3ms]
2023-12-10 17:36:49.842 [info] > git cat-file -s b4d343a08685fac06d53c015b336f76d1bbecd89 [3ms]
2023-12-10 17:36:54.289 [info] > git config --get commit.template [10ms]
2023-12-10 17:36:54.290 [info] > git for-each-ref --format=%(refname)%00%(upstream:short)%00%(objectname)%00%(upstream:track)%00%(upstream:remotename)%00%(upstream:remoteref) refs/heads/main refs/remotes/main [2ms]
2023-12-10 17:36:54.305 [info] > git status -z -uall [4ms]
2023-12-10 17:37:35.494 [info] > git show --textconv :nixos/workstations/laptop/dotfiles/hypr/WindowRules.conf [24ms]
2023-12-10 17:37:35.502 [info] > git ls-files --stage -- /home/martin/.dots/nixos/workstations/laptop/dotfiles/hypr/WindowRules.conf [8ms]
2023-12-10 17:37:35.530 [info] > git cat-file -s b6cd633bec7c124a58edf35eff1ae11ebf01188a [4ms]
2023-12-10 17:37:59.705 [info] > git config --get commit.template [17ms]
2023-12-10 17:37:59.706 [info] > git for-each-ref --format=%(refname)%00%(upstream:short)%00%(objectname)%00%(upstream:track)%00%(upstream:remotename)%00%(upstream:remoteref) refs/heads/main refs/remotes/main [1ms]
2023-12-10 17:37:59.720 [info] > git status -z -uall [4ms]
2023-12-10 17:43:45.703 [info] > git config --get commit.template [14ms]
2023-12-10 17:43:45.709 [info] > git for-each-ref --format=%(refname)%00%(upstream:short)%00%(objectname)%00%(upstream:track)%00%(upstream:remotename)%00%(upstream:remoteref) refs/heads/main refs/remotes/main [7ms]
2023-12-10 17:43:45.725 [info] > git status -z -uall [5ms]
2023-12-10 17:45:17.968 [info] > git config --get commit.template [16ms]
2023-12-10 17:45:17.982 [info] > git for-each-ref --format=%(refname)%00%(upstream:short)%00%(objectname)%00%(upstream:track)%00%(upstream:remotename)%00%(upstream:remoteref) refs/heads/main refs/remotes/main [16ms]
2023-12-10 17:45:17.994 [info] > git ls-files --stage -- /home/martin/.dots/nixos/workstations/laptop/dotfiles/hypr/WindowRules.conf [13ms]
2023-12-10 17:45:18.003 [info] > git status -z -uall [10ms]
2023-12-10 17:45:18.007 [info] > git cat-file -s b6cd633bec7c124a58edf35eff1ae11ebf01188a [4ms]
2023-12-10 17:45:18.039 [info] > git show --textconv :nixos/workstations/laptop/dotfiles/hypr/WindowRules.conf [3ms]
2023-12-10 17:45:19.401 [info] > git show --textconv :nixos/workstations/laptop/dotfiles/hypr/monitors.conf [21ms]
2023-12-10 17:45:19.405 [info] > git ls-files --stage -- /home/martin/.dots/nixos/workstations/laptop/dotfiles/hypr/monitors.conf [5ms]
2023-12-10 17:45:19.432 [info] > git cat-file -s b4d343a08685fac06d53c015b336f76d1bbecd89 [6ms]
2023-12-10 17:45:23.051 [info] > git config --get commit.template [21ms]
2023-12-10 17:45:23.053 [info] > git for-each-ref --format=%(refname)%00%(upstream:short)%00%(objectname)%00%(upstream:track)%00%(upstream:remotename)%00%(upstream:remoteref) refs/heads/main refs/remotes/main [4ms]
2023-12-10 17:45:23.081 [info] > git status -z -uall [10ms]
2023-12-10 17:45:27.179 [info] > git check-ignore -v -z --stdin [4ms]
2023-12-10 17:45:28.125 [info] > git config --get commit.template [18ms]
2023-12-10 17:45:28.127 [info] > git for-each-ref --format=%(refname)%00%(upstream:short)%00%(objectname)%00%(upstream:track)%00%(upstream:remotename)%00%(upstream:remoteref) refs/heads/main refs/remotes/main [3ms]
2023-12-10 17:45:28.151 [info] > git status -z -uall [9ms]
2023-12-10 17:45:28.882 [info] > git show --textconv :nixos/workstations/laptop/dotfiles/hypr/presets/monitors_internal.conf [21ms]
2023-12-10 17:45:28.884 [info] > git ls-files --stage -- /home/martin/.dots/nixos/workstations/laptop/dotfiles/hypr/presets/monitors_internal.conf [4ms]
2023-12-10 17:45:28.907 [info] > git cat-file -s 1a844cc01c4fd1193a55a890eb9ca6552f3a21b6 [5ms]
2023-12-10 17:45:33.180 [info] > git config --get commit.template [6ms]
2023-12-10 17:45:33.181 [info] > git for-each-ref --format=%(refname)%00%(upstream:short)%00%(objectname)%00%(upstream:track)%00%(upstream:remotename)%00%(upstream:remoteref) refs/heads/main refs/remotes/main [1ms]
2023-12-10 17:45:33.189 [info] > git status -z -uall [3ms]
2023-12-10 17:45:33.749 [info] > git show --textconv :nixos/workstations/laptop/dotfiles/hypr/monitors.conf [23ms]
2023-12-10 17:45:33.753 [info] > git ls-files --stage -- /home/martin/.dots/nixos/workstations/laptop/dotfiles/hypr/monitors.conf [6ms]
2023-12-10 17:45:33.776 [info] > git cat-file -s b4d343a08685fac06d53c015b336f76d1bbecd89 [5ms]
2023-12-10 17:45:38.229 [info] > git config --get commit.template [20ms]
2023-12-10 17:45:38.230 [info] > git for-each-ref --format=%(refname)%00%(upstream:short)%00%(objectname)%00%(upstream:track)%00%(upstream:remotename)%00%(upstream:remoteref) refs/heads/main refs/remotes/main [4ms]
2023-12-10 17:45:38.255 [info] > git status -z -uall [8ms]
2023-12-10 17:46:09.903 [info] > git config --get commit.template [22ms]
2023-12-10 17:46:09.905 [info] > git for-each-ref --format=%(refname)%00%(upstream:short)%00%(objectname)%00%(upstream:track)%00%(upstream:remotename)%00%(upstream:remoteref) refs/heads/main refs/remotes/main [4ms]
2023-12-10 17:46:09.930 [info] > git status -z -uall [8ms]
2023-12-10 17:46:14.982 [info] > git config --get commit.template [20ms]
2023-12-10 17:46:14.984 [info] > git for-each-ref --format=%(refname)%00%(upstream:short)%00%(objectname)%00%(upstream:track)%00%(upstream:remotename)%00%(upstream:remoteref) refs/heads/main refs/remotes/main [5ms]
2023-12-10 17:46:15.013 [info] > git status -z -uall [10ms]
2023-12-10 17:46:29.228 [info] > git config --get commit.template [19ms]
2023-12-10 17:46:29.230 [info] > git for-each-ref --format=%(refname)%00%(upstream:short)%00%(objectname)%00%(upstream:track)%00%(upstream:remotename)%00%(upstream:remoteref) refs/heads/main refs/remotes/main [3ms]
2023-12-10 17:46:29.256 [info] > git status -z -uall [9ms]
2023-12-10 17:46:34.300 [info] > git config --get commit.template [21ms]
2023-12-10 17:46:34.302 [info] > git for-each-ref --format=%(refname)%00%(upstream:short)%00%(objectname)%00%(upstream:track)%00%(upstream:remotename)%00%(upstream:remoteref) refs/heads/main refs/remotes/main [4ms]
2023-12-10 17:46:34.329 [info] > git status -z -uall [9ms]
2023-12-10 17:46:39.379 [info] > git config --get commit.template [21ms]
2023-12-10 17:46:39.382 [info] > git for-each-ref --format=%(refname)%00%(upstream:short)%00%(objectname)%00%(upstream:track)%00%(upstream:remotename)%00%(upstream:remoteref) refs/heads/main refs/remotes/main [4ms]
2023-12-10 17:46:39.409 [info] > git status -z -uall [10ms]
2023-12-10 17:46:41.603 [info] > git check-ignore -v -z --stdin [4ms]
2023-12-10 17:46:42.136 [info] > git show --textconv :nixos/workstations/laptop/dotfiles/kitty/kitty.conf [21ms]
2023-12-10 17:46:42.140 [info] > git ls-files --stage -- /home/martin/.dots/nixos/workstations/laptop/dotfiles/kitty/kitty.conf [5ms]
2023-12-10 17:46:42.171 [info] > git cat-file -s 271e6f06d61a22af82bf9bac77563b9384133f7c [4ms]
2023-12-10 17:46:44.464 [info] > git config --get commit.template [21ms]
2023-12-10 17:46:44.466 [info] > git for-each-ref --format=%(refname)%00%(upstream:short)%00%(objectname)%00%(upstream:track)%00%(upstream:remotename)%00%(upstream:remoteref) refs/heads/main refs/remotes/main [4ms]
2023-12-10 17:46:44.496 [info] > git status -z -uall [11ms]
2023-12-10 17:46:49.337 [info] > git check-ignore -v -z --stdin [6ms]
2023-12-10 17:46:49.546 [info] > git config --get commit.template [20ms]
2023-12-10 17:46:49.548 [info] > git for-each-ref --format=%(refname)%00%(upstream:short)%00%(objectname)%00%(upstream:track)%00%(upstream:remotename)%00%(upstream:remoteref) refs/heads/main refs/remotes/main [4ms]
2023-12-10 17:46:49.574 [info] > git status -z -uall [9ms]
2023-12-10 17:46:54.619 [info] > git config --get commit.template [20ms]
2023-12-10 17:46:54.621 [info] > git for-each-ref --format=%(refname)%00%(upstream:short)%00%(objectname)%00%(upstream:track)%00%(upstream:remotename)%00%(upstream:remoteref) refs/heads/main refs/remotes/main [4ms]
2023-12-10 17:46:54.648 [info] > git status -z -uall [9ms]
2023-12-10 17:46:59.697 [info] > git config --get commit.template [20ms]
2023-12-10 17:46:59.699 [info] > git for-each-ref --format=%(refname)%00%(upstream:short)%00%(objectname)%00%(upstream:track)%00%(upstream:remotename)%00%(upstream:remoteref) refs/heads/main refs/remotes/main [4ms]
2023-12-10 17:46:59.725 [info] > git status -z -uall [9ms]
2023-12-10 17:47:34.238 [info] > git config --get commit.template [20ms]
2023-12-10 17:47:34.240 [info] > git for-each-ref --format=%(refname)%00%(upstream:short)%00%(objectname)%00%(upstream:track)%00%(upstream:remotename)%00%(upstream:remoteref) refs/heads/main refs/remotes/main [4ms]
2023-12-10 17:47:34.261 [info] > git status -z -uall [5ms]
2023-12-10 17:47:43.432 [info] > git config --get commit.template [20ms]
2023-12-10 17:47:43.435 [info] > git for-each-ref --format=%(refname)%00%(upstream:short)%00%(objectname)%00%(upstream:track)%00%(upstream:remotename)%00%(upstream:remoteref) refs/heads/main refs/remotes/main [4ms]
2023-12-10 17:47:43.462 [info] > git status -z -uall [9ms]
2023-12-10 17:47:49.282 [info] > git config --get commit.template [20ms]
2023-12-10 17:47:49.284 [info] > git for-each-ref --format=%(refname)%00%(upstream:short)%00%(objectname)%00%(upstream:track)%00%(upstream:remotename)%00%(upstream:remoteref) refs/heads/main refs/remotes/main [5ms]
2023-12-10 17:47:49.311 [info] > git status -z -uall [10ms]
2023-12-10 17:47:51.210 [info] > git add -A -- . [17ms]
2023-12-10 17:47:51.636 [info] > git show --textconv :.git/COMMIT_EDITMSG [8ms]
2023-12-10 17:47:51.638 [info] > git ls-files --stage -- /home/martin/.dots/.git/COMMIT_EDITMSG [3ms]
2023-12-10 17:47:52.557 [info] > git ls-files --stage -- /home/martin/.dots/.git/COMMIT_EDITMSG [3ms]
2023-12-10 17:47:52.582 [info] > git show --textconv :.git/COMMIT_EDITMSG [4ms]
2023-12-10 17:47:56.271 [info] > git -c user.useConfigOnly=true commit --quiet [5049ms]
2023-12-10 17:47:56.314 [info] > git config --get commit.template [23ms]
2023-12-10 17:47:56.318 [info] > git for-each-ref --format=%(refname)%00%(upstream:short)%00%(objectname)%00%(upstream:track)%00%(upstream:remotename)%00%(upstream:remoteref) refs/heads/main refs/remotes/main [5ms]
2023-12-10 17:47:56.326 [info] > git status -z -uall [2ms]
2023-12-10 17:47:56.362 [info] > git config --get commit.template [11ms]
2023-12-10 17:47:56.364 [info] > git for-each-ref --format=%(refname)%00%(upstream:short)%00%(objectname)%00%(upstream:track)%00%(upstream:remotename)%00%(upstream:remoteref) refs/heads/main refs/remotes/main [3ms]
2023-12-10 17:47:56.378 [info] > git status -z -uall [5ms]
2023-12-10 17:47:57.483 [info] > git push origin main:main [1142ms]
2023-12-10 17:47:57.483 [info] To https://github.com/RoccoRakete/hyprland-dots.git
   ac41c7c..03f3a76  main -> main
2023-12-10 17:47:57.525 [info] > git config --get commit.template [22ms]
2023-12-10 17:47:57.528 [info] > git for-each-ref --format=%(refname)%00%(upstream:short)%00%(objectname)%00%(upstream:track)%00%(upstream:remotename)%00%(upstream:remoteref) refs/heads/main refs/remotes/main [5ms]
2023-12-10 17:47:57.557 [info] > git status -z -uall [10ms]
2023-12-10 17:47:57.669 [info] > git config --get commit.template [18ms]
2023-12-10 17:47:57.671 [info] > git for-each-ref --format=%(refname)%00%(upstream:short)%00%(objectname)%00%(upstream:track)%00%(upstream:remotename)%00%(upstream:remoteref) refs/heads/main refs/remotes/main [4ms]
2023-12-10 17:47:57.697 [info] > git status -z -uall [9ms]
2023-12-10 17:48:01.425 [info] > git config --get commit.template [22ms]
2023-12-10 17:48:01.428 [info] > git for-each-ref --format=%(refname)%00%(upstream:short)%00%(objectname)%00%(upstream:track)%00%(upstream:remotename)%00%(upstream:remoteref) refs/heads/main refs/remotes/main [5ms]
2023-12-10 17:48:01.456 [info] > git status -z -uall [10ms]
2023-12-10 17:48:06.505 [info] > git config --get commit.template [22ms]
2023-12-10 17:48:06.507 [info] > git for-each-ref --format=%(refname)%00%(upstream:short)%00%(objectname)%00%(upstream:track)%00%(upstream:remotename)%00%(upstream:remoteref) refs/heads/main refs/remotes/main [4ms]
2023-12-10 17:48:06.535 [info] > git status -z -uall [10ms]
2023-12-10 18:47:21.501 [info] > git config --get commit.template [8ms]
2023-12-10 18:47:21.502 [info] > git for-each-ref --format=%(refname)%00%(upstream:short)%00%(objectname)%00%(upstream:track)%00%(upstream:remotename)%00%(upstream:remoteref) refs/heads/main refs/remotes/main [2ms]
2023-12-10 18:47:21.513 [info] > git status -z -uall [3ms]
2023-12-10 18:47:26.542 [info] > git config --get commit.template [4ms]
2023-12-10 18:47:26.564 [info] > git for-each-ref --format=%(refname)%00%(upstream:short)%00%(objectname)%00%(upstream:track)%00%(upstream:remotename)%00%(upstream:remoteref) refs/heads/main refs/remotes/main [5ms]
2023-12-10 18:47:26.587 [info] > git status -z -uall [5ms]
2023-12-10 18:47:31.631 [info] > git config --get commit.template [17ms]
2023-12-10 18:47:31.633 [info] > git for-each-ref --format=%(refname)%00%(upstream:short)%00%(objectname)%00%(upstream:track)%00%(upstream:remotename)%00%(upstream:remoteref) refs/heads/main refs/remotes/main [4ms]
2023-12-10 18:47:31.652 [info] > git status -z -uall [6ms]
2023-12-10 18:47:32.638 [info] > git log --oneline --cherry main...main@{upstream} -- [3ms]
2023-12-10 18:47:37.613 [info] > git pull --tags -r origin main [4968ms]
2023-12-10 18:47:37.613 [info] From https://github.com/RoccoRakete/hyprland-dots
 * branch            main       -> FETCH_HEAD
   03f3a76..ed4f4b0  main       -> origin/main
2023-12-10 18:47:37.625 [info] > git config --get commit.template [6ms]
2023-12-10 18:47:37.626 [info] > git for-each-ref --format=%(refname)%00%(upstream:short)%00%(objectname)%00%(upstream:track)%00%(upstream:remotename)%00%(upstream:remoteref) refs/heads/main refs/remotes/main [1ms]
2023-12-10 18:47:37.640 [info] > git status -z -uall [9ms]
2023-12-10 18:47:38.517 [info] > git check-ignore -v -z --stdin [6ms]
2023-12-10 18:47:38.903 [info] > git config --get commit.template [12ms]
2023-12-10 18:47:38.904 [info] > git for-each-ref --format=%(refname)%00%(upstream:short)%00%(objectname)%00%(upstream:track)%00%(upstream:remotename)%00%(upstream:remoteref) refs/heads/main refs/remotes/main [2ms]
2023-12-10 18:47:38.927 [info] > git status -z -uall [14ms]
2023-12-10 18:47:43.984 [info] > git config --get commit.template [14ms]
2023-12-10 18:47:43.985 [info] > git for-each-ref --format=%(refname)%00%(upstream:short)%00%(objectname)%00%(upstream:track)%00%(upstream:remotename)%00%(upstream:remoteref) refs/heads/main refs/remotes/main [2ms]
2023-12-10 18:47:44.000 [info] > git status -z -uall [8ms]
2023-12-10 18:47:46.679 [info] > git check-ignore -v -z --stdin [5ms]
2023-12-10 18:47:49.068 [info] > git config --get commit.template [26ms]
2023-12-10 18:47:49.071 [info] > git for-each-ref --format=%(refname)%00%(upstream:short)%00%(objectname)%00%(upstream:track)%00%(upstream:remotename)%00%(upstream:remoteref) refs/heads/main refs/remotes/main [5ms]
2023-12-10 18:47:49.099 [info] > git status -z -uall [12ms]
2023-12-10 18:47:54.142 [info] > git config --get commit.template [7ms]
2023-12-10 18:47:54.143 [info] > git for-each-ref --format=%(refname)%00%(upstream:short)%00%(objectname)%00%(upstream:track)%00%(upstream:remotename)%00%(upstream:remoteref) refs/heads/main refs/remotes/main [2ms]
2023-12-10 18:47:54.158 [info] > git status -z -uall [8ms]
2023-12-10 18:47:55.717 [info] > git log --oneline --cherry main...main@{upstream} -- [4ms]
2023-12-10 18:47:56.094 [info] > git pull --tags -r origin main [368ms]
2023-12-10 18:47:56.094 [info] From https://github.com/RoccoRakete/hyprland-dots
 * branch            main       -> FETCH_HEAD
2023-12-10 18:47:56.136 [info] > git config --get commit.template [17ms]
2023-12-10 18:47:56.137 [info] > git for-each-ref --format=%(refname)%00%(upstream:short)%00%(objectname)%00%(upstream:track)%00%(upstream:remotename)%00%(upstream:remoteref) refs/heads/main refs/remotes/main [2ms]
2023-12-10 18:47:56.157 [info] > git status -z -uall [10ms]
2023-12-10 18:47:59.235 [info] > git for-each-ref --format=%(refname)%00%(upstream:short)%00%(objectname)%00%(upstream:track)%00%(upstream:remotename)%00%(upstream:remoteref) refs/heads/main refs/remotes/main [6ms]
2023-12-10 18:47:59.236 [info] > git config --get commit.template [32ms]
2023-12-10 18:47:59.259 [info] > git status -z -uall [11ms]
