2023-12-10 18:18:03.686 [info] Added views:workbench.panel.markers.view in workbench.panel.markers
2023-12-10 18:18:03.687 [info] Added views:workbench.panel.output in workbench.panel.output
2023-12-10 18:18:03.687 [info] Added views:terminal in terminal
2023-12-10 18:18:03.687 [info] Added views:outline in workbench.view.explorer
2023-12-10 18:18:03.687 [info] Added views:workbench.scm in workbench.view.scm
2023-12-10 18:18:03.687 [info] Added views:workbench.view.search in workbench.view.search
2023-12-10 18:18:03.687 [info] Added views:timeline in workbench.view.explorer
2023-12-10 18:18:03.687 [info] Added views:workbench.explorer.emptyView in workbench.view.explorer
2023-12-10 18:18:03.894 [info] Added views:workbench.debug.welcome in workbench.view.debug
2023-12-10 18:18:04.390 [info] Added views:~remote.forwardedPorts in ~remote.forwardedPortsContainer
2023-12-10 18:18:04.512 [info] Added views:workbench.panel.repl.view in workbench.panel.repl
2023-12-10 18:18:13.906 [info] Added views:workbench.panel.markers.view in workbench.panel.markers
2023-12-10 18:18:13.906 [info] Added views:workbench.panel.output in workbench.panel.output
2023-12-10 18:18:13.906 [info] Added views:terminal in terminal
2023-12-10 18:18:13.906 [info] Added views:outline in workbench.view.explorer
2023-12-10 18:18:13.906 [info] Added views:workbench.scm in workbench.view.scm
2023-12-10 18:18:13.906 [info] Added views:workbench.view.search in workbench.view.search
2023-12-10 18:18:13.906 [info] Added views:timeline in workbench.view.explorer
2023-12-10 18:18:13.906 [info] Added views:workbench.explorer.fileView in workbench.view.explorer
2023-12-10 18:18:14.078 [info] Added views:workbench.debug.welcome in workbench.view.debug
2023-12-10 18:18:14.602 [info] Added views:workbench.panel.repl.view in workbench.panel.repl
2023-12-10 18:18:15.384 [info] Added views:~remote.forwardedPorts in ~remote.forwardedPortsContainer
2023-12-10 18:19:48.016 [info] Added views:workbench.views.extensions.installed,workbench.views.extensions.popular,extensions.recommendedList in workbench.view.extensions
2023-12-10 18:19:48.018 [info] Removed views:workbench.views.extensions.popular from workbench.view.extensions
