2023-12-10 10:46:59.739 [info] Log level: Info
2023-12-10 10:46:59.739 [info] Validating found git in: "git"
2023-12-10 10:46:59.739 [info] Using git "2.42.0" from "git"
2023-12-10 10:46:59.739 [info] > git rev-parse --show-toplevel [3ms]
2023-12-10 10:46:59.739 [info] > git rev-parse --git-dir --git-common-dir [2ms]
2023-12-10 10:46:59.739 [info] Open repository: /home/martin/.dots
2023-12-10 10:46:59.739 [info] > git rev-parse --show-toplevel [1ms]
2023-12-10 10:46:59.739 [info] > git config --get commit.template [8ms]
2023-12-10 10:46:59.739 [info] > git rev-parse --show-toplevel [7ms]
2023-12-10 10:46:59.739 [info] > git for-each-ref --format=%(refname)%00%(upstream:short)%00%(objectname)%00%(upstream:track)%00%(upstream:remotename)%00%(upstream:remoteref) refs/heads/main refs/remotes/main [6ms]
2023-12-10 10:46:59.739 [info] > git rev-parse --show-toplevel [8ms]
2023-12-10 10:46:59.739 [info] > git rev-parse --show-toplevel [1ms]
2023-12-10 10:46:59.739 [info] > git status -z -uall [14ms]
2023-12-10 10:46:59.739 [info] > git rev-parse --show-toplevel [9ms]
2023-12-10 10:46:59.739 [info] > git rev-parse --show-toplevel [2ms]
2023-12-10 10:46:59.739 [info] > git rev-parse --show-toplevel [2ms]
2023-12-10 10:46:59.739 [info] > git rev-parse --show-toplevel [2ms]
2023-12-10 10:46:59.739 [info] > git rev-parse --show-toplevel [2ms]
2023-12-10 10:46:59.739 [info] > git config --get commit.template [4ms]
2023-12-10 10:46:59.739 [info] > git for-each-ref --format=%(refname)%00%(upstream:short)%00%(objectname)%00%(upstream:track)%00%(upstream:remotename)%00%(upstream:remoteref) refs/heads/main refs/remotes/main [2ms]
2023-12-10 10:46:59.742 [info] > git status -z -uall [5ms]
2023-12-10 10:47:00.336 [info] > git check-ignore -v -z --stdin [3ms]
2023-12-10 10:47:00.368 [info] > git show --textconv :hypr/KeyBinds.conf [10ms]
2023-12-10 10:47:00.382 [info] > git ls-files --stage -- /home/martin/.dots/hypr/KeyBinds.conf [15ms]
2023-12-10 10:47:00.392 [info] > git cat-file -s 870064a0bfe947a7ccf3eee2b7cfc3d12b80ecca [2ms]
2023-12-10 10:47:04.752 [info] > git log --oneline --cherry main...main@{upstream} -- [11ms]
2023-12-10 10:47:05.345 [info] > git pull --tags -r origin main [585ms]
2023-12-10 10:47:05.345 [info] From https://github.com/RoccoRakete/hyprland-dots
 * branch            main       -> FETCH_HEAD
   965f9df..ddd61cb  main       -> origin/main
2023-12-10 10:47:05.361 [info] > git config --get commit.template [7ms]
2023-12-10 10:47:05.362 [info] > git for-each-ref --format=%(refname)%00%(upstream:short)%00%(objectname)%00%(upstream:track)%00%(upstream:remotename)%00%(upstream:remoteref) refs/heads/main refs/remotes/main [1ms]
2023-12-10 10:47:05.372 [info] > git status -z -uall [4ms]
2023-12-10 10:47:06.425 [info] > git config --get commit.template [8ms]
2023-12-10 10:47:06.426 [info] > git for-each-ref --format=%(refname)%00%(upstream:short)%00%(objectname)%00%(upstream:track)%00%(upstream:remotename)%00%(upstream:remoteref) refs/heads/main refs/remotes/main [2ms]
2023-12-10 10:47:06.436 [info] > git status -z -uall [4ms]
2023-12-10 10:47:06.521 [info] > git ls-files --stage -- /home/martin/.dots/hypr/KeyBinds.conf [1ms]
2023-12-10 10:47:06.529 [info] > git cat-file -s ff11a983441e7edda9daec5231367d203c2df8a3 [1ms]
2023-12-10 10:47:06.540 [info] > git show --textconv :hypr/KeyBinds.conf [2ms]
2023-12-10 10:47:11.455 [info] > git config --get commit.template [8ms]
2023-12-10 10:47:11.456 [info] > git for-each-ref --format=%(refname)%00%(upstream:short)%00%(objectname)%00%(upstream:track)%00%(upstream:remotename)%00%(upstream:remoteref) refs/heads/main refs/remotes/main [2ms]
2023-12-10 10:47:11.465 [info] > git status -z -uall [4ms]
2023-12-10 10:47:47.179 [info] > git check-ignore -v -z --stdin [2ms]
2023-12-10 10:49:49.067 [info] > git config --get commit.template [8ms]
2023-12-10 10:49:49.068 [info] > git for-each-ref --format=%(refname)%00%(upstream:short)%00%(objectname)%00%(upstream:track)%00%(upstream:remotename)%00%(upstream:remoteref) refs/heads/main refs/remotes/main [3ms]
2023-12-10 10:49:49.078 [info] > git status -z -uall [4ms]
2023-12-10 10:49:53.989 [info] > git check-ignore -v -z --stdin [1ms]
2023-12-10 10:49:54.093 [info] > git config --get commit.template [6ms]
2023-12-10 10:49:54.094 [info] > git for-each-ref --format=%(refname)%00%(upstream:short)%00%(objectname)%00%(upstream:track)%00%(upstream:remotename)%00%(upstream:remoteref) refs/heads/main refs/remotes/main [2ms]
2023-12-10 10:49:54.103 [info] > git status -z -uall [3ms]
2023-12-10 10:49:54.668 [info] > git check-ignore -v -z --stdin [1ms]
2023-12-10 10:49:58.085 [info] > git check-ignore -v -z --stdin [2ms]
2023-12-10 10:50:17.766 [info] > git show --textconv :nixos/workstations/desktop/ags/js/quicksettings/widgets/Network.js [13ms]
2023-12-10 10:50:17.766 [info] > git ls-files --stage -- /home/martin/.dots/nixos/workstations/desktop/ags/js/quicksettings/widgets/Network.js [1ms]
2023-12-10 10:50:17.780 [info] > git cat-file -s cf32d0e144213b144661c293abe5f7dbe88c6cf6 [5ms]
