2023-12-07 15:55:57.395 [info] Extension host with pid 4838 started
2023-12-07 15:55:57.395 [info] Skipping acquiring lock for /home/martin/.config/Code/User/workspaceStorage/1511603eb765f43b407fc2d65447fdef.
2023-12-07 15:55:57.885 [info] ExtensionService#_doActivateExtension vscode.emmet, startup: false, activationEvent: 'onLanguage'
2023-12-07 15:55:57.898 [info] ExtensionService#_doActivateExtension arrterian.nix-env-selector, startup: false, activationEvent: 'onLanguage'
2023-12-07 15:55:57.944 [info] ExtensionService#_doActivateExtension mkhl.direnv, startup: false, activationEvent: 'onLanguage'
2023-12-07 15:55:57.951 [info] ExtensionService#_doActivateExtension jnoortheen.nix-ide, startup: false, activationEvent: 'onLanguage:nix'
2023-12-07 15:55:58.163 [info] ExtensionService#_doActivateExtension vscode.git-base, startup: true, activationEvent: '*', root cause: vscode.git
2023-12-07 15:55:58.199 [info] ExtensionService#_doActivateExtension vscode.git, startup: true, activationEvent: '*'
2023-12-07 15:55:58.249 [info] ExtensionService#_doActivateExtension vscode.github, startup: true, activationEvent: '*'
2023-12-07 15:55:58.290 [info] Extension host terminating: renderer closed the MessagePort
2023-12-07 15:55:58.330 [error] Canceled: Canceled
	at new f (/nix/store/h44yybwk50qmdfnf09rwkmapr7x0pjda-vscode-1.84.2/lib/vscode/resources/app/out/vs/workbench/api/node/extensionHostProcess.js:125:108614)
	at n.U (/nix/store/h44yybwk50qmdfnf09rwkmapr7x0pjda-vscode-1.84.2/lib/vscode/resources/app/out/vs/workbench/api/node/extensionHostProcess.js:134:10873)
	at F.<computed>.z.charCodeAt.F.<computed> (/nix/store/h44yybwk50qmdfnf09rwkmapr7x0pjda-vscode-1.84.2/lib/vscode/resources/app/out/vs/workbench/api/node/extensionHostProcess.js:134:8315)
	at i.g (/nix/store/h44yybwk50qmdfnf09rwkmapr7x0pjda-vscode-1.84.2/lib/vscode/resources/app/out/vs/workbench/api/node/extensionHostProcess.js:125:139130)
	at i.executeCommand (/nix/store/h44yybwk50qmdfnf09rwkmapr7x0pjda-vscode-1.84.2/lib/vscode/resources/app/out/vs/workbench/api/node/extensionHostProcess.js:125:138568)
	at $.registerCommand.description (/nix/store/h44yybwk50qmdfnf09rwkmapr7x0pjda-vscode-1.84.2/lib/vscode/resources/app/out/vs/workbench/api/node/extensionHostProcess.js:125:137892)
	at i.h (/nix/store/h44yybwk50qmdfnf09rwkmapr7x0pjda-vscode-1.84.2/lib/vscode/resources/app/out/vs/workbench/api/node/extensionHostProcess.js:125:139669)
	at i.g (/nix/store/h44yybwk50qmdfnf09rwkmapr7x0pjda-vscode-1.84.2/lib/vscode/resources/app/out/vs/workbench/api/node/extensionHostProcess.js:125:138661)
	at i.executeCommand (/nix/store/h44yybwk50qmdfnf09rwkmapr7x0pjda-vscode-1.84.2/lib/vscode/resources/app/out/vs/workbench/api/node/extensionHostProcess.js:125:138568)
	at Object.executeCommand (/nix/store/h44yybwk50qmdfnf09rwkmapr7x0pjda-vscode-1.84.2/lib/vscode/resources/app/out/vs/workbench/api/node/extensionHostProcess.js:140:21329)
	at h.g (/nix/store/h44yybwk50qmdfnf09rwkmapr7x0pjda-vscode-1.84.2/lib/vscode/resources/app/extensions/git/dist/main.js:2:1321754)
	at new h (/nix/store/h44yybwk50qmdfnf09rwkmapr7x0pjda-vscode-1.84.2/lib/vscode/resources/app/extensions/git/dist/main.js:2:1321529)
	at new g (/nix/store/h44yybwk50qmdfnf09rwkmapr7x0pjda-vscode-1.84.2/lib/vscode/resources/app/extensions/git/dist/main.js:2:1324200)
	at S (/nix/store/h44yybwk50qmdfnf09rwkmapr7x0pjda-vscode-1.84.2/lib/vscode/resources/app/extensions/git/dist/main.js:2:1316843)
	at async A (/nix/store/h44yybwk50qmdfnf09rwkmapr7x0pjda-vscode-1.84.2/lib/vscode/resources/app/extensions/git/dist/main.js:2:1319514)
	at async t.activate (/nix/store/h44yybwk50qmdfnf09rwkmapr7x0pjda-vscode-1.84.2/lib/vscode/resources/app/extensions/git/dist/main.js:2:1320518)
	at async v.n (/nix/store/h44yybwk50qmdfnf09rwkmapr7x0pjda-vscode-1.84.2/lib/vscode/resources/app/out/vs/workbench/api/node/extensionHostProcess.js:124:6205)
	at async v.m (/nix/store/h44yybwk50qmdfnf09rwkmapr7x0pjda-vscode-1.84.2/lib/vscode/resources/app/out/vs/workbench/api/node/extensionHostProcess.js:124:6168)
	at async v.l (/nix/store/h44yybwk50qmdfnf09rwkmapr7x0pjda-vscode-1.84.2/lib/vscode/resources/app/out/vs/workbench/api/node/extensionHostProcess.js:124:5625) setContext undefined
2023-12-07 15:55:58.330 [error] Canceled: Canceled
	at new f (/nix/store/h44yybwk50qmdfnf09rwkmapr7x0pjda-vscode-1.84.2/lib/vscode/resources/app/out/vs/workbench/api/node/extensionHostProcess.js:125:108614)
	at n.U (/nix/store/h44yybwk50qmdfnf09rwkmapr7x0pjda-vscode-1.84.2/lib/vscode/resources/app/out/vs/workbench/api/node/extensionHostProcess.js:134:10873)
	at F.<computed>.z.charCodeAt.F.<computed> (/nix/store/h44yybwk50qmdfnf09rwkmapr7x0pjda-vscode-1.84.2/lib/vscode/resources/app/out/vs/workbench/api/node/extensionHostProcess.js:134:8315)
	at i.g (/nix/store/h44yybwk50qmdfnf09rwkmapr7x0pjda-vscode-1.84.2/lib/vscode/resources/app/out/vs/workbench/api/node/extensionHostProcess.js:125:139130)
	at i.executeCommand (/nix/store/h44yybwk50qmdfnf09rwkmapr7x0pjda-vscode-1.84.2/lib/vscode/resources/app/out/vs/workbench/api/node/extensionHostProcess.js:125:138568)
	at $.registerCommand.description (/nix/store/h44yybwk50qmdfnf09rwkmapr7x0pjda-vscode-1.84.2/lib/vscode/resources/app/out/vs/workbench/api/node/extensionHostProcess.js:125:137892)
	at i.h (/nix/store/h44yybwk50qmdfnf09rwkmapr7x0pjda-vscode-1.84.2/lib/vscode/resources/app/out/vs/workbench/api/node/extensionHostProcess.js:125:139669)
	at i.g (/nix/store/h44yybwk50qmdfnf09rwkmapr7x0pjda-vscode-1.84.2/lib/vscode/resources/app/out/vs/workbench/api/node/extensionHostProcess.js:125:138661)
	at i.executeCommand (/nix/store/h44yybwk50qmdfnf09rwkmapr7x0pjda-vscode-1.84.2/lib/vscode/resources/app/out/vs/workbench/api/node/extensionHostProcess.js:125:138568)
	at Object.executeCommand (/nix/store/h44yybwk50qmdfnf09rwkmapr7x0pjda-vscode-1.84.2/lib/vscode/resources/app/out/vs/workbench/api/node/extensionHostProcess.js:140:21329)
	at m.g (/nix/store/h44yybwk50qmdfnf09rwkmapr7x0pjda-vscode-1.84.2/lib/vscode/resources/app/extensions/git/dist/main.js:2:1322170)
	at new m (/nix/store/h44yybwk50qmdfnf09rwkmapr7x0pjda-vscode-1.84.2/lib/vscode/resources/app/extensions/git/dist/main.js:2:1321922)
	at new g (/nix/store/h44yybwk50qmdfnf09rwkmapr7x0pjda-vscode-1.84.2/lib/vscode/resources/app/extensions/git/dist/main.js:2:1324216)
	at S (/nix/store/h44yybwk50qmdfnf09rwkmapr7x0pjda-vscode-1.84.2/lib/vscode/resources/app/extensions/git/dist/main.js:2:1316843)
	at async A (/nix/store/h44yybwk50qmdfnf09rwkmapr7x0pjda-vscode-1.84.2/lib/vscode/resources/app/extensions/git/dist/main.js:2:1319514)
	at async t.activate (/nix/store/h44yybwk50qmdfnf09rwkmapr7x0pjda-vscode-1.84.2/lib/vscode/resources/app/extensions/git/dist/main.js:2:1320518)
	at async v.n (/nix/store/h44yybwk50qmdfnf09rwkmapr7x0pjda-vscode-1.84.2/lib/vscode/resources/app/out/vs/workbench/api/node/extensionHostProcess.js:124:6205)
	at async v.m (/nix/store/h44yybwk50qmdfnf09rwkmapr7x0pjda-vscode-1.84.2/lib/vscode/resources/app/out/vs/workbench/api/node/extensionHostProcess.js:124:6168)
	at async v.l (/nix/store/h44yybwk50qmdfnf09rwkmapr7x0pjda-vscode-1.84.2/lib/vscode/resources/app/out/vs/workbench/api/node/extensionHostProcess.js:124:5625) setContext undefined
2023-12-07 15:55:58.331 [error] Canceled: Canceled
	at new f (/nix/store/h44yybwk50qmdfnf09rwkmapr7x0pjda-vscode-1.84.2/lib/vscode/resources/app/out/vs/workbench/api/node/extensionHostProcess.js:125:108614)
	at n.U (/nix/store/h44yybwk50qmdfnf09rwkmapr7x0pjda-vscode-1.84.2/lib/vscode/resources/app/out/vs/workbench/api/node/extensionHostProcess.js:134:10873)
	at F.<computed>.z.charCodeAt.F.<computed> (/nix/store/h44yybwk50qmdfnf09rwkmapr7x0pjda-vscode-1.84.2/lib/vscode/resources/app/out/vs/workbench/api/node/extensionHostProcess.js:134:8315)
	at i.g (/nix/store/h44yybwk50qmdfnf09rwkmapr7x0pjda-vscode-1.84.2/lib/vscode/resources/app/out/vs/workbench/api/node/extensionHostProcess.js:125:139130)
	at i.executeCommand (/nix/store/h44yybwk50qmdfnf09rwkmapr7x0pjda-vscode-1.84.2/lib/vscode/resources/app/out/vs/workbench/api/node/extensionHostProcess.js:125:138568)
	at $.registerCommand.description (/nix/store/h44yybwk50qmdfnf09rwkmapr7x0pjda-vscode-1.84.2/lib/vscode/resources/app/out/vs/workbench/api/node/extensionHostProcess.js:125:137892)
	at i.h (/nix/store/h44yybwk50qmdfnf09rwkmapr7x0pjda-vscode-1.84.2/lib/vscode/resources/app/out/vs/workbench/api/node/extensionHostProcess.js:125:139669)
	at i.g (/nix/store/h44yybwk50qmdfnf09rwkmapr7x0pjda-vscode-1.84.2/lib/vscode/resources/app/out/vs/workbench/api/node/extensionHostProcess.js:125:138661)
	at i.executeCommand (/nix/store/h44yybwk50qmdfnf09rwkmapr7x0pjda-vscode-1.84.2/lib/vscode/resources/app/out/vs/workbench/api/node/extensionHostProcess.js:125:138568)
	at Object.executeCommand (/nix/store/h44yybwk50qmdfnf09rwkmapr7x0pjda-vscode-1.84.2/lib/vscode/resources/app/out/vs/workbench/api/node/extensionHostProcess.js:140:21329)
	at f.d (/nix/store/h44yybwk50qmdfnf09rwkmapr7x0pjda-vscode-1.84.2/lib/vscode/resources/app/extensions/git/dist/main.js:2:1322535)
	at new f (/nix/store/h44yybwk50qmdfnf09rwkmapr7x0pjda-vscode-1.84.2/lib/vscode/resources/app/extensions/git/dist/main.js:2:1322326)
	at new g (/nix/store/h44yybwk50qmdfnf09rwkmapr7x0pjda-vscode-1.84.2/lib/vscode/resources/app/extensions/git/dist/main.js:2:1324232)
	at S (/nix/store/h44yybwk50qmdfnf09rwkmapr7x0pjda-vscode-1.84.2/lib/vscode/resources/app/extensions/git/dist/main.js:2:1316843)
	at async A (/nix/store/h44yybwk50qmdfnf09rwkmapr7x0pjda-vscode-1.84.2/lib/vscode/resources/app/extensions/git/dist/main.js:2:1319514)
	at async t.activate (/nix/store/h44yybwk50qmdfnf09rwkmapr7x0pjda-vscode-1.84.2/lib/vscode/resources/app/extensions/git/dist/main.js:2:1320518)
	at async v.n (/nix/store/h44yybwk50qmdfnf09rwkmapr7x0pjda-vscode-1.84.2/lib/vscode/resources/app/out/vs/workbench/api/node/extensionHostProcess.js:124:6205)
	at async v.m (/nix/store/h44yybwk50qmdfnf09rwkmapr7x0pjda-vscode-1.84.2/lib/vscode/resources/app/out/vs/workbench/api/node/extensionHostProcess.js:124:6168)
	at async v.l (/nix/store/h44yybwk50qmdfnf09rwkmapr7x0pjda-vscode-1.84.2/lib/vscode/resources/app/out/vs/workbench/api/node/extensionHostProcess.js:124:5625) setContext undefined
2023-12-07 15:55:58.331 [error] Canceled: Canceled
	at new f (/nix/store/h44yybwk50qmdfnf09rwkmapr7x0pjda-vscode-1.84.2/lib/vscode/resources/app/out/vs/workbench/api/node/extensionHostProcess.js:125:108614)
	at n.U (/nix/store/h44yybwk50qmdfnf09rwkmapr7x0pjda-vscode-1.84.2/lib/vscode/resources/app/out/vs/workbench/api/node/extensionHostProcess.js:134:10873)
	at F.<computed>.z.charCodeAt.F.<computed> (/nix/store/h44yybwk50qmdfnf09rwkmapr7x0pjda-vscode-1.84.2/lib/vscode/resources/app/out/vs/workbench/api/node/extensionHostProcess.js:134:8315)
	at i.g (/nix/store/h44yybwk50qmdfnf09rwkmapr7x0pjda-vscode-1.84.2/lib/vscode/resources/app/out/vs/workbench/api/node/extensionHostProcess.js:125:139130)
	at i.executeCommand (/nix/store/h44yybwk50qmdfnf09rwkmapr7x0pjda-vscode-1.84.2/lib/vscode/resources/app/out/vs/workbench/api/node/extensionHostProcess.js:125:138568)
	at $.registerCommand.description (/nix/store/h44yybwk50qmdfnf09rwkmapr7x0pjda-vscode-1.84.2/lib/vscode/resources/app/out/vs/workbench/api/node/extensionHostProcess.js:125:137892)
	at i.h (/nix/store/h44yybwk50qmdfnf09rwkmapr7x0pjda-vscode-1.84.2/lib/vscode/resources/app/out/vs/workbench/api/node/extensionHostProcess.js:125:139669)
	at i.g (/nix/store/h44yybwk50qmdfnf09rwkmapr7x0pjda-vscode-1.84.2/lib/vscode/resources/app/out/vs/workbench/api/node/extensionHostProcess.js:125:138661)
	at i.executeCommand (/nix/store/h44yybwk50qmdfnf09rwkmapr7x0pjda-vscode-1.84.2/lib/vscode/resources/app/out/vs/workbench/api/node/extensionHostProcess.js:125:138568)
	at Object.executeCommand (/nix/store/h44yybwk50qmdfnf09rwkmapr7x0pjda-vscode-1.84.2/lib/vscode/resources/app/out/vs/workbench/api/node/extensionHostProcess.js:140:21329)
	at g.setState (/nix/store/h44yybwk50qmdfnf09rwkmapr7x0pjda-vscode-1.84.2/lib/vscode/resources/app/extensions/git/dist/main.js:2:1322812)
	at new g (/nix/store/h44yybwk50qmdfnf09rwkmapr7x0pjda-vscode-1.84.2/lib/vscode/resources/app/extensions/git/dist/main.js:2:1324646)
	at S (/nix/store/h44yybwk50qmdfnf09rwkmapr7x0pjda-vscode-1.84.2/lib/vscode/resources/app/extensions/git/dist/main.js:2:1316843)
	at async A (/nix/store/h44yybwk50qmdfnf09rwkmapr7x0pjda-vscode-1.84.2/lib/vscode/resources/app/extensions/git/dist/main.js:2:1319514)
	at async t.activate (/nix/store/h44yybwk50qmdfnf09rwkmapr7x0pjda-vscode-1.84.2/lib/vscode/resources/app/extensions/git/dist/main.js:2:1320518)
	at async v.n (/nix/store/h44yybwk50qmdfnf09rwkmapr7x0pjda-vscode-1.84.2/lib/vscode/resources/app/out/vs/workbench/api/node/extensionHostProcess.js:124:6205)
	at async v.m (/nix/store/h44yybwk50qmdfnf09rwkmapr7x0pjda-vscode-1.84.2/lib/vscode/resources/app/out/vs/workbench/api/node/extensionHostProcess.js:124:6168)
	at async v.l (/nix/store/h44yybwk50qmdfnf09rwkmapr7x0pjda-vscode-1.84.2/lib/vscode/resources/app/out/vs/workbench/api/node/extensionHostProcess.js:124:5625) setContext undefined
2023-12-07 15:55:58.332 [error] Canceled: Canceled
	at new f (/nix/store/h44yybwk50qmdfnf09rwkmapr7x0pjda-vscode-1.84.2/lib/vscode/resources/app/out/vs/workbench/api/node/extensionHostProcess.js:125:108614)
	at n.U (/nix/store/h44yybwk50qmdfnf09rwkmapr7x0pjda-vscode-1.84.2/lib/vscode/resources/app/out/vs/workbench/api/node/extensionHostProcess.js:134:10873)
	at F.<computed>.z.charCodeAt.F.<computed> (/nix/store/h44yybwk50qmdfnf09rwkmapr7x0pjda-vscode-1.84.2/lib/vscode/resources/app/out/vs/workbench/api/node/extensionHostProcess.js:134:8315)
	at i.g (/nix/store/h44yybwk50qmdfnf09rwkmapr7x0pjda-vscode-1.84.2/lib/vscode/resources/app/out/vs/workbench/api/node/extensionHostProcess.js:125:139130)
	at i.executeCommand (/nix/store/h44yybwk50qmdfnf09rwkmapr7x0pjda-vscode-1.84.2/lib/vscode/resources/app/out/vs/workbench/api/node/extensionHostProcess.js:125:138568)
	at $.registerCommand.description (/nix/store/h44yybwk50qmdfnf09rwkmapr7x0pjda-vscode-1.84.2/lib/vscode/resources/app/out/vs/workbench/api/node/extensionHostProcess.js:125:137892)
	at i.h (/nix/store/h44yybwk50qmdfnf09rwkmapr7x0pjda-vscode-1.84.2/lib/vscode/resources/app/out/vs/workbench/api/node/extensionHostProcess.js:125:139669)
	at i.g (/nix/store/h44yybwk50qmdfnf09rwkmapr7x0pjda-vscode-1.84.2/lib/vscode/resources/app/out/vs/workbench/api/node/extensionHostProcess.js:125:138661)
	at i.executeCommand (/nix/store/h44yybwk50qmdfnf09rwkmapr7x0pjda-vscode-1.84.2/lib/vscode/resources/app/out/vs/workbench/api/node/extensionHostProcess.js:125:138568)
	at Object.executeCommand (/nix/store/h44yybwk50qmdfnf09rwkmapr7x0pjda-vscode-1.84.2/lib/vscode/resources/app/out/vs/workbench/api/node/extensionHostProcess.js:140:21329)
	at D (/nix/store/h44yybwk50qmdfnf09rwkmapr7x0pjda-vscode-1.84.2/lib/vscode/resources/app/extensions/git/dist/main.js:2:1316925)
	at S (/nix/store/h44yybwk50qmdfnf09rwkmapr7x0pjda-vscode-1.84.2/lib/vscode/resources/app/extensions/git/dist/main.js:2:1317071)
	at async A (/nix/store/h44yybwk50qmdfnf09rwkmapr7x0pjda-vscode-1.84.2/lib/vscode/resources/app/extensions/git/dist/main.js:2:1319514)
	at async t.activate (/nix/store/h44yybwk50qmdfnf09rwkmapr7x0pjda-vscode-1.84.2/lib/vscode/resources/app/extensions/git/dist/main.js:2:1320518)
	at async v.n (/nix/store/h44yybwk50qmdfnf09rwkmapr7x0pjda-vscode-1.84.2/lib/vscode/resources/app/out/vs/workbench/api/node/extensionHostProcess.js:124:6205)
	at async v.m (/nix/store/h44yybwk50qmdfnf09rwkmapr7x0pjda-vscode-1.84.2/lib/vscode/resources/app/out/vs/workbench/api/node/extensionHostProcess.js:124:6168)
	at async v.l (/nix/store/h44yybwk50qmdfnf09rwkmapr7x0pjda-vscode-1.84.2/lib/vscode/resources/app/out/vs/workbench/api/node/extensionHostProcess.js:124:5625) setContext undefined
2023-12-07 15:55:58.332 [error] Canceled: Canceled
	at new f (/nix/store/h44yybwk50qmdfnf09rwkmapr7x0pjda-vscode-1.84.2/lib/vscode/resources/app/out/vs/workbench/api/node/extensionHostProcess.js:125:108614)
	at n.U (/nix/store/h44yybwk50qmdfnf09rwkmapr7x0pjda-vscode-1.84.2/lib/vscode/resources/app/out/vs/workbench/api/node/extensionHostProcess.js:134:10873)
	at F.<computed>.z.charCodeAt.F.<computed> (/nix/store/h44yybwk50qmdfnf09rwkmapr7x0pjda-vscode-1.84.2/lib/vscode/resources/app/out/vs/workbench/api/node/extensionHostProcess.js:134:8315)
	at i.g (/nix/store/h44yybwk50qmdfnf09rwkmapr7x0pjda-vscode-1.84.2/lib/vscode/resources/app/out/vs/workbench/api/node/extensionHostProcess.js:125:139130)
	at i.executeCommand (/nix/store/h44yybwk50qmdfnf09rwkmapr7x0pjda-vscode-1.84.2/lib/vscode/resources/app/out/vs/workbench/api/node/extensionHostProcess.js:125:138568)
	at $.registerCommand.description (/nix/store/h44yybwk50qmdfnf09rwkmapr7x0pjda-vscode-1.84.2/lib/vscode/resources/app/out/vs/workbench/api/node/extensionHostProcess.js:125:137892)
	at i.h (/nix/store/h44yybwk50qmdfnf09rwkmapr7x0pjda-vscode-1.84.2/lib/vscode/resources/app/out/vs/workbench/api/node/extensionHostProcess.js:125:139669)
	at i.g (/nix/store/h44yybwk50qmdfnf09rwkmapr7x0pjda-vscode-1.84.2/lib/vscode/resources/app/out/vs/workbench/api/node/extensionHostProcess.js:125:138661)
	at i.executeCommand (/nix/store/h44yybwk50qmdfnf09rwkmapr7x0pjda-vscode-1.84.2/lib/vscode/resources/app/out/vs/workbench/api/node/extensionHostProcess.js:125:138568)
	at Object.executeCommand (/nix/store/h44yybwk50qmdfnf09rwkmapr7x0pjda-vscode-1.84.2/lib/vscode/resources/app/out/vs/workbench/api/node/extensionHostProcess.js:140:21329)
	at S (/nix/store/h44yybwk50qmdfnf09rwkmapr7x0pjda-vscode-1.84.2/lib/vscode/resources/app/extensions/git/dist/main.js:2:1318564)
	at async A (/nix/store/h44yybwk50qmdfnf09rwkmapr7x0pjda-vscode-1.84.2/lib/vscode/resources/app/extensions/git/dist/main.js:2:1319514)
	at async t.activate (/nix/store/h44yybwk50qmdfnf09rwkmapr7x0pjda-vscode-1.84.2/lib/vscode/resources/app/extensions/git/dist/main.js:2:1320518)
	at async v.n (/nix/store/h44yybwk50qmdfnf09rwkmapr7x0pjda-vscode-1.84.2/lib/vscode/resources/app/out/vs/workbench/api/node/extensionHostProcess.js:124:6205)
	at async v.m (/nix/store/h44yybwk50qmdfnf09rwkmapr7x0pjda-vscode-1.84.2/lib/vscode/resources/app/out/vs/workbench/api/node/extensionHostProcess.js:124:6168)
	at async v.l (/nix/store/h44yybwk50qmdfnf09rwkmapr7x0pjda-vscode-1.84.2/lib/vscode/resources/app/out/vs/workbench/api/node/extensionHostProcess.js:124:5625) setContext undefined
2023-12-07 15:55:58.333 [info] Eager extensions activated
2023-12-07 15:55:58.334 [error] Activating extension vscode.debug-auto-launch failed due to an error:
2023-12-07 15:55:58.334 [error] Canceled: Canceled
	at new f (/nix/store/h44yybwk50qmdfnf09rwkmapr7x0pjda-vscode-1.84.2/lib/vscode/resources/app/out/vs/workbench/api/node/extensionHostProcess.js:125:108614)
	at n.U (/nix/store/h44yybwk50qmdfnf09rwkmapr7x0pjda-vscode-1.84.2/lib/vscode/resources/app/out/vs/workbench/api/node/extensionHostProcess.js:134:10873)
	at F.<computed>.z.charCodeAt.F.<computed> (/nix/store/h44yybwk50qmdfnf09rwkmapr7x0pjda-vscode-1.84.2/lib/vscode/resources/app/out/vs/workbench/api/node/extensionHostProcess.js:134:8315)
	at h.db (/nix/store/h44yybwk50qmdfnf09rwkmapr7x0pjda-vscode-1.84.2/lib/vscode/resources/app/out/vs/workbench/api/node/extensionHostProcess.js:136:10098)
	at Object.actualActivateExtension (/nix/store/h44yybwk50qmdfnf09rwkmapr7x0pjda-vscode-1.84.2/lib/vscode/resources/app/out/vs/workbench/api/node/extensionHostProcess.js:136:7315)
	at v.n (/nix/store/h44yybwk50qmdfnf09rwkmapr7x0pjda-vscode-1.84.2/lib/vscode/resources/app/out/vs/workbench/api/node/extensionHostProcess.js:124:6218)
	at v.m (/nix/store/h44yybwk50qmdfnf09rwkmapr7x0pjda-vscode-1.84.2/lib/vscode/resources/app/out/vs/workbench/api/node/extensionHostProcess.js:124:6179)
	at v.l (/nix/store/h44yybwk50qmdfnf09rwkmapr7x0pjda-vscode-1.84.2/lib/vscode/resources/app/out/vs/workbench/api/node/extensionHostProcess.js:124:5636)
	at new v (/nix/store/h44yybwk50qmdfnf09rwkmapr7x0pjda-vscode-1.84.2/lib/vscode/resources/app/out/vs/workbench/api/node/extensionHostProcess.js:124:5563)
	at k (/nix/store/h44yybwk50qmdfnf09rwkmapr7x0pjda-vscode-1.84.2/lib/vscode/resources/app/out/vs/workbench/api/node/extensionHostProcess.js:124:5116)
	at k.j (/nix/store/h44yybwk50qmdfnf09rwkmapr7x0pjda-vscode-1.84.2/lib/vscode/resources/app/out/vs/workbench/api/node/extensionHostProcess.js:124:5071)
	at /nix/store/h44yybwk50qmdfnf09rwkmapr7x0pjda-vscode-1.84.2/lib/vscode/resources/app/out/vs/workbench/api/node/extensionHostProcess.js:124:4038
	at Array.map (<anonymous>)
	at k.h (/nix/store/h44yybwk50qmdfnf09rwkmapr7x0pjda-vscode-1.84.2/lib/vscode/resources/app/out/vs/workbench/api/node/extensionHostProcess.js:124:4026)
	at k.activateById (/nix/store/h44yybwk50qmdfnf09rwkmapr7x0pjda-vscode-1.84.2/lib/vscode/resources/app/out/vs/workbench/api/node/extensionHostProcess.js:124:3938)
	at h.$ (/nix/store/h44yybwk50qmdfnf09rwkmapr7x0pjda-vscode-1.84.2/lib/vscode/resources/app/out/vs/workbench/api/node/extensionHostProcess.js:136:8586)
	at h.jb (/nix/store/h44yybwk50qmdfnf09rwkmapr7x0pjda-vscode-1.84.2/lib/vscode/resources/app/out/vs/workbench/api/node/extensionHostProcess.js:136:13373)
	at /nix/store/h44yybwk50qmdfnf09rwkmapr7x0pjda-vscode-1.84.2/lib/vscode/resources/app/out/vs/workbench/api/node/extensionHostProcess.js:136:14035
2023-12-07 15:55:58.335 [error] Activating extension vscode.merge-conflict failed due to an error:
2023-12-07 15:55:58.335 [error] Canceled: Canceled
	at new f (/nix/store/h44yybwk50qmdfnf09rwkmapr7x0pjda-vscode-1.84.2/lib/vscode/resources/app/out/vs/workbench/api/node/extensionHostProcess.js:125:108614)
	at n.U (/nix/store/h44yybwk50qmdfnf09rwkmapr7x0pjda-vscode-1.84.2/lib/vscode/resources/app/out/vs/workbench/api/node/extensionHostProcess.js:134:10873)
	at F.<computed>.z.charCodeAt.F.<computed> (/nix/store/h44yybwk50qmdfnf09rwkmapr7x0pjda-vscode-1.84.2/lib/vscode/resources/app/out/vs/workbench/api/node/extensionHostProcess.js:134:8315)
	at h.db (/nix/store/h44yybwk50qmdfnf09rwkmapr7x0pjda-vscode-1.84.2/lib/vscode/resources/app/out/vs/workbench/api/node/extensionHostProcess.js:136:10098)
	at Object.actualActivateExtension (/nix/store/h44yybwk50qmdfnf09rwkmapr7x0pjda-vscode-1.84.2/lib/vscode/resources/app/out/vs/workbench/api/node/extensionHostProcess.js:136:7315)
	at v.n (/nix/store/h44yybwk50qmdfnf09rwkmapr7x0pjda-vscode-1.84.2/lib/vscode/resources/app/out/vs/workbench/api/node/extensionHostProcess.js:124:6218)
	at v.m (/nix/store/h44yybwk50qmdfnf09rwkmapr7x0pjda-vscode-1.84.2/lib/vscode/resources/app/out/vs/workbench/api/node/extensionHostProcess.js:124:6179)
	at v.l (/nix/store/h44yybwk50qmdfnf09rwkmapr7x0pjda-vscode-1.84.2/lib/vscode/resources/app/out/vs/workbench/api/node/extensionHostProcess.js:124:5636)
	at new v (/nix/store/h44yybwk50qmdfnf09rwkmapr7x0pjda-vscode-1.84.2/lib/vscode/resources/app/out/vs/workbench/api/node/extensionHostProcess.js:124:5563)
	at k (/nix/store/h44yybwk50qmdfnf09rwkmapr7x0pjda-vscode-1.84.2/lib/vscode/resources/app/out/vs/workbench/api/node/extensionHostProcess.js:124:5116)
	at k.j (/nix/store/h44yybwk50qmdfnf09rwkmapr7x0pjda-vscode-1.84.2/lib/vscode/resources/app/out/vs/workbench/api/node/extensionHostProcess.js:124:5071)
	at /nix/store/h44yybwk50qmdfnf09rwkmapr7x0pjda-vscode-1.84.2/lib/vscode/resources/app/out/vs/workbench/api/node/extensionHostProcess.js:124:4038
	at Array.map (<anonymous>)
	at k.h (/nix/store/h44yybwk50qmdfnf09rwkmapr7x0pjda-vscode-1.84.2/lib/vscode/resources/app/out/vs/workbench/api/node/extensionHostProcess.js:124:4026)
	at k.activateById (/nix/store/h44yybwk50qmdfnf09rwkmapr7x0pjda-vscode-1.84.2/lib/vscode/resources/app/out/vs/workbench/api/node/extensionHostProcess.js:124:3938)
	at h.$ (/nix/store/h44yybwk50qmdfnf09rwkmapr7x0pjda-vscode-1.84.2/lib/vscode/resources/app/out/vs/workbench/api/node/extensionHostProcess.js:136:8586)
	at h.jb (/nix/store/h44yybwk50qmdfnf09rwkmapr7x0pjda-vscode-1.84.2/lib/vscode/resources/app/out/vs/workbench/api/node/extensionHostProcess.js:136:13373)
	at /nix/store/h44yybwk50qmdfnf09rwkmapr7x0pjda-vscode-1.84.2/lib/vscode/resources/app/out/vs/workbench/api/node/extensionHostProcess.js:136:14035
2023-12-07 15:55:58.336 [error] Activating extension PKief.material-icon-theme failed due to an error:
2023-12-07 15:55:58.336 [error] Canceled: Canceled
	at new f (/nix/store/h44yybwk50qmdfnf09rwkmapr7x0pjda-vscode-1.84.2/lib/vscode/resources/app/out/vs/workbench/api/node/extensionHostProcess.js:125:108614)
	at n.U (/nix/store/h44yybwk50qmdfnf09rwkmapr7x0pjda-vscode-1.84.2/lib/vscode/resources/app/out/vs/workbench/api/node/extensionHostProcess.js:134:10873)
	at F.<computed>.z.charCodeAt.F.<computed> (/nix/store/h44yybwk50qmdfnf09rwkmapr7x0pjda-vscode-1.84.2/lib/vscode/resources/app/out/vs/workbench/api/node/extensionHostProcess.js:134:8315)
	at h.db (/nix/store/h44yybwk50qmdfnf09rwkmapr7x0pjda-vscode-1.84.2/lib/vscode/resources/app/out/vs/workbench/api/node/extensionHostProcess.js:136:10098)
	at Object.actualActivateExtension (/nix/store/h44yybwk50qmdfnf09rwkmapr7x0pjda-vscode-1.84.2/lib/vscode/resources/app/out/vs/workbench/api/node/extensionHostProcess.js:136:7315)
	at v.n (/nix/store/h44yybwk50qmdfnf09rwkmapr7x0pjda-vscode-1.84.2/lib/vscode/resources/app/out/vs/workbench/api/node/extensionHostProcess.js:124:6218)
	at v.m (/nix/store/h44yybwk50qmdfnf09rwkmapr7x0pjda-vscode-1.84.2/lib/vscode/resources/app/out/vs/workbench/api/node/extensionHostProcess.js:124:6179)
	at v.l (/nix/store/h44yybwk50qmdfnf09rwkmapr7x0pjda-vscode-1.84.2/lib/vscode/resources/app/out/vs/workbench/api/node/extensionHostProcess.js:124:5636)
	at new v (/nix/store/h44yybwk50qmdfnf09rwkmapr7x0pjda-vscode-1.84.2/lib/vscode/resources/app/out/vs/workbench/api/node/extensionHostProcess.js:124:5563)
	at k (/nix/store/h44yybwk50qmdfnf09rwkmapr7x0pjda-vscode-1.84.2/lib/vscode/resources/app/out/vs/workbench/api/node/extensionHostProcess.js:124:5116)
	at k.j (/nix/store/h44yybwk50qmdfnf09rwkmapr7x0pjda-vscode-1.84.2/lib/vscode/resources/app/out/vs/workbench/api/node/extensionHostProcess.js:124:5071)
	at /nix/store/h44yybwk50qmdfnf09rwkmapr7x0pjda-vscode-1.84.2/lib/vscode/resources/app/out/vs/workbench/api/node/extensionHostProcess.js:124:4038
	at Array.map (<anonymous>)
	at k.h (/nix/store/h44yybwk50qmdfnf09rwkmapr7x0pjda-vscode-1.84.2/lib/vscode/resources/app/out/vs/workbench/api/node/extensionHostProcess.js:124:4026)
	at k.activateById (/nix/store/h44yybwk50qmdfnf09rwkmapr7x0pjda-vscode-1.84.2/lib/vscode/resources/app/out/vs/workbench/api/node/extensionHostProcess.js:124:3938)
	at h.$ (/nix/store/h44yybwk50qmdfnf09rwkmapr7x0pjda-vscode-1.84.2/lib/vscode/resources/app/out/vs/workbench/api/node/extensionHostProcess.js:136:8586)
	at h.jb (/nix/store/h44yybwk50qmdfnf09rwkmapr7x0pjda-vscode-1.84.2/lib/vscode/resources/app/out/vs/workbench/api/node/extensionHostProcess.js:136:13373)
	at /nix/store/h44yybwk50qmdfnf09rwkmapr7x0pjda-vscode-1.84.2/lib/vscode/resources/app/out/vs/workbench/api/node/extensionHostProcess.js:136:14035
2023-12-07 15:55:58.349 [info] Extension host with pid 4838 exiting with code 0
